🏟️ Mosaic-AI ARENA — Netz vs Netz (Rust) 🏟️
  v5(Stufe2) (Brett 0, 200 Sims, c_puct=1.5, Stufe 2/Netz-Value-Blatt) vs v2(Stufe2) (Brett 1, 200 Sims, c_puct=1.5, Stufe 2/Netz-Value-Blatt) — 100 Spiele  [SPRT p1=0.64, α=0.05, β=0.1]
--------------------------------------------------
  #  1/100:   0:2   -> v2(Stufe2)             | Züge 153 | LLR_A -0.33 | LLR_B +0.25 | ΔElo~-120 | Stand v5(Stufe2) 0:1 v2(Stufe2) | Elo 984/1016
  #  2/100:   0:0   -> v2(Stufe2)             | Züge 160 | LLR_A -0.66 | LLR_B +0.49 | ΔElo~-191 | Stand v5(Stufe2) 0:2 v2(Stufe2) | Elo 969/1031
  #  3/100:  51:27  -> v5(Stufe2)             | Züge 155 | LLR_A -0.41 | LLR_B +0.17 | ΔElo~-70 | Stand v5(Stufe2) 1:2 v2(Stufe2) | Elo 988/1012
  #  4/100:  14:8   -> v5(Stufe2)             | Züge 153 | LLR_A -0.16 | LLR_B -0.16 | ΔElo~-0 | Stand v5(Stufe2) 2:2 v2(Stufe2) | Elo 1005/995
  #  5/100:   0:0   -> v2(Stufe2)             | Züge 154 | LLR_A -0.49 | LLR_B +0.08 | ΔElo~-50 | Stand v5(Stufe2) 2:3 v2(Stufe2) | Elo 989/1011
  #  6/100:  49:13  -> v5(Stufe2)             | Züge 154 | LLR_A -0.24 | LLR_B -0.24 | ΔElo~-0 | Stand v5(Stufe2) 3:3 v2(Stufe2) | Elo 1006/994
  #  7/100:   0:18  -> v2(Stufe2)             | Züge 156 | LLR_A -0.57 | LLR_B +0.00 | ΔElo~-39 | Stand v5(Stufe2) 3:4 v2(Stufe2) | Elo 989/1011
  #  8/100:  17:7   -> v5(Stufe2)             | Züge 160 | LLR_A -0.33 | LLR_B -0.33 | ΔElo~-0 | Stand v5(Stufe2) 4:4 v2(Stufe2) | Elo 1006/994
  #  9/100:   0:33  -> v2(Stufe2)             | Züge 160 | LLR_A -0.66 | LLR_B -0.08 | ΔElo~-32 | Stand v5(Stufe2) 4:5 v2(Stufe2) | Elo 989/1011
  # 10/100:  38:11  -> v5(Stufe2)             | Züge 153 | LLR_A -0.41 | LLR_B -0.41 | ΔElo~-0 | Stand v5(Stufe2) 5:5 v2(Stufe2) | Elo 1006/994
  # 11/100:  23:19  -> v5(Stufe2)             | Züge 156 | LLR_A -0.16 | LLR_B -0.74 | ΔElo~+27 | Stand v5(Stufe2) 6:5 v2(Stufe2) | Elo 1021/979
  # 12/100:  10:14  -> v2(Stufe2)             | Züge 151 | LLR_A -0.49 | LLR_B -0.49 | ΔElo~-0 | Stand v5(Stufe2) 6:6 v2(Stufe2) | Elo 1003/997
  # 13/100:   0:1   -> v2(Stufe2)             | Züge 167 | LLR_A -0.82 | LLR_B -0.24 | ΔElo~-23 | Stand v5(Stufe2) 6:7 v2(Stufe2) | Elo 987/1013
  # 14/100:  18:10  -> v5(Stufe2)             | Züge 157 | LLR_A -0.57 | LLR_B -0.57 | ΔElo~-0 | Stand v5(Stufe2) 7:7 v2(Stufe2) | Elo 1004/996
  # 15/100:   0:14  -> v2(Stufe2)             | Züge 152 | LLR_A -0.90 | LLR_B -0.32 | ΔElo~-20 | Stand v5(Stufe2) 7:8 v2(Stufe2) | Elo 988/1012
  # 16/100:  16:20  -> v2(Stufe2)             | Züge 150 | LLR_A -1.23 | LLR_B -0.08 | ΔElo~-39 | Stand v5(Stufe2) 7:9 v2(Stufe2) | Elo 973/1027
  # 17/100:   0:13  -> v2(Stufe2)             | Züge 158 | LLR_A -1.56 | LLR_B +0.17 | ΔElo~-55 | Stand v5(Stufe2) 7:10 v2(Stufe2) | Elo 959/1041
  # 18/100:   8:0   -> v5(Stufe2)             | Züge 156 | LLR_A -1.31 | LLR_B -0.16 | ΔElo~-35 | Stand v5(Stufe2) 8:10 v2(Stufe2) | Elo 979/1021
  # 19/100:  31:13  -> v5(Stufe2)             | Züge 166 | LLR_A -1.06 | LLR_B -0.49 | ΔElo~-17 | Stand v5(Stufe2) 9:10 v2(Stufe2) | Elo 997/1003
  # 20/100:  26:36  -> v2(Stufe2)             | Züge 168 | LLR_A -1.39 | LLR_B -0.24 | ΔElo~-32 | Stand v5(Stufe2) 9:11 v2(Stufe2) | Elo 981/1019
  # 21/100:   6:0   -> v5(Stufe2)             | Züge 163 | LLR_A -1.14 | LLR_B -0.57 | ΔElo~-15 | Stand v5(Stufe2) 10:11 v2(Stufe2) | Elo 999/1001
  # 22/100:   0:22  -> v2(Stufe2)             | Züge 155 | LLR_A -1.47 | LLR_B -0.32 | ΔElo~-29 | Stand v5(Stufe2) 10:12 v2(Stufe2) | Elo 983/1017
  # 23/100:   0:10  -> v2(Stufe2)             | Züge 154 | LLR_A -1.80 | LLR_B -0.08 | ΔElo~-42 | Stand v5(Stufe2) 10:13 v2(Stufe2) | Elo 969/1031
  # 24/100:  16:6   -> v5(Stufe2)             | Züge 155 | LLR_A -1.56 | LLR_B -0.40 | ΔElo~-27 | Stand v5(Stufe2) 11:13 v2(Stufe2) | Elo 988/1012
  # 25/100:  15:5   -> v5(Stufe2)             | Züge 148 | LLR_A -1.31 | LLR_B -0.73 | ΔElo~-13 | Stand v5(Stufe2) 12:13 v2(Stufe2) | Elo 1005/995
  # 26/100:  21:3   -> v5(Stufe2)             | Züge 161 | LLR_A -1.06 | LLR_B -1.06 | ΔElo~-0 | Stand v5(Stufe2) 13:13 v2(Stufe2) | Elo 1021/979
  # 27/100:   0:0   -> v2(Stufe2)             | Züge 142 | LLR_A -1.39 | LLR_B -0.81 | ΔElo~-12 | Stand v5(Stufe2) 13:14 v2(Stufe2) | Elo 1003/997
  # 28/100:   8:22  -> v2(Stufe2)             | Züge 155 | LLR_A -1.72 | LLR_B -0.57 | ΔElo~-23 | Stand v5(Stufe2) 13:15 v2(Stufe2) | Elo 987/1013
  # 29/100:  15:3   -> v5(Stufe2)             | Züge 159 | LLR_A -1.47 | LLR_B -0.90 | ΔElo~-11 | Stand v5(Stufe2) 14:15 v2(Stufe2) | Elo 1004/996
  # 30/100:   0:0   -> v2(Stufe2)             | Züge 150 | LLR_A -1.80 | LLR_B -0.65 | ΔElo~-22 | Stand v5(Stufe2) 14:16 v2(Stufe2) | Elo 988/1012
  # 31/100:  49:0   -> v5(Stufe2)             | Züge 155 | LLR_A -1.55 | LLR_B -0.98 | ΔElo~-11 | Stand v5(Stufe2) 15:16 v2(Stufe2) | Elo 1005/995
  # 32/100:   8:5   -> v5(Stufe2)             | Züge 157 | LLR_A -1.31 | LLR_B -1.31 | ΔElo~-0 | Stand v5(Stufe2) 16:16 v2(Stufe2) | Elo 1021/979
  # 33/100:  43:39  -> v5(Stufe2)             | Züge 165 | LLR_A -1.06 | LLR_B -1.63 | ΔElo~+10 | Stand v5(Stufe2) 17:16 v2(Stufe2) | Elo 1035/965
  # 34/100:   0:0   -> v2(Stufe2)             | Züge 157 | LLR_A -1.39 | LLR_B -1.39 | ΔElo~-0 | Stand v5(Stufe2) 17:17 v2(Stufe2) | Elo 1016/984
  # 35/100:   1:26  -> v2(Stufe2)             | Züge 159 | LLR_A -1.72 | LLR_B -1.14 | ΔElo~-9 | Stand v5(Stufe2) 17:18 v2(Stufe2) | Elo 999/1001
  # 36/100:   3:0   -> v5(Stufe2)             | Züge 151 | LLR_A -1.47 | LLR_B -1.47 | ΔElo~-0 | Stand v5(Stufe2) 18:18 v2(Stufe2) | Elo 1015/985
  # 37/100:  27:33  -> v2(Stufe2)             | Züge 157 | LLR_A -1.80 | LLR_B -1.22 | ΔElo~-9 | Stand v5(Stufe2) 18:19 v2(Stufe2) | Elo 998/1002
  # 38/100:   0:4   -> v2(Stufe2)             | Züge 159 | LLR_A -2.13 | LLR_B -0.98 | ΔElo~-17 | Stand v5(Stufe2) 18:20 v2(Stufe2) | Elo 982/1018
  # 39/100:  26:36  -> v2(Stufe2)             | Züge 158 | LLR_A -2.46 | LLR_B -0.73 | ΔElo~-25 | Stand v5(Stufe2) 18:21 v2(Stufe2) | Elo 968/1032
  # 40/100:  22:6   -> v5(Stufe2)             | Züge 159 | LLR_A -2.46 | LLR_B -1.06 | ΔElo~-17 | Stand v5(Stufe2) 19:21 v2(Stufe2) | Elo 987/1013
  # 41/100:   0:0   -> v2(Stufe2)             | Züge 157 | LLR_A -2.46 | LLR_B -0.81 | ΔElo~-24 | Stand v5(Stufe2) 19:22 v2(Stufe2) | Elo 972/1028
  # 42/100:  21:23  -> v2(Stufe2)             | Züge 164 | LLR_A -2.46 | LLR_B -0.56 | ΔElo~-32 | Stand v5(Stufe2) 19:23 v2(Stufe2) | Elo 959/1041
  # 43/100:   0:22  -> v2(Stufe2)             | Züge 159 | LLR_A -2.46 | LLR_B -0.32 | ΔElo~-39 | Stand v5(Stufe2) 19:24 v2(Stufe2) | Elo 947/1053
  # 44/100:  20:34  -> v2(Stufe2)             | Züge 157 | LLR_A -2.46 | LLR_B -0.07 | ΔElo~-46 | Stand v5(Stufe2) 19:25 v2(Stufe2) | Elo 936/1064
  # 45/100:  28:19  -> v5(Stufe2)             | Züge 158 | LLR_A -2.46 | LLR_B -0.40 | ΔElo~-37 | Stand v5(Stufe2) 20:25 v2(Stufe2) | Elo 958/1042
  # 46/100:   0:1   -> v2(Stufe2)             | Züge 163 | LLR_A -2.46 | LLR_B -0.15 | ΔElo~-44 | Stand v5(Stufe2) 20:26 v2(Stufe2) | Elo 946/1054
  # 47/100:  20:20  -> v2(Stufe2)             | Züge 161 | LLR_A -2.46 | LLR_B +0.10 | ΔElo~-50 | Stand v5(Stufe2) 20:27 v2(Stufe2) | Elo 935/1065
  # 48/100:   3:15  -> v2(Stufe2)             | Züge 161 | LLR_A -2.46 | LLR_B +0.34 | ΔElo~-56 | Stand v5(Stufe2) 20:28 v2(Stufe2) | Elo 925/1075
  # 49/100:   0:0   -> v2(Stufe2)             | Züge 153 | LLR_A -2.46 | LLR_B +0.59 | ΔElo~-62 | Stand v5(Stufe2) 20:29 v2(Stufe2) | Elo 916/1084
  # 50/100:  33:16  -> v5(Stufe2)             | Züge 162 | LLR_A -2.46 | LLR_B +0.26 | ΔElo~-54 | Stand v5(Stufe2) 21:29 v2(Stufe2) | Elo 939/1061
  # 51/100:  18:36  -> v2(Stufe2)             | Züge 164 | LLR_A -2.46 | LLR_B +0.51 | ΔElo~-60 | Stand v5(Stufe2) 21:30 v2(Stufe2) | Elo 928/1072
  # 52/100:  28:20  -> v5(Stufe2)             | Züge 160 | LLR_A -2.46 | LLR_B +0.18 | ΔElo~-52 | Stand v5(Stufe2) 22:30 v2(Stufe2) | Elo 950/1050
  # 53/100:  52:34  -> v5(Stufe2)             | Züge 163 | LLR_A -2.46 | LLR_B -0.15 | ΔElo~-44 | Stand v5(Stufe2) 23:30 v2(Stufe2) | Elo 970/1030
  # 54/100:   0:18  -> v2(Stufe2)             | Züge 153 | LLR_A -2.46 | LLR_B +0.10 | ΔElo~-50 | Stand v5(Stufe2) 23:31 v2(Stufe2) | Elo 957/1043
  # 55/100:   0:19  -> v2(Stufe2)             | Züge 155 | LLR_A -2.46 | LLR_B +0.34 | ΔElo~-55 | Stand v5(Stufe2) 23:32 v2(Stufe2) | Elo 945/1055
  # 56/100:  15:39  -> v2(Stufe2)             | Züge 156 | LLR_A -2.46 | LLR_B +0.59 | ΔElo~-61 | Stand v5(Stufe2) 23:33 v2(Stufe2) | Elo 934/1066
  # 57/100:   9:6   -> v5(Stufe2)             | Züge 157 | LLR_A -2.46 | LLR_B +0.26 | ΔElo~-53 | Stand v5(Stufe2) 24:33 v2(Stufe2) | Elo 956/1044
  # 58/100:   7:17  -> v2(Stufe2)             | Züge 163 | LLR_A -2.46 | LLR_B +0.51 | ΔElo~-58 | Stand v5(Stufe2) 24:34 v2(Stufe2) | Elo 944/1056
  # 59/100:   2:9   -> v2(Stufe2)             | Züge 154 | LLR_A -2.46 | LLR_B +0.76 | ΔElo~-63 | Stand v5(Stufe2) 24:35 v2(Stufe2) | Elo 933/1067
  # 60/100:  45:31  -> v5(Stufe2)             | Züge 150 | LLR_A -2.46 | LLR_B +0.43 | ΔElo~-57 | Stand v5(Stufe2) 25:35 v2(Stufe2) | Elo 955/1045
  # 61/100:  26:11  -> v5(Stufe2)             | Züge 159 | LLR_A -2.46 | LLR_B +0.10 | ΔElo~-50 | Stand v5(Stufe2) 26:35 v2(Stufe2) | Elo 975/1025
  # 62/100:  12:6   -> v5(Stufe2)             | Züge 158 | LLR_A -2.46 | LLR_B -0.23 | ΔElo~-44 | Stand v5(Stufe2) 27:35 v2(Stufe2) | Elo 993/1007
  # 63/100:  40:15  -> v5(Stufe2)             | Züge 161 | LLR_A -2.46 | LLR_B -0.56 | ΔElo~-38 | Stand v5(Stufe2) 28:35 v2(Stufe2) | Elo 1010/990
  # 64/100:  25:17  -> v5(Stufe2)             | Züge 156 | LLR_A -2.46 | LLR_B -0.89 | ΔElo~-32 | Stand v5(Stufe2) 29:35 v2(Stufe2) | Elo 1025/975
  # 65/100:   0:28  -> v2(Stufe2)             | Züge 151 | LLR_A -2.46 | LLR_B -0.64 | ΔElo~-36 | Stand v5(Stufe2) 29:36 v2(Stufe2) | Elo 1007/993
  # 66/100:  14:21  -> v2(Stufe2)             | Züge 157 | LLR_A -2.46 | LLR_B -0.39 | ΔElo~-41 | Stand v5(Stufe2) 29:37 v2(Stufe2) | Elo 990/1010
  # 67/100:  34:36  -> v2(Stufe2)             | Züge 171 | LLR_A -2.46 | LLR_B -0.15 | ΔElo~-46 | Stand v5(Stufe2) 29:38 v2(Stufe2) | Elo 975/1025
  # 68/100:  18:21  -> v2(Stufe2)             | Züge 151 | LLR_A -2.46 | LLR_B +0.10 | ΔElo~-50 | Stand v5(Stufe2) 29:39 v2(Stufe2) | Elo 961/1039
  # 69/100:  23:8   -> v5(Stufe2)             | Züge 161 | LLR_A -2.46 | LLR_B -0.23 | ΔElo~-44 | Stand v5(Stufe2) 30:39 v2(Stufe2) | Elo 981/1019
  # 70/100:  32:30  -> v5(Stufe2)             | Züge 153 | LLR_A -2.46 | LLR_B -0.56 | ΔElo~-39 | Stand v5(Stufe2) 31:39 v2(Stufe2) | Elo 999/1001
  # 71/100:  37:20  -> v5(Stufe2)             | Züge 159 | LLR_A -2.46 | LLR_B -0.88 | ΔElo~-33 | Stand v5(Stufe2) 32:39 v2(Stufe2) | Elo 1015/985
  # 72/100:  17:0   -> v5(Stufe2)             | Züge 148 | LLR_A -2.46 | LLR_B -1.21 | ΔElo~-28 | Stand v5(Stufe2) 33:39 v2(Stufe2) | Elo 1030/970
  # 73/100:  28:3   -> v5(Stufe2)             | Züge 154 | LLR_A -2.46 | LLR_B -1.54 | ΔElo~-23 | Stand v5(Stufe2) 34:39 v2(Stufe2) | Elo 1043/957
  # 74/100:   0:19  -> v2(Stufe2)             | Züge 153 | LLR_A -2.46 | LLR_B -1.29 | ΔElo~-27 | Stand v5(Stufe2) 34:40 v2(Stufe2) | Elo 1023/977
  # 75/100:   3:17  -> v2(Stufe2)             | Züge 155 | LLR_A -2.46 | LLR_B -1.05 | ΔElo~-32 | Stand v5(Stufe2) 34:41 v2(Stufe2) | Elo 1005/995
  # 76/100:  12:18  -> v2(Stufe2)             | Züge 164 | LLR_A -2.46 | LLR_B -0.80 | ΔElo~-36 | Stand v5(Stufe2) 34:42 v2(Stufe2) | Elo 989/1011
  # 77/100:  32:0   -> v5(Stufe2)             | Züge 156 | LLR_A -2.46 | LLR_B -1.13 | ΔElo~-31 | Stand v5(Stufe2) 35:42 v2(Stufe2) | Elo 1006/994
  # 78/100:  39:20  -> v5(Stufe2)             | Züge 159 | LLR_A -2.46 | LLR_B -1.46 | ΔElo~-26 | Stand v5(Stufe2) 36:42 v2(Stufe2) | Elo 1021/979
  # 79/100:  58:6   -> v5(Stufe2)             | Züge 160 | LLR_A -2.46 | LLR_B -1.79 | ΔElo~-21 | Stand v5(Stufe2) 37:42 v2(Stufe2) | Elo 1035/965
  # 80/100:   3:16  -> v2(Stufe2)             | Züge 155 | LLR_A -2.46 | LLR_B -1.54 | ΔElo~-25 | Stand v5(Stufe2) 37:43 v2(Stufe2) | Elo 1016/984
  # 81/100:  28:19  -> v5(Stufe2)             | Züge 161 | LLR_A -2.46 | LLR_B -1.87 | ΔElo~-21 | Stand v5(Stufe2) 38:43 v2(Stufe2) | Elo 1031/969
  # 82/100:   6:16  -> v2(Stufe2)             | Züge 152 | LLR_A -2.46 | LLR_B -1.62 | ΔElo~-25 | Stand v5(Stufe2) 38:44 v2(Stufe2) | Elo 1012/988
  # 83/100:   0:9   -> v2(Stufe2)             | Züge 155 | LLR_A -2.46 | LLR_B -1.37 | ΔElo~-29 | Stand v5(Stufe2) 38:45 v2(Stufe2) | Elo 995/1005
  # 84/100:  26:0   -> v5(Stufe2)             | Züge 163 | LLR_A -2.46 | LLR_B -1.70 | ΔElo~-24 | Stand v5(Stufe2) 39:45 v2(Stufe2) | Elo 1011/989
  # 85/100:  11:7   -> v5(Stufe2)             | Züge 152 | LLR_A -2.46 | LLR_B -2.03 | ΔElo~-20 | Stand v5(Stufe2) 40:45 v2(Stufe2) | Elo 1026/974
  # 86/100:  27:28  -> v2(Stufe2)             | Züge 157 | LLR_A -2.46 | LLR_B -1.78 | ΔElo~-24 | Stand v5(Stufe2) 40:46 v2(Stufe2) | Elo 1008/992
  # 87/100:  17:35  -> v2(Stufe2)             | Züge 159 | LLR_A -2.46 | LLR_B -1.54 | ΔElo~-27 | Stand v5(Stufe2) 40:47 v2(Stufe2) | Elo 991/1009
  # 88/100:  50:22  -> v5(Stufe2)             | Züge 158 | LLR_A -2.46 | LLR_B -1.87 | ΔElo~-23 | Stand v5(Stufe2) 41:47 v2(Stufe2) | Elo 1008/992
  # 89/100:   8:0   -> v5(Stufe2)             | Züge 155 | LLR_A -2.46 | LLR_B -2.19 | ΔElo~-19 | Stand v5(Stufe2) 42:47 v2(Stufe2) | Elo 1023/977
  # 90/100:  21:13  -> v5(Stufe2)             | Züge 158 | LLR_A -2.46 | LLR_B -2.52 | ΔElo~-15 | Stand v5(Stufe2) 43:47 v2(Stufe2) | Elo 1037/963
  ⏹️  SPRT-Entscheid nach 90 Spielen: Gleich stark (beide Seiten nicht signifikant staerker) (LLR_A=-2.46, LLR_B=-2.52).
--------------------------------------------------
🏆 ERGEBNIS: v5(Stufe2) 43:47 v2(Stufe2) (48% A-Siege) in 1464.0s (0.1 Spiele/s)  [vorzeitig nach 90/100 Spielen]
   Ø Score: v5(Stufe2) 16.8 | v2(Stufe2) 14.7
   0:0-Spiele: 7/90 (7.8%)
   Elo: v5(Stufe2) 1037 | v2(Stufe2) 963
