🏟️ Mosaic-AI ARENA — Netz vs Netz (Rust) 🏟️
  v6 (Brett 0, 200 Sims, c_puct=1.5, Stufe 1/DFS-Blatt) vs v2 (Brett 1, 200 Sims, c_puct=1.5, Stufe 1/DFS-Blatt) — 100 Spiele  [SPRT p1=0.64, α=0.05, β=0.1]
--------------------------------------------------
  #  1/100:  33:46  -> v2                     | Züge 164 | LLR_A -0.33 | LLR_B +0.25 | ΔElo~-120 | Stand v6 0:1 v2 | Elo 984/1016
  #  2/100:  34:11  -> v6                     | Züge 158 | LLR_A -0.08 | LLR_B -0.08 | ΔElo~-0 | Stand v6 1:1 v2 | Elo 1001/999
  #  3/100:  32:44  -> v2                     | Züge 162 | LLR_A -0.41 | LLR_B +0.17 | ΔElo~-70 | Stand v6 1:2 v2 | Elo 985/1015
  #  4/100:  51:39  -> v6                     | Züge 162 | LLR_A -0.16 | LLR_B -0.16 | ΔElo~-0 | Stand v6 2:2 v2 | Elo 1002/998
  #  5/100:  55:34  -> v6                     | Züge 159 | LLR_A +0.08 | LLR_B -0.49 | ΔElo~+50 | Stand v6 3:2 v2 | Elo 1018/982
  #  6/100:  42:23  -> v6                     | Züge 167 | LLR_A +0.33 | LLR_B -0.82 | ΔElo~+89 | Stand v6 4:2 v2 | Elo 1032/968
  #  7/100:  15:60  -> v2                     | Züge 165 | LLR_A +0.00 | LLR_B -0.57 | ΔElo~+39 | Stand v6 4:3 v2 | Elo 1013/987
  #  8/100:  16:58  -> v2                     | Züge 164 | LLR_A -0.33 | LLR_B -0.33 | ΔElo~-0 | Stand v6 4:4 v2 | Elo 996/1004
  #  9/100:  50:51  -> v2                     | Züge 161 | LLR_A -0.66 | LLR_B -0.08 | ΔElo~-32 | Stand v6 4:5 v2 | Elo 980/1020
  # 10/100:  45:57  -> v2                     | Züge 168 | LLR_A -0.98 | LLR_B +0.17 | ΔElo~-58 | Stand v6 4:6 v2 | Elo 966/1034
  # 11/100:  25:36  -> v2                     | Züge 163 | LLR_A -1.31 | LLR_B +0.41 | ΔElo~-82 | Stand v6 4:7 v2 | Elo 953/1047
  # 12/100:  49:31  -> v6                     | Züge 171 | LLR_A -1.07 | LLR_B +0.09 | ΔElo~-50 | Stand v6 5:7 v2 | Elo 973/1027
  # 13/100:  11:28  -> v2                     | Züge 158 | LLR_A -1.39 | LLR_B +0.33 | ΔElo~-70 | Stand v6 5:8 v2 | Elo 959/1041
  # 14/100:  30:12  -> v6                     | Züge 163 | LLR_A -1.15 | LLR_B +0.00 | ΔElo~-44 | Stand v6 6:8 v2 | Elo 979/1021
  # 15/100:  49:46  -> v6                     | Züge 161 | LLR_A -0.90 | LLR_B -0.32 | ΔElo~-20 | Stand v6 7:8 v2 | Elo 997/1003
  # 16/100:  49:39  -> v6                     | Züge 168 | LLR_A -0.65 | LLR_B -0.65 | ΔElo~-0 | Stand v6 8:8 v2 | Elo 1013/987
  # 17/100:  28:32  -> v2                     | Züge 171 | LLR_A -0.98 | LLR_B -0.41 | ΔElo~-18 | Stand v6 8:9 v2 | Elo 996/1004
  # 18/100:  51:29  -> v6                     | Züge 160 | LLR_A -0.73 | LLR_B -0.73 | ΔElo~-0 | Stand v6 9:9 v2 | Elo 1012/988
  # 19/100:  28:23  -> v6                     | Züge 152 | LLR_A -0.49 | LLR_B -1.06 | ΔElo~+17 | Stand v6 10:9 v2 | Elo 1027/973
  # 20/100:  33:30  -> v6                     | Züge 163 | LLR_A -0.24 | LLR_B -1.39 | ΔElo~+32 | Stand v6 11:9 v2 | Elo 1041/959
  # 21/100:  26:44  -> v2                     | Züge 167 | LLR_A -0.57 | LLR_B -1.14 | ΔElo~+15 | Stand v6 11:10 v2 | Elo 1021/979
  # 22/100:  33:55  -> v2                     | Züge 159 | LLR_A -0.90 | LLR_B -0.90 | ΔElo~-0 | Stand v6 11:11 v2 | Elo 1003/997
  # 23/100:   3:27  -> v2                     | Züge 160 | LLR_A -1.23 | LLR_B -0.65 | ΔElo~-14 | Stand v6 11:12 v2 | Elo 987/1013
  # 24/100:  28:26  -> v6                     | Züge 163 | LLR_A -0.98 | LLR_B -0.98 | ΔElo~-0 | Stand v6 12:12 v2 | Elo 1004/996
  # 25/100:  17:26  -> v2                     | Züge 171 | LLR_A -1.31 | LLR_B -0.73 | ΔElo~-13 | Stand v6 12:13 v2 | Elo 988/1012
  # 26/100:  46:35  -> v6                     | Züge 166 | LLR_A -1.06 | LLR_B -1.06 | ΔElo~-0 | Stand v6 13:13 v2 | Elo 1005/995
  # 27/100:  43:15  -> v6                     | Züge 162 | LLR_A -0.81 | LLR_B -1.39 | ΔElo~+12 | Stand v6 14:13 v2 | Elo 1021/979
  # 28/100:  39:27  -> v6                     | Züge 163 | LLR_A -0.57 | LLR_B -1.72 | ΔElo~+23 | Stand v6 15:13 v2 | Elo 1035/965
  # 29/100:  38:53  -> v2                     | Züge 166 | LLR_A -0.90 | LLR_B -1.47 | ΔElo~+11 | Stand v6 15:14 v2 | Elo 1016/984
  # 30/100:  54:51  -> v6                     | Züge 160 | LLR_A -0.65 | LLR_B -1.80 | ΔElo~+22 | Stand v6 16:14 v2 | Elo 1031/969
  # 31/100:  28:42  -> v2                     | Züge 162 | LLR_A -0.98 | LLR_B -1.55 | ΔElo~+11 | Stand v6 16:15 v2 | Elo 1012/988
  # 32/100:  20:52  -> v2                     | Züge 153 | LLR_A -1.31 | LLR_B -1.31 | ΔElo~-0 | Stand v6 16:16 v2 | Elo 995/1005
  # 33/100:  50:53  -> v2                     | Züge 157 | LLR_A -1.63 | LLR_B -1.06 | ΔElo~-10 | Stand v6 16:17 v2 | Elo 979/1021
  # 34/100:  35:57  -> v2                     | Züge 166 | LLR_A -1.96 | LLR_B -0.81 | ΔElo~-19 | Stand v6 16:18 v2 | Elo 965/1035
  # 35/100:  39:26  -> v6                     | Züge 156 | LLR_A -1.72 | LLR_B -1.14 | ΔElo~-9 | Stand v6 17:18 v2 | Elo 984/1016
  # 36/100:  42:26  -> v6                     | Züge 156 | LLR_A -1.47 | LLR_B -1.47 | ΔElo~-0 | Stand v6 18:18 v2 | Elo 1001/999
  # 37/100:  30:37  -> v2                     | Züge 160 | LLR_A -1.80 | LLR_B -1.22 | ΔElo~-9 | Stand v6 18:19 v2 | Elo 985/1015
  # 38/100:  23:52  -> v2                     | Züge 166 | LLR_A -2.13 | LLR_B -0.98 | ΔElo~-17 | Stand v6 18:20 v2 | Elo 970/1030
  # 39/100:  12:34  -> v2                     | Züge 166 | LLR_A -2.46 | LLR_B -0.73 | ΔElo~-25 | Stand v6 18:21 v2 | Elo 957/1043
  # 40/100:  24:54  -> v2                     | Züge 163 | LLR_A -2.46 | LLR_B -0.48 | ΔElo~-33 | Stand v6 18:22 v2 | Elo 945/1055
  # 41/100:  28:31  -> v2                     | Züge 160 | LLR_A -2.46 | LLR_B -0.24 | ΔElo~-41 | Stand v6 18:23 v2 | Elo 934/1066
  # 42/100:  51:31  -> v6                     | Züge 158 | LLR_A -2.46 | LLR_B -0.56 | ΔElo~-32 | Stand v6 19:23 v2 | Elo 956/1044
  # 43/100:  61:26  -> v6                     | Züge 159 | LLR_A -2.46 | LLR_B -0.89 | ΔElo~-23 | Stand v6 20:23 v2 | Elo 976/1024
  # 44/100:  44:34  -> v6                     | Züge 162 | LLR_A -2.46 | LLR_B -1.22 | ΔElo~-15 | Stand v6 21:23 v2 | Elo 994/1006
  # 45/100:  56:60  -> v2                     | Züge 166 | LLR_A -2.46 | LLR_B -0.97 | ΔElo~-22 | Stand v6 21:24 v2 | Elo 979/1021
  # 46/100:  46:39  -> v6                     | Züge 167 | LLR_A -2.46 | LLR_B -1.30 | ΔElo~-14 | Stand v6 22:24 v2 | Elo 997/1003
  # 47/100:  30:33  -> v2                     | Züge 156 | LLR_A -2.46 | LLR_B -1.06 | ΔElo~-21 | Stand v6 22:25 v2 | Elo 981/1019
  # 48/100:  61:28  -> v6                     | Züge 156 | LLR_A -2.46 | LLR_B -1.38 | ΔElo~-14 | Stand v6 23:25 v2 | Elo 999/1001
  # 49/100:  39:64  -> v2                     | Züge 163 | LLR_A -2.46 | LLR_B -1.14 | ΔElo~-20 | Stand v6 23:26 v2 | Elo 983/1017
  # 50/100:  33:2   -> v6                     | Züge 162 | LLR_A -2.46 | LLR_B -1.47 | ΔElo~-13 | Stand v6 24:26 v2 | Elo 1001/999
  # 51/100:  39:44  -> v2                     | Züge 159 | LLR_A -2.46 | LLR_B -1.22 | ΔElo~-20 | Stand v6 24:27 v2 | Elo 985/1015
  # 52/100:  23:19  -> v6                     | Züge 162 | LLR_A -2.46 | LLR_B -1.55 | ΔElo~-13 | Stand v6 25:27 v2 | Elo 1002/998
  # 53/100:  24:28  -> v2                     | Züge 159 | LLR_A -2.46 | LLR_B -1.30 | ΔElo~-19 | Stand v6 25:28 v2 | Elo 986/1014
  # 54/100:  41:47  -> v2                     | Züge 167 | LLR_A -2.46 | LLR_B -1.05 | ΔElo~-25 | Stand v6 25:29 v2 | Elo 971/1029
  # 55/100:  35:39  -> v2                     | Züge 159 | LLR_A -2.46 | LLR_B -0.81 | ΔElo~-31 | Stand v6 25:30 v2 | Elo 958/1042
  # 56/100:  50:54  -> v2                     | Züge 160 | LLR_A -2.46 | LLR_B -0.56 | ΔElo~-36 | Stand v6 25:31 v2 | Elo 946/1054
  # 57/100:  54:46  -> v6                     | Züge 169 | LLR_A -2.46 | LLR_B -0.89 | ΔElo~-30 | Stand v6 26:31 v2 | Elo 967/1033
  # 58/100:  43:43  -> v2                     | Züge 157 | LLR_A -2.46 | LLR_B -0.64 | ΔElo~-35 | Stand v6 26:32 v2 | Elo 954/1046
  # 59/100:  48:21  -> v6                     | Züge 156 | LLR_A -2.46 | LLR_B -0.97 | ΔElo~-29 | Stand v6 27:32 v2 | Elo 974/1026
  # 60/100:  68:14  -> v6                     | Züge 158 | LLR_A -2.46 | LLR_B -1.30 | ΔElo~-22 | Stand v6 28:32 v2 | Elo 992/1008
  # 61/100:  21:35  -> v2                     | Züge 162 | LLR_A -2.46 | LLR_B -1.05 | ΔElo~-28 | Stand v6 28:33 v2 | Elo 977/1023
  # 62/100:  19:24  -> v2                     | Züge 161 | LLR_A -2.46 | LLR_B -0.80 | ΔElo~-33 | Stand v6 28:34 v2 | Elo 963/1037
  # 63/100:  43:25  -> v6                     | Züge 166 | LLR_A -2.46 | LLR_B -1.13 | ΔElo~-27 | Stand v6 29:34 v2 | Elo 982/1018
  # 64/100:  19:21  -> v2                     | Züge 162 | LLR_A -2.46 | LLR_B -0.89 | ΔElo~-32 | Stand v6 29:35 v2 | Elo 968/1032
  # 65/100:  33:46  -> v2                     | Züge 160 | LLR_A -2.46 | LLR_B -0.64 | ΔElo~-36 | Stand v6 29:36 v2 | Elo 955/1045
  # 66/100:  41:21  -> v6                     | Züge 162 | LLR_A -2.46 | LLR_B -0.97 | ΔElo~-31 | Stand v6 30:36 v2 | Elo 975/1025
  # 67/100:  37:37  -> v2                     | Züge 167 | LLR_A -2.46 | LLR_B -0.72 | ΔElo~-35 | Stand v6 30:37 v2 | Elo 961/1039
  # 68/100:  43:33  -> v6                     | Züge 158 | LLR_A -2.46 | LLR_B -1.05 | ΔElo~-30 | Stand v6 31:37 v2 | Elo 981/1019
  # 69/100:  20:18  -> v6                     | Züge 154 | LLR_A -2.46 | LLR_B -1.38 | ΔElo~-25 | Stand v6 32:37 v2 | Elo 999/1001
  # 70/100:  41:40  -> v6                     | Züge 162 | LLR_A -2.46 | LLR_B -1.71 | ΔElo~-19 | Stand v6 33:37 v2 | Elo 1015/985
  # 71/100:  44:3   -> v6                     | Züge 156 | LLR_A -2.46 | LLR_B -2.04 | ΔElo~-14 | Stand v6 34:37 v2 | Elo 1030/970
  # 72/100:  26:15  -> v6                     | Züge 168 | LLR_A -2.46 | LLR_B -2.36 | ΔElo~-9 | Stand v6 35:37 v2 | Elo 1043/957
  ⏹️  SPRT-Entscheid nach 72 Spielen: Gleich stark (beide Seiten nicht signifikant staerker) (LLR_A=-2.46, LLR_B=-2.36).
--------------------------------------------------
🏆 ERGEBNIS: v6 35:37 v2 (49% A-Siege) in 1166.0s (0.1 Spiele/s)  [vorzeitig nach 72/100 Spielen]
   Ø Score: v6 36.3 | v2 35.3
   0:0-Spiele: 0/72 (0.0%)
   Elo: v6 1043 | v2 957
