🏟️ Mosaic-AI ARENA — Netz vs Netz (Rust) 🏟️
  v6(Stufe2) (Brett 0, 200 Sims, c_puct=1.5, Stufe 2/Netz-Value-Blatt) vs v2(Stufe2) (Brett 1, 200 Sims, c_puct=1.5, Stufe 2/Netz-Value-Blatt) — 100 Spiele  [SPRT p1=0.64, α=0.05, β=0.1]
--------------------------------------------------
  #  1/100:  26:34  -> v2(Stufe2)             | Züge 159 | LLR_A -0.33 | LLR_B +0.25 | ΔElo~-120 | Stand v6(Stufe2) 0:1 v2(Stufe2) | Elo 984/1016
  #  2/100:  22:22  -> v2(Stufe2)             | Züge 169 | LLR_A -0.66 | LLR_B +0.49 | ΔElo~-191 | Stand v6(Stufe2) 0:2 v2(Stufe2) | Elo 969/1031
  #  3/100:  20:14  -> v6(Stufe2)             | Züge 169 | LLR_A -0.41 | LLR_B +0.17 | ΔElo~-70 | Stand v6(Stufe2) 1:2 v2(Stufe2) | Elo 988/1012
  #  4/100:  11:26  -> v2(Stufe2)             | Züge 154 | LLR_A -0.74 | LLR_B +0.41 | ΔElo~-120 | Stand v6(Stufe2) 1:3 v2(Stufe2) | Elo 973/1027
  #  5/100:  32:39  -> v2(Stufe2)             | Züge 170 | LLR_A -1.07 | LLR_B +0.66 | ΔElo~-159 | Stand v6(Stufe2) 1:4 v2(Stufe2) | Elo 959/1041
  #  6/100:  19:11  -> v6(Stufe2)             | Züge 155 | LLR_A -0.82 | LLR_B +0.33 | ΔElo~-89 | Stand v6(Stufe2) 2:4 v2(Stufe2) | Elo 979/1021
  #  7/100:   2:8   -> v2(Stufe2)             | Züge 152 | LLR_A -1.15 | LLR_B +0.58 | ΔElo~-120 | Stand v6(Stufe2) 2:5 v2(Stufe2) | Elo 965/1035
  #  8/100:  41:6   -> v6(Stufe2)             | Züge 168 | LLR_A -0.90 | LLR_B +0.25 | ΔElo~-70 | Stand v6(Stufe2) 3:5 v2(Stufe2) | Elo 984/1016
  #  9/100:  18:13  -> v6(Stufe2)             | Züge 160 | LLR_A -0.66 | LLR_B -0.08 | ΔElo~-32 | Stand v6(Stufe2) 4:5 v2(Stufe2) | Elo 1001/999
  # 10/100:   4:0   -> v6(Stufe2)             | Züge 160 | LLR_A -0.41 | LLR_B -0.41 | ΔElo~-0 | Stand v6(Stufe2) 5:5 v2(Stufe2) | Elo 1017/983
  # 11/100:  17:20  -> v2(Stufe2)             | Züge 159 | LLR_A -0.74 | LLR_B -0.16 | ΔElo~-27 | Stand v6(Stufe2) 5:6 v2(Stufe2) | Elo 999/1001
  # 12/100:  33:30  -> v6(Stufe2)             | Züge 162 | LLR_A -0.49 | LLR_B -0.49 | ΔElo~-0 | Stand v6(Stufe2) 6:6 v2(Stufe2) | Elo 1015/985
  # 13/100:   8:4   -> v6(Stufe2)             | Züge 161 | LLR_A -0.24 | LLR_B -0.82 | ΔElo~+23 | Stand v6(Stufe2) 7:6 v2(Stufe2) | Elo 1030/970
  # 14/100:   3:0   -> v6(Stufe2)             | Züge 163 | LLR_A +0.00 | LLR_B -1.15 | ΔElo~+44 | Stand v6(Stufe2) 8:6 v2(Stufe2) | Elo 1043/957
  # 15/100:  11:5   -> v6(Stufe2)             | Züge 156 | LLR_A +0.25 | LLR_B -1.48 | ΔElo~+62 | Stand v6(Stufe2) 9:6 v2(Stufe2) | Elo 1055/945
  # 16/100:  14:3   -> v6(Stufe2)             | Züge 161 | LLR_A +0.50 | LLR_B -1.80 | ΔElo~+79 | Stand v6(Stufe2) 10:6 v2(Stufe2) | Elo 1066/934
  # 17/100:  17:14  -> v6(Stufe2)             | Züge 159 | LLR_A +0.74 | LLR_B -2.13 | ΔElo~+94 | Stand v6(Stufe2) 11:6 v2(Stufe2) | Elo 1076/924
  # 18/100:  16:0   -> v6(Stufe2)             | Züge 167 | LLR_A +0.99 | LLR_B -2.46 | ΔElo~+108 | Stand v6(Stufe2) 12:6 v2(Stufe2) | Elo 1085/915
  # 19/100:  11:0   -> v6(Stufe2)             | Züge 159 | LLR_A +1.24 | LLR_B -2.46 | ΔElo~+120 | Stand v6(Stufe2) 13:6 v2(Stufe2) | Elo 1094/906
  # 20/100:  25:24  -> v6(Stufe2)             | Züge 160 | LLR_A +1.49 | LLR_B -2.46 | ΔElo~+132 | Stand v6(Stufe2) 14:6 v2(Stufe2) | Elo 1102/898
  # 21/100:  34:21  -> v6(Stufe2)             | Züge 156 | LLR_A +1.73 | LLR_B -2.46 | ΔElo~+144 | Stand v6(Stufe2) 15:6 v2(Stufe2) | Elo 1110/890
  # 22/100:   8:0   -> v6(Stufe2)             | Züge 149 | LLR_A +1.98 | LLR_B -2.46 | ΔElo~+154 | Stand v6(Stufe2) 16:6 v2(Stufe2) | Elo 1117/883
  # 23/100:  33:45  -> v2(Stufe2)             | Züge 156 | LLR_A +1.65 | LLR_B -2.46 | ΔElo~+131 | Stand v6(Stufe2) 16:7 v2(Stufe2) | Elo 1092/908
  # 24/100:  13:17  -> v2(Stufe2)             | Züge 156 | LLR_A +1.32 | LLR_B -2.46 | ΔElo~+110 | Stand v6(Stufe2) 16:8 v2(Stufe2) | Elo 1068/932
  # 25/100:  22:0   -> v6(Stufe2)             | Züge 164 | LLR_A +1.57 | LLR_B -2.46 | ΔElo~+120 | Stand v6(Stufe2) 17:8 v2(Stufe2) | Elo 1078/922
  # 26/100:  41:10  -> v6(Stufe2)             | Züge 159 | LLR_A +1.82 | LLR_B -2.46 | ΔElo~+130 | Stand v6(Stufe2) 18:8 v2(Stufe2) | Elo 1087/913
  # 27/100:  26:17  -> v6(Stufe2)             | Züge 160 | LLR_A +2.06 | LLR_B -2.46 | ΔElo~+139 | Stand v6(Stufe2) 19:8 v2(Stufe2) | Elo 1096/904
  # 28/100:   0:6   -> v2(Stufe2)             | Züge 164 | LLR_A +1.73 | LLR_B -2.46 | ΔElo~+120 | Stand v6(Stufe2) 19:9 v2(Stufe2) | Elo 1072/928
  # 29/100:   0:0   -> v2(Stufe2)             | Züge 150 | LLR_A +1.41 | LLR_B -2.46 | ΔElo~+104 | Stand v6(Stufe2) 19:10 v2(Stufe2) | Elo 1050/950
  # 30/100:  14:0   -> v6(Stufe2)             | Züge 162 | LLR_A +1.65 | LLR_B -2.46 | ΔElo~+112 | Stand v6(Stufe2) 20:10 v2(Stufe2) | Elo 1062/938
  # 31/100:  10:23  -> v2(Stufe2)             | Züge 170 | LLR_A +1.32 | LLR_B -2.46 | ΔElo~+97 | Stand v6(Stufe2) 20:11 v2(Stufe2) | Elo 1041/959
  # 32/100:   0:0   -> v2(Stufe2)             | Züge 163 | LLR_A +1.00 | LLR_B -2.46 | ΔElo~+83 | Stand v6(Stufe2) 20:12 v2(Stufe2) | Elo 1021/979
  # 33/100:   3:12  -> v2(Stufe2)             | Züge 158 | LLR_A +0.67 | LLR_B -2.46 | ΔElo~+70 | Stand v6(Stufe2) 20:13 v2(Stufe2) | Elo 1003/997
  # 34/100:   8:0   -> v6(Stufe2)             | Züge 156 | LLR_A +0.91 | LLR_B -2.46 | ΔElo~+79 | Stand v6(Stufe2) 21:13 v2(Stufe2) | Elo 1019/981
  # 35/100:  18:3   -> v6(Stufe2)             | Züge 155 | LLR_A +1.16 | LLR_B -2.46 | ΔElo~+86 | Stand v6(Stufe2) 22:13 v2(Stufe2) | Elo 1033/967
  # 36/100:   0:0   -> v2(Stufe2)             | Züge 154 | LLR_A +0.83 | LLR_B -2.46 | ΔElo~+74 | Stand v6(Stufe2) 22:14 v2(Stufe2) | Elo 1014/986
  # 37/100:  40:31  -> v6(Stufe2)             | Züge 162 | LLR_A +1.08 | LLR_B -2.46 | ΔElo~+82 | Stand v6(Stufe2) 23:14 v2(Stufe2) | Elo 1029/971
  # 38/100:   0:8   -> v2(Stufe2)             | Züge  85 | LLR_A +0.75 | LLR_B -2.46 | ΔElo~+70 | Stand v6(Stufe2) 23:15 v2(Stufe2) | Elo 1010/990
  # 39/100:   0:5   -> v2(Stufe2)             | Züge  83 | LLR_A +0.42 | LLR_B -2.46 | ΔElo~+60 | Stand v6(Stufe2) 23:16 v2(Stufe2) | Elo 993/1007
  # 40/100:  15:27  -> v2(Stufe2)             | Züge 152 | LLR_A +0.09 | LLR_B -2.46 | ΔElo~+50 | Stand v6(Stufe2) 23:17 v2(Stufe2) | Elo 978/1022
  # 41/100:  46:19  -> v6(Stufe2)             | Züge 161 | LLR_A +0.34 | LLR_B -2.46 | ΔElo~+57 | Stand v6(Stufe2) 24:17 v2(Stufe2) | Elo 996/1004
  # 42/100:   9:2   -> v6(Stufe2)             | Züge 147 | LLR_A +0.59 | LLR_B -2.46 | ΔElo~+64 | Stand v6(Stufe2) 25:17 v2(Stufe2) | Elo 1012/988
  # 43/100:  20:33  -> v2(Stufe2)             | Züge 166 | LLR_A +0.26 | LLR_B -2.46 | ΔElo~+54 | Stand v6(Stufe2) 25:18 v2(Stufe2) | Elo 995/1005
  # 44/100:  17:24  -> v2(Stufe2)             | Züge 155 | LLR_A -0.07 | LLR_B -2.46 | ΔElo~+46 | Stand v6(Stufe2) 25:19 v2(Stufe2) | Elo 979/1021
  # 45/100:  27:0   -> v6(Stufe2)             | Züge 159 | LLR_A +0.18 | LLR_B -2.46 | ΔElo~+52 | Stand v6(Stufe2) 26:19 v2(Stufe2) | Elo 997/1003
  # 46/100:   1:6   -> v2(Stufe2)             | Züge 155 | LLR_A -0.15 | LLR_B -2.46 | ΔElo~+44 | Stand v6(Stufe2) 26:20 v2(Stufe2) | Elo 981/1019
  # 47/100:  42:38  -> v6(Stufe2)             | Züge 162 | LLR_A +0.10 | LLR_B -2.46 | ΔElo~+50 | Stand v6(Stufe2) 27:20 v2(Stufe2) | Elo 999/1001
  # 48/100:  17:0   -> v6(Stufe2)             | Züge 156 | LLR_A +0.34 | LLR_B -2.46 | ΔElo~+56 | Stand v6(Stufe2) 28:20 v2(Stufe2) | Elo 1015/985
  # 49/100:   8:15  -> v2(Stufe2)             | Züge 157 | LLR_A +0.01 | LLR_B -2.46 | ΔElo~+48 | Stand v6(Stufe2) 28:21 v2(Stufe2) | Elo 998/1002
  # 50/100:  29:14  -> v6(Stufe2)             | Züge 156 | LLR_A +0.26 | LLR_B -2.46 | ΔElo~+54 | Stand v6(Stufe2) 29:21 v2(Stufe2) | Elo 1014/986
  # 51/100:  36:15  -> v6(Stufe2)             | Züge 163 | LLR_A +0.51 | LLR_B -2.46 | ΔElo~+60 | Stand v6(Stufe2) 30:21 v2(Stufe2) | Elo 1029/971
  # 52/100:   9:0   -> v6(Stufe2)             | Züge 149 | LLR_A +0.75 | LLR_B -2.46 | ΔElo~+65 | Stand v6(Stufe2) 31:21 v2(Stufe2) | Elo 1042/958
  # 53/100:  15:0   -> v6(Stufe2)             | Züge 159 | LLR_A +1.00 | LLR_B -2.46 | ΔElo~+70 | Stand v6(Stufe2) 32:21 v2(Stufe2) | Elo 1054/946
  # 54/100:  27:0   -> v6(Stufe2)             | Züge 150 | LLR_A +1.25 | LLR_B -2.46 | ΔElo~+76 | Stand v6(Stufe2) 33:21 v2(Stufe2) | Elo 1065/935
  # 55/100:   0:13  -> v2(Stufe2)             | Züge 155 | LLR_A +0.92 | LLR_B -2.46 | ΔElo~+68 | Stand v6(Stufe2) 33:22 v2(Stufe2) | Elo 1043/957
  # 56/100:  13:22  -> v2(Stufe2)             | Züge 165 | LLR_A +0.59 | LLR_B -2.46 | ΔElo~+61 | Stand v6(Stufe2) 33:23 v2(Stufe2) | Elo 1023/977
  # 57/100:  45:0   -> v6(Stufe2)             | Züge 162 | LLR_A +0.84 | LLR_B -2.46 | ΔElo~+66 | Stand v6(Stufe2) 34:23 v2(Stufe2) | Elo 1037/963
  # 58/100:  51:13  -> v6(Stufe2)             | Züge 159 | LLR_A +1.08 | LLR_B -2.46 | ΔElo~+70 | Stand v6(Stufe2) 35:23 v2(Stufe2) | Elo 1050/950
  # 59/100:   0:0   -> v2(Stufe2)             | Züge 152 | LLR_A +0.76 | LLR_B -2.46 | ΔElo~+63 | Stand v6(Stufe2) 35:24 v2(Stufe2) | Elo 1030/970
  # 60/100:  40:21  -> v6(Stufe2)             | Züge 162 | LLR_A +1.00 | LLR_B -2.46 | ΔElo~+68 | Stand v6(Stufe2) 36:24 v2(Stufe2) | Elo 1043/957
  # 61/100:  51:3   -> v6(Stufe2)             | Züge 168 | LLR_A +1.25 | LLR_B -2.46 | ΔElo~+73 | Stand v6(Stufe2) 37:24 v2(Stufe2) | Elo 1055/945
  # 62/100:   0:16  -> v2(Stufe2)             | Züge 130 | LLR_A +0.92 | LLR_B -2.46 | ΔElo~+66 | Stand v6(Stufe2) 37:25 v2(Stufe2) | Elo 1034/966
  # 63/100:   3:13  -> v2(Stufe2)             | Züge 159 | LLR_A +0.59 | LLR_B -2.46 | ΔElo~+59 | Stand v6(Stufe2) 37:26 v2(Stufe2) | Elo 1015/985
  # 64/100:  39:10  -> v6(Stufe2)             | Züge 156 | LLR_A +0.84 | LLR_B -2.46 | ΔElo~+64 | Stand v6(Stufe2) 38:26 v2(Stufe2) | Elo 1030/970
  # 65/100:  20:0   -> v6(Stufe2)             | Züge 161 | LLR_A +1.09 | LLR_B -2.46 | ΔElo~+68 | Stand v6(Stufe2) 39:26 v2(Stufe2) | Elo 1043/957
  # 66/100:   0:8   -> v2(Stufe2)             | Züge 155 | LLR_A +0.76 | LLR_B -2.46 | ΔElo~+62 | Stand v6(Stufe2) 39:27 v2(Stufe2) | Elo 1023/977
  # 67/100:  43:7   -> v6(Stufe2)             | Züge 165 | LLR_A +1.00 | LLR_B -2.46 | ΔElo~+66 | Stand v6(Stufe2) 40:27 v2(Stufe2) | Elo 1037/963
  # 68/100:   0:47  -> v2(Stufe2)             | Züge 160 | LLR_A +0.68 | LLR_B -2.46 | ΔElo~+60 | Stand v6(Stufe2) 40:28 v2(Stufe2) | Elo 1018/982
  # 69/100:  24:19  -> v6(Stufe2)             | Züge 162 | LLR_A +0.92 | LLR_B -2.46 | ΔElo~+64 | Stand v6(Stufe2) 41:28 v2(Stufe2) | Elo 1032/968
  # 70/100:   8:8   -> v2(Stufe2)             | Züge 165 | LLR_A +0.59 | LLR_B -2.46 | ΔElo~+58 | Stand v6(Stufe2) 41:29 v2(Stufe2) | Elo 1013/987
  # 71/100:   0:0   -> v2(Stufe2)             | Züge 162 | LLR_A +0.27 | LLR_B -2.46 | ΔElo~+53 | Stand v6(Stufe2) 41:30 v2(Stufe2) | Elo 996/1004
  # 72/100:  29:31  -> v2(Stufe2)             | Züge 162 | LLR_A -0.06 | LLR_B -2.46 | ΔElo~+47 | Stand v6(Stufe2) 41:31 v2(Stufe2) | Elo 980/1020
  # 73/100:  47:36  -> v6(Stufe2)             | Züge 168 | LLR_A +0.18 | LLR_B -2.46 | ΔElo~+51 | Stand v6(Stufe2) 42:31 v2(Stufe2) | Elo 998/1002
  # 74/100:   0:0   -> v2(Stufe2)             | Züge 157 | LLR_A -0.14 | LLR_B -2.46 | ΔElo~+46 | Stand v6(Stufe2) 42:32 v2(Stufe2) | Elo 982/1018
  # 75/100:  22:63  -> v2(Stufe2)             | Züge 170 | LLR_A -0.47 | LLR_B -2.46 | ΔElo~+41 | Stand v6(Stufe2) 42:33 v2(Stufe2) | Elo 968/1032
  # 76/100:  22:33  -> v2(Stufe2)             | Züge 165 | LLR_A -0.80 | LLR_B -2.46 | ΔElo~+36 | Stand v6(Stufe2) 42:34 v2(Stufe2) | Elo 955/1045
  # 77/100:   7:19  -> v2(Stufe2)             | Züge 156 | LLR_A -1.13 | LLR_B -2.46 | ΔElo~+31 | Stand v6(Stufe2) 42:35 v2(Stufe2) | Elo 943/1057
  # 78/100:  21:8   -> v6(Stufe2)             | Züge 162 | LLR_A -0.88 | LLR_B -2.46 | ΔElo~+35 | Stand v6(Stufe2) 43:35 v2(Stufe2) | Elo 964/1036
  # 79/100:  19:38  -> v2(Stufe2)             | Züge 158 | LLR_A -1.21 | LLR_B -2.46 | ΔElo~+30 | Stand v6(Stufe2) 43:36 v2(Stufe2) | Elo 951/1049
  # 80/100:  11:33  -> v2(Stufe2)             | Züge 152 | LLR_A -1.54 | LLR_B -2.46 | ΔElo~+25 | Stand v6(Stufe2) 43:37 v2(Stufe2) | Elo 939/1061
  # 81/100:   8:30  -> v2(Stufe2)             | Züge 160 | LLR_A -1.87 | LLR_B -2.46 | ΔElo~+21 | Stand v6(Stufe2) 43:38 v2(Stufe2) | Elo 928/1072
  # 82/100:  20:2   -> v6(Stufe2)             | Züge 164 | LLR_A -1.62 | LLR_B -2.46 | ΔElo~+25 | Stand v6(Stufe2) 44:38 v2(Stufe2) | Elo 950/1050
  # 83/100:  17:20  -> v2(Stufe2)             | Züge 159 | LLR_A -1.95 | LLR_B -2.46 | ΔElo~+20 | Stand v6(Stufe2) 44:39 v2(Stufe2) | Elo 938/1062
  # 84/100:  44:0   -> v6(Stufe2)             | Züge 159 | LLR_A -1.70 | LLR_B -2.46 | ΔElo~+24 | Stand v6(Stufe2) 45:39 v2(Stufe2) | Elo 959/1041
  # 85/100:  12:12  -> v2(Stufe2)             | Züge 150 | LLR_A -2.03 | LLR_B -2.46 | ΔElo~+20 | Stand v6(Stufe2) 45:40 v2(Stufe2) | Elo 947/1053
  # 86/100:   7:33  -> v2(Stufe2)             | Züge 159 | LLR_A -2.36 | LLR_B -2.46 | ΔElo~+16 | Stand v6(Stufe2) 45:41 v2(Stufe2) | Elo 936/1064
  ⏹️  SPRT-Entscheid nach 86 Spielen: Gleich stark (beide Seiten nicht signifikant staerker) (LLR_A=-2.36, LLR_B=-2.46).
--------------------------------------------------
🏆 ERGEBNIS: v6(Stufe2) 45:41 v2(Stufe2) (52% A-Siege) in 3513.3s (0.0 Spiele/s)  [vorzeitig nach 86/100 Spielen]
   Ø Score: v6(Stufe2) 18.2 | v2(Stufe2) 14.2
   0:0-Spiele: 6/86 (7.0%)
   Elo: v6(Stufe2) 936 | v2(Stufe2) 1064
