🏟️ Mosaic-AI ARENA — Netz vs Netz (Rust) 🏟️
  v7 (Brett 0, 200 Sims, c_puct=1.5, Stufe 1/DFS-Blatt) vs v2 (Brett 1, 200 Sims, c_puct=1.5, Stufe 1/DFS-Blatt) — 100 Spiele  [SPRT p1=0.64, α=0.05, β=0.1]
--------------------------------------------------
  #  1/100:  29:20  -> v7                     | Züge 159 | LLR_A +0.25 | LLR_B -0.33 | ΔElo~+120 | Stand v7 1:0 v2 | Elo 1016/984
  #  2/100:  63:44  -> v7                     | Züge 164 | LLR_A +0.49 | LLR_B -0.66 | ΔElo~+191 | Stand v7 2:0 v2 | Elo 1031/969
  #  3/100:  34:37  -> v2                     | Züge 162 | LLR_A +0.17 | LLR_B -0.41 | ΔElo~+70 | Stand v7 2:1 v2 | Elo 1012/988
  #  4/100:  29:10  -> v7                     | Züge 162 | LLR_A +0.41 | LLR_B -0.74 | ΔElo~+120 | Stand v7 3:1 v2 | Elo 1027/973
  #  5/100:  24:15  -> v7                     | Züge 158 | LLR_A +0.66 | LLR_B -1.07 | ΔElo~+159 | Stand v7 4:1 v2 | Elo 1041/959
  #  6/100:  25:49  -> v2                     | Züge 158 | LLR_A +0.33 | LLR_B -0.82 | ΔElo~+89 | Stand v7 4:2 v2 | Elo 1021/979
  #  7/100:  24:40  -> v2                     | Züge 164 | LLR_A +0.00 | LLR_B -0.57 | ΔElo~+39 | Stand v7 4:3 v2 | Elo 1003/997
  #  8/100:  43:28  -> v7                     | Züge 167 | LLR_A +0.25 | LLR_B -0.90 | ΔElo~+70 | Stand v7 5:3 v2 | Elo 1019/981
  #  9/100:  27:56  -> v2                     | Züge 164 | LLR_A -0.08 | LLR_B -0.66 | ΔElo~+32 | Stand v7 5:4 v2 | Elo 1001/999
  # 10/100:  30:41  -> v2                     | Züge 166 | LLR_A -0.41 | LLR_B -0.41 | ΔElo~-0 | Stand v7 5:5 v2 | Elo 985/1015
  # 11/100:  50:41  -> v7                     | Züge 160 | LLR_A -0.16 | LLR_B -0.74 | ΔElo~+27 | Stand v7 6:5 v2 | Elo 1002/998
  # 12/100:  42:49  -> v2                     | Züge 157 | LLR_A -0.49 | LLR_B -0.49 | ΔElo~-0 | Stand v7 6:6 v2 | Elo 986/1014
  # 13/100:  49:34  -> v7                     | Züge 165 | LLR_A -0.24 | LLR_B -0.82 | ΔElo~+23 | Stand v7 7:6 v2 | Elo 1003/997
  # 14/100:  25:31  -> v2                     | Züge 162 | LLR_A -0.57 | LLR_B -0.57 | ΔElo~-0 | Stand v7 7:7 v2 | Elo 987/1013
  # 15/100:  32:30  -> v7                     | Züge 156 | LLR_A -0.32 | LLR_B -0.90 | ΔElo~+20 | Stand v7 8:7 v2 | Elo 1004/996
  # 16/100:  22:24  -> v2                     | Züge 165 | LLR_A -0.65 | LLR_B -0.65 | ΔElo~-0 | Stand v7 8:8 v2 | Elo 988/1012
  # 17/100:   9:43  -> v2                     | Züge 173 | LLR_A -0.98 | LLR_B -0.41 | ΔElo~-18 | Stand v7 8:9 v2 | Elo 973/1027
  # 18/100:  38:29  -> v7                     | Züge 161 | LLR_A -0.73 | LLR_B -0.73 | ΔElo~-0 | Stand v7 9:9 v2 | Elo 991/1009
  # 19/100:   4:24  -> v2                     | Züge 158 | LLR_A -1.06 | LLR_B -0.49 | ΔElo~-17 | Stand v7 9:10 v2 | Elo 976/1024
  # 20/100:  30:28  -> v7                     | Züge 164 | LLR_A -0.82 | LLR_B -0.82 | ΔElo~-0 | Stand v7 10:10 v2 | Elo 994/1006
  # 21/100:  34:33  -> v7                     | Züge 169 | LLR_A -0.57 | LLR_B -1.14 | ΔElo~+15 | Stand v7 11:10 v2 | Elo 1011/989
  # 22/100:  22:22  -> v2                     | Züge 160 | LLR_A -0.90 | LLR_B -0.90 | ΔElo~-0 | Stand v7 11:11 v2 | Elo 994/1006
  # 23/100:   0:32  -> v2                     | Züge 157 | LLR_A -1.23 | LLR_B -0.65 | ΔElo~-14 | Stand v7 11:12 v2 | Elo 979/1021
  # 24/100:  36:37  -> v2                     | Züge 164 | LLR_A -1.56 | LLR_B -0.40 | ΔElo~-27 | Stand v7 11:13 v2 | Elo 965/1035
  # 25/100:  63:41  -> v7                     | Züge 156 | LLR_A -1.31 | LLR_B -0.73 | ΔElo~-13 | Stand v7 12:13 v2 | Elo 984/1016
  # 26/100:  46:43  -> v7                     | Züge 158 | LLR_A -1.06 | LLR_B -1.06 | ΔElo~-0 | Stand v7 13:13 v2 | Elo 1001/999
  # 27/100:  50:16  -> v7                     | Züge 167 | LLR_A -0.81 | LLR_B -1.39 | ΔElo~+12 | Stand v7 14:13 v2 | Elo 1017/983
  # 28/100:  23:50  -> v2                     | Züge 164 | LLR_A -1.14 | LLR_B -1.14 | ΔElo~-0 | Stand v7 14:14 v2 | Elo 999/1001
  # 29/100:  21:13  -> v7                     | Züge 164 | LLR_A -0.90 | LLR_B -1.47 | ΔElo~+11 | Stand v7 15:14 v2 | Elo 1015/985
  # 30/100:  42:59  -> v2                     | Züge 164 | LLR_A -1.22 | LLR_B -1.22 | ΔElo~-0 | Stand v7 15:15 v2 | Elo 998/1002
  # 31/100:  58:74  -> v2                     | Züge 166 | LLR_A -1.55 | LLR_B -0.98 | ΔElo~-11 | Stand v7 15:16 v2 | Elo 982/1018
  # 32/100:  34:38  -> v2                     | Züge 162 | LLR_A -1.88 | LLR_B -0.73 | ΔElo~-20 | Stand v7 15:17 v2 | Elo 968/1032
  # 33/100:   9:43  -> v2                     | Züge 163 | LLR_A -2.21 | LLR_B -0.48 | ΔElo~-30 | Stand v7 15:18 v2 | Elo 955/1045
  # 34/100:  34:37  -> v2                     | Züge 162 | LLR_A -2.54 | LLR_B -0.24 | ΔElo~-39 | Stand v7 15:19 v2 | Elo 943/1057
  # 35/100:  48:42  -> v7                     | Züge 164 | LLR_A -2.54 | LLR_B -0.57 | ΔElo~-28 | Stand v7 16:19 v2 | Elo 964/1036
  # 36/100:  35:52  -> v2                     | Züge 170 | LLR_A -2.54 | LLR_B -0.32 | ΔElo~-37 | Stand v7 16:20 v2 | Elo 951/1049
  # 37/100:  22:66  -> v2                     | Züge 155 | LLR_A -2.54 | LLR_B -0.07 | ΔElo~-45 | Stand v7 16:21 v2 | Elo 939/1061
  # 38/100:  32:40  -> v2                     | Züge 168 | LLR_A -2.54 | LLR_B +0.17 | ΔElo~-53 | Stand v7 16:22 v2 | Elo 928/1072
  # 39/100:  36:43  -> v2                     | Züge 157 | LLR_A -2.54 | LLR_B +0.42 | ΔElo~-60 | Stand v7 16:23 v2 | Elo 918/1082
  # 40/100:   9:32  -> v2                     | Züge 166 | LLR_A -2.54 | LLR_B +0.67 | ΔElo~-67 | Stand v7 16:24 v2 | Elo 909/1091
  # 41/100:  22:25  -> v2                     | Züge 167 | LLR_A -2.54 | LLR_B +0.92 | ΔElo~-74 | Stand v7 16:25 v2 | Elo 901/1099
  # 42/100:  21:37  -> v2                     | Züge 170 | LLR_A -2.54 | LLR_B +1.16 | ΔElo~-80 | Stand v7 16:26 v2 | Elo 893/1107
  # 43/100:  21:54  -> v2                     | Züge 161 | LLR_A -2.54 | LLR_B +1.41 | ΔElo~-87 | Stand v7 16:27 v2 | Elo 886/1114
  # 44/100:  31:38  -> v2                     | Züge 165 | LLR_A -2.54 | LLR_B +1.66 | ΔElo~-93 | Stand v7 16:28 v2 | Elo 879/1121
  # 45/100:  50:31  -> v7                     | Züge 168 | LLR_A -2.54 | LLR_B +1.33 | ΔElo~-83 | Stand v7 17:28 v2 | Elo 905/1095
  # 46/100:  35:10  -> v7                     | Züge 159 | LLR_A -2.54 | LLR_B +1.00 | ΔElo~-73 | Stand v7 18:28 v2 | Elo 929/1071
  # 47/100:  37:41  -> v2                     | Züge 164 | LLR_A -2.54 | LLR_B +1.25 | ΔElo~-79 | Stand v7 18:29 v2 | Elo 919/1081
  # 48/100:  43:27  -> v7                     | Züge 164 | LLR_A -2.54 | LLR_B +0.92 | ΔElo~-70 | Stand v7 19:29 v2 | Elo 942/1058
  # 49/100:  36:59  -> v2                     | Züge 167 | LLR_A -2.54 | LLR_B +1.16 | ΔElo~-76 | Stand v7 19:30 v2 | Elo 931/1069
  # 50/100:  15:24  -> v2                     | Züge 162 | LLR_A -2.54 | LLR_B +1.41 | ΔElo~-82 | Stand v7 19:31 v2 | Elo 921/1079
  # 51/100:  39:12  -> v7                     | Züge 163 | LLR_A -2.54 | LLR_B +1.08 | ΔElo~-73 | Stand v7 20:31 v2 | Elo 944/1056
  # 52/100:  23:11  -> v7                     | Züge 165 | LLR_A -2.54 | LLR_B +0.75 | ΔElo~-65 | Stand v7 21:31 v2 | Elo 965/1035
  # 53/100:  12:38  -> v2                     | Züge 159 | LLR_A -2.54 | LLR_B +1.00 | ΔElo~-70 | Stand v7 21:32 v2 | Elo 952/1048
  # 54/100:  22:26  -> v2                     | Züge 160 | LLR_A -2.54 | LLR_B +1.25 | ΔElo~-76 | Stand v7 21:33 v2 | Elo 940/1060
  # 55/100:  39:23  -> v7                     | Züge 170 | LLR_A -2.54 | LLR_B +0.92 | ΔElo~-68 | Stand v7 22:33 v2 | Elo 961/1039
  # 56/100:  49:17  -> v7                     | Züge 165 | LLR_A -2.54 | LLR_B +0.59 | ΔElo~-61 | Stand v7 23:33 v2 | Elo 981/1019
  # 57/100:  23:49  -> v2                     | Züge 167 | LLR_A -2.54 | LLR_B +0.84 | ΔElo~-66 | Stand v7 23:34 v2 | Elo 967/1033
  # 58/100:  35:54  -> v2                     | Züge 155 | LLR_A -2.54 | LLR_B +1.08 | ΔElo~-70 | Stand v7 23:35 v2 | Elo 954/1046
  # 59/100:  33:29  -> v7                     | Züge 159 | LLR_A -2.54 | LLR_B +0.76 | ΔElo~-63 | Stand v7 24:35 v2 | Elo 974/1026
  # 60/100:  29:30  -> v2                     | Züge 165 | LLR_A -2.54 | LLR_B +1.00 | ΔElo~-68 | Stand v7 24:36 v2 | Elo 960/1040
  # 61/100:  31:17  -> v7                     | Züge 170 | LLR_A -2.54 | LLR_B +0.67 | ΔElo~-61 | Stand v7 25:36 v2 | Elo 980/1020
  # 62/100:  21:23  -> v2                     | Züge 157 | LLR_A -2.54 | LLR_B +0.92 | ΔElo~-66 | Stand v7 25:37 v2 | Elo 966/1034
  # 63/100:  46:3   -> v7                     | Züge 163 | LLR_A -2.54 | LLR_B +0.59 | ΔElo~-59 | Stand v7 26:37 v2 | Elo 985/1015
  # 64/100:  10:43  -> v2                     | Züge 156 | LLR_A -2.54 | LLR_B +0.84 | ΔElo~-64 | Stand v7 26:38 v2 | Elo 970/1030
  # 65/100:  45:37  -> v7                     | Züge 165 | LLR_A -2.54 | LLR_B +0.51 | ΔElo~-58 | Stand v7 27:38 v2 | Elo 989/1011
  # 66/100:  45:63  -> v2                     | Züge 162 | LLR_A -2.54 | LLR_B +0.76 | ΔElo~-62 | Stand v7 27:39 v2 | Elo 974/1026
  # 67/100:  38:47  -> v2                     | Züge 163 | LLR_A -2.54 | LLR_B +1.00 | ΔElo~-66 | Stand v7 27:40 v2 | Elo 960/1040
  # 68/100:  39:61  -> v2                     | Züge 170 | LLR_A -2.54 | LLR_B +1.25 | ΔElo~-70 | Stand v7 27:41 v2 | Elo 948/1052
  # 69/100:  13:61  -> v2                     | Züge 165 | LLR_A -2.54 | LLR_B +1.50 | ΔElo~-75 | Stand v7 27:42 v2 | Elo 937/1063
  # 70/100:  34:45  -> v2                     | Züge 162 | LLR_A -2.54 | LLR_B +1.75 | ΔElo~-79 | Stand v7 27:43 v2 | Elo 927/1073
  # 71/100:  22:41  -> v2                     | Züge 161 | LLR_A -2.54 | LLR_B +1.99 | ΔElo~-82 | Stand v7 27:44 v2 | Elo 917/1083
  # 72/100:  20:25  -> v2                     | Züge 162 | LLR_A -2.54 | LLR_B +2.24 | ΔElo~-86 | Stand v7 27:45 v2 | Elo 908/1092
  # 73/100:  42:32  -> v7                     | Züge 169 | LLR_A -2.54 | LLR_B +1.91 | ΔElo~-80 | Stand v7 28:45 v2 | Elo 932/1068
  # 74/100:  60:44  -> v7                     | Züge 169 | LLR_A -2.54 | LLR_B +1.58 | ΔElo~-74 | Stand v7 29:45 v2 | Elo 954/1046
  # 75/100:  35:29  -> v7                     | Züge 162 | LLR_A -2.54 | LLR_B +1.25 | ΔElo~-69 | Stand v7 30:45 v2 | Elo 974/1026
  # 76/100:  23:20  -> v7                     | Züge 168 | LLR_A -2.54 | LLR_B +0.93 | ΔElo~-63 | Stand v7 31:45 v2 | Elo 992/1008
  # 77/100:  29:38  -> v2                     | Züge 155 | LLR_A -2.54 | LLR_B +1.17 | ΔElo~-67 | Stand v7 31:46 v2 | Elo 977/1023
  # 78/100:  35:21  -> v7                     | Züge 150 | LLR_A -2.54 | LLR_B +0.84 | ΔElo~-61 | Stand v7 32:46 v2 | Elo 995/1005
  # 79/100:  23:44  -> v2                     | Züge 156 | LLR_A -2.54 | LLR_B +1.09 | ΔElo~-65 | Stand v7 32:47 v2 | Elo 979/1021
  # 80/100:  56:47  -> v7                     | Züge 167 | LLR_A -2.54 | LLR_B +0.76 | ΔElo~-60 | Stand v7 33:47 v2 | Elo 997/1003
  # 81/100:  31:35  -> v2                     | Züge 167 | LLR_A -2.54 | LLR_B +1.01 | ΔElo~-63 | Stand v7 33:48 v2 | Elo 981/1019
  # 82/100:  42:29  -> v7                     | Züge 163 | LLR_A -2.54 | LLR_B +0.68 | ΔElo~-58 | Stand v7 34:48 v2 | Elo 999/1001
  # 83/100:  24:23  -> v7                     | Züge 160 | LLR_A -2.54 | LLR_B +0.35 | ΔElo~-54 | Stand v7 35:48 v2 | Elo 1015/985
  # 84/100:  21:48  -> v2                     | Züge 162 | LLR_A -2.54 | LLR_B +0.60 | ΔElo~-57 | Stand v7 35:49 v2 | Elo 998/1002
  # 85/100:  28:35  -> v2                     | Züge 164 | LLR_A -2.54 | LLR_B +0.85 | ΔElo~-61 | Stand v7 35:50 v2 | Elo 982/1018
  # 86/100:  26:51  -> v2                     | Züge 163 | LLR_A -2.54 | LLR_B +1.09 | ΔElo~-64 | Stand v7 35:51 v2 | Elo 968/1032
  # 87/100:  39:26  -> v7                     | Züge 157 | LLR_A -2.54 | LLR_B +0.76 | ΔElo~-59 | Stand v7 36:51 v2 | Elo 987/1013
  # 88/100:  24:52  -> v2                     | Züge 163 | LLR_A -2.54 | LLR_B +1.01 | ΔElo~-62 | Stand v7 36:52 v2 | Elo 972/1028
  # 89/100:  10:7   -> v7                     | Züge 153 | LLR_A -2.54 | LLR_B +0.68 | ΔElo~-58 | Stand v7 37:52 v2 | Elo 991/1009
  # 90/100:  25:36  -> v2                     | Züge 161 | LLR_A -2.54 | LLR_B +0.93 | ΔElo~-61 | Stand v7 37:53 v2 | Elo 976/1024
  # 91/100:  15:26  -> v2                     | Züge 164 | LLR_A -2.54 | LLR_B +1.18 | ΔElo~-64 | Stand v7 37:54 v2 | Elo 962/1038
  # 92/100:  23:41  -> v2                     | Züge 159 | LLR_A -2.54 | LLR_B +1.42 | ΔElo~-67 | Stand v7 37:55 v2 | Elo 949/1051
  # 93/100:  47:26  -> v7                     | Züge 158 | LLR_A -2.54 | LLR_B +1.09 | ΔElo~-63 | Stand v7 38:55 v2 | Elo 970/1030
  # 94/100:  26:22  -> v7                     | Züge 159 | LLR_A -2.54 | LLR_B +0.77 | ΔElo~-58 | Stand v7 39:55 v2 | Elo 989/1011
  # 95/100:  61:25  -> v7                     | Züge 167 | LLR_A -2.54 | LLR_B +0.44 | ΔElo~-54 | Stand v7 40:55 v2 | Elo 1006/994
  # 96/100:  30:38  -> v2                     | Züge 162 | LLR_A -2.54 | LLR_B +0.68 | ΔElo~-57 | Stand v7 40:56 v2 | Elo 989/1011
  # 97/100:  44:35  -> v7                     | Züge 163 | LLR_A -2.54 | LLR_B +0.36 | ΔElo~-53 | Stand v7 41:56 v2 | Elo 1006/994
  # 98/100:  71:40  -> v7                     | Züge 167 | LLR_A -2.54 | LLR_B +0.03 | ΔElo~-49 | Stand v7 42:56 v2 | Elo 1021/979
  # 99/100:  15:21  -> v2                     | Züge 160 | LLR_A -2.54 | LLR_B +0.27 | ΔElo~-52 | Stand v7 42:57 v2 | Elo 1003/997
  #100/100:   7:39  -> v2                     | Züge 161 | LLR_A -2.54 | LLR_B +0.52 | ΔElo~-55 | Stand v7 42:58 v2 | Elo 987/1013
  ⏹️  Ressourcenlimit erreicht (Spiel 100) ohne SPRT-Entscheidung -> Gleich stark (LLR_A=-2.54, LLR_B=+0.52).
--------------------------------------------------
🏆 ERGEBNIS: v7 42:58 v2 (42% A-Siege) in 1354.2s (0.1 Spiele/s)
   Ø Score: v7 31.7 | v2 35.2
   0:0-Spiele: 0/100 (0.0%)
   Elo: v7 987 | v2 1013
