🏟️ Mosaic-AI ARENA — Netz vs Heuristik (Rust) 🏟️
  v1b_w4 (Brett 0, 200 Sims, Stufe 1/DFS-Blatt) vs Heuristik(s200) (Brett 1, 200 Sims) — 100 Spiele
--------------------------------------------------
  #  1/100:  33:64  -> Heuristik(s200)          | Züge 153 | Strength 1.000 | Stand Netz 0:1 Heur | Elo 984/1016
  #  2/100:  62:64  -> Heuristik(s200)          | Züge 168 | Strength 0.610 | Stand Netz 0:2 Heur | Elo 975/1025
  #  3/100:  19:39  -> Heuristik(s200)          | Züge 153 | Strength 0.989 | Stand Netz 0:3 Heur | Elo 961/1039
  #  4/100:  18:54  -> Heuristik(s200)          | Züge 162 | Strength 1.000 | Stand Netz 0:4 Heur | Elo 949/1051
  #  5/100:  32:56  -> Heuristik(s200)          | Züge 159 | Strength 1.000 | Stand Netz 0:5 Heur | Elo 938/1062
  #  6/100:  39:38  -> v1b_w4                   | Züge 159 | Strength 0.569 | Stand Netz 1:5 Heur | Elo 950/1050
  #  7/100:   0:40  -> Heuristik(s200)          | Züge 165 | Strength 1.000 | Stand Netz 1:6 Heur | Elo 938/1062
  #  8/100:  41:45  -> Heuristik(s200)          | Züge 151 | Strength 0.670 | Stand Netz 1:7 Heur | Elo 931/1069
  #  9/100:  31:28  -> v1b_w4                   | Züge 159 | Strength 0.539 | Stand Netz 2:7 Heur | Elo 943/1057
  # 10/100:   9:33  -> Heuristik(s200)          | Züge 165 | Strength 0.921 | Stand Netz 2:8 Heur | Elo 933/1067
  # 11/100:  30:56  -> Heuristik(s200)          | Züge 166 | Strength 1.000 | Stand Netz 2:9 Heur | Elo 923/1077
  # 12/100:  14:59  -> Heuristik(s200)          | Züge 160 | Strength 1.000 | Stand Netz 2:10 Heur | Elo 914/1086
  # 13/100:  51:18  -> v1b_w4                   | Züge 168 | Strength 1.000 | Stand Netz 3:10 Heur | Elo 937/1063
  # 14/100:   7:55  -> Heuristik(s200)          | Züge 157 | Strength 1.000 | Stand Netz 3:11 Heur | Elo 927/1073
  # 15/100:  42:44  -> Heuristik(s200)          | Züge 153 | Strength 0.610 | Stand Netz 3:12 Heur | Elo 921/1079
  # 16/100:  35:46  -> Heuristik(s200)          | Züge 157 | Strength 0.880 | Stand Netz 3:13 Heur | Elo 913/1087
  # 17/100:  50:35  -> v1b_w4                   | Züge 157 | Strength 1.000 | Stand Netz 4:13 Heur | Elo 936/1064
  # 18/100:   9:32  -> Heuristik(s200)          | Züge 153 | Strength 0.910 | Stand Netz 4:14 Heur | Elo 927/1073
  # 19/100:  39:67  -> Heuristik(s200)          | Züge 160 | Strength 1.000 | Stand Netz 4:15 Heur | Elo 917/1083
  # 20/100:  33:51  -> Heuristik(s200)          | Züge 158 | Strength 1.000 | Stand Netz 4:16 Heur | Elo 908/1092
  # 21/100:  69:31  -> v1b_w4                   | Züge 166 | Strength 1.000 | Stand Netz 5:16 Heur | Elo 932/1068
  # 22/100:  27:74  -> Heuristik(s200)          | Züge 157 | Strength 1.000 | Stand Netz 5:17 Heur | Elo 922/1078
  # 23/100:  24:48  -> Heuristik(s200)          | Züge 160 | Strength 1.000 | Stand Netz 5:18 Heur | Elo 913/1087
  # 24/100:  24:39  -> Heuristik(s200)          | Züge 163 | Strength 0.989 | Stand Netz 5:19 Heur | Elo 905/1095
  # 25/100:  24:59  -> Heuristik(s200)          | Züge 150 | Strength 1.000 | Stand Netz 5:20 Heur | Elo 897/1103
  # 26/100:  34:67  -> Heuristik(s200)          | Züge 160 | Strength 1.000 | Stand Netz 5:21 Heur | Elo 890/1110
  # 27/100:  48:59  -> Heuristik(s200)          | Züge 171 | Strength 0.880 | Stand Netz 5:22 Heur | Elo 884/1116
  # 28/100:  35:53  -> Heuristik(s200)          | Züge 161 | Strength 1.000 | Stand Netz 5:23 Heur | Elo 877/1123
  # 29/100:  32:55  -> Heuristik(s200)          | Züge 157 | Strength 1.000 | Stand Netz 5:24 Heur | Elo 871/1129
  # 30/100:   9:38  -> Heuristik(s200)          | Züge 157 | Strength 0.978 | Stand Netz 5:25 Heur | Elo 865/1135
  # 31/100:  54:29  -> v1b_w4                   | Züge 154 | Strength 1.000 | Stand Netz 6:25 Heur | Elo 891/1109
  # 32/100:  20:32  -> Heuristik(s200)          | Züge 168 | Strength 0.820 | Stand Netz 6:26 Heur | Elo 885/1115
  # 33/100:   3:45  -> Heuristik(s200)          | Züge 162 | Strength 1.000 | Stand Netz 6:27 Heur | Elo 878/1122
  # 34/100:  44:61  -> Heuristik(s200)          | Züge 166 | Strength 1.000 | Stand Netz 6:28 Heur | Elo 872/1128
  # 35/100:  28:51  -> Heuristik(s200)          | Züge 164 | Strength 1.000 | Stand Netz 6:29 Heur | Elo 866/1134
  # 36/100:  33:26  -> v1b_w4                   | Züge 157 | Strength 0.681 | Stand Netz 7:29 Heur | Elo 884/1116
  # 37/100:  25:35  -> Heuristik(s200)          | Züge 158 | Strength 0.794 | Stand Netz 7:30 Heur | Elo 879/1121
  # 38/100:   0:49  -> Heuristik(s200)          | Züge 162 | Strength 1.000 | Stand Netz 7:31 Heur | Elo 873/1127
  # 39/100:   5:16  -> Heuristik(s200)          | Züge 163 | Strength 0.610 | Stand Netz 7:32 Heur | Elo 869/1131
  # 40/100:   2:35  -> Heuristik(s200)          | Züge 163 | Strength 0.944 | Stand Netz 7:33 Heur | Elo 864/1136
  # 41/100:  38:45  -> Heuristik(s200)          | Züge 160 | Strength 0.760 | Stand Netz 7:34 Heur | Elo 860/1140
  # 42/100:  49:74  -> Heuristik(s200)          | Züge 154 | Strength 1.000 | Stand Netz 7:35 Heur | Elo 855/1145
  # 43/100:   5:39  -> Heuristik(s200)          | Züge 157 | Strength 0.989 | Stand Netz 7:36 Heur | Elo 850/1150
  # 44/100:  51:39  -> v1b_w4                   | Züge 161 | Strength 0.910 | Stand Netz 8:36 Heur | Elo 875/1125
  # 45/100:  12:30  -> Heuristik(s200)          | Züge 164 | Strength 0.888 | Stand Netz 8:37 Heur | Elo 870/1130
  # 46/100:  11:24  -> Heuristik(s200)          | Züge 163 | Strength 0.760 | Stand Netz 8:38 Heur | Elo 866/1134
  # 47/100:  51:39  -> v1b_w4                   | Züge 162 | Strength 0.910 | Stand Netz 9:38 Heur | Elo 890/1110
  # 48/100:  22:40  -> Heuristik(s200)          | Züge 160 | Strength 1.000 | Stand Netz 9:39 Heur | Elo 883/1117
  # 49/100:  58:51  -> v1b_w4                   | Züge 163 | Strength 0.760 | Stand Netz 10:39 Heur | Elo 902/1098
  # 50/100:  17:37  -> Heuristik(s200)          | Züge 162 | Strength 0.966 | Stand Netz 10:40 Heur | Elo 894/1106
  # 51/100:  37:40  -> Heuristik(s200)          | Züge 162 | Strength 0.640 | Stand Netz 10:41 Heur | Elo 889/1111
  # 52/100:  60:60  -> Heuristik(s200)          | Züge 162 | Strength 0.550 | Stand Netz 10:42 Heur | Elo 885/1115
  # 53/100:  35:42  -> Heuristik(s200)          | Züge 157 | Strength 0.760 | Stand Netz 10:43 Heur | Elo 880/1120
  # 54/100:  23:49  -> Heuristik(s200)          | Züge 169 | Strength 1.000 | Stand Netz 10:44 Heur | Elo 874/1126
  # 55/100:  56:41  -> v1b_w4                   | Züge 162 | Strength 1.000 | Stand Netz 11:44 Heur | Elo 900/1100
  # 56/100:  34:42  -> Heuristik(s200)          | Züge 167 | Strength 0.790 | Stand Netz 11:45 Heur | Elo 894/1106
  # 57/100:  33:30  -> v1b_w4                   | Züge 165 | Strength 0.561 | Stand Netz 12:45 Heur | Elo 908/1092
  # 58/100:  40:46  -> Heuristik(s200)          | Züge 159 | Strength 0.730 | Stand Netz 12:46 Heur | Elo 902/1098
  # 59/100:   0:37  -> Heuristik(s200)          | Züge 159 | Strength 0.966 | Stand Netz 12:47 Heur | Elo 894/1106
  # 60/100:  12:49  -> Heuristik(s200)          | Züge 157 | Strength 1.000 | Stand Netz 12:48 Heur | Elo 887/1113
  # 61/100:  58:31  -> v1b_w4                   | Züge 168 | Strength 1.000 | Stand Netz 13:48 Heur | Elo 912/1088
  # 62/100:  45:75  -> Heuristik(s200)          | Züge 162 | Strength 1.000 | Stand Netz 13:49 Heur | Elo 903/1097
  # 63/100:  46:57  -> Heuristik(s200)          | Züge 162 | Strength 0.880 | Stand Netz 13:50 Heur | Elo 896/1104
  # 64/100:  33:56  -> Heuristik(s200)          | Züge 154 | Strength 1.000 | Stand Netz 13:51 Heur | Elo 889/1111
  # 65/100:  66:93  -> Heuristik(s200)          | Züge 157 | Strength 1.000 | Stand Netz 13:52 Heur | Elo 882/1118
  # 66/100:  37:53  -> Heuristik(s200)          | Züge 158 | Strength 1.000 | Stand Netz 13:53 Heur | Elo 875/1125
  # 67/100:  38:56  -> Heuristik(s200)          | Züge 163 | Strength 1.000 | Stand Netz 13:54 Heur | Elo 869/1131
  # 68/100:  34:59  -> Heuristik(s200)          | Züge 163 | Strength 1.000 | Stand Netz 13:55 Heur | Elo 863/1137
  # 69/100:  32:37  -> Heuristik(s200)          | Züge 162 | Strength 0.666 | Stand Netz 13:56 Heur | Elo 859/1141
  # 70/100:  12:66  -> Heuristik(s200)          | Züge 159 | Strength 1.000 | Stand Netz 13:57 Heur | Elo 854/1146
  # 71/100:  31:50  -> Heuristik(s200)          | Züge 162 | Strength 1.000 | Stand Netz 13:58 Heur | Elo 849/1151
  # 72/100:  29:65  -> Heuristik(s200)          | Züge 159 | Strength 1.000 | Stand Netz 13:59 Heur | Elo 844/1156
  # 73/100:  37:53  -> Heuristik(s200)          | Züge 152 | Strength 1.000 | Stand Netz 13:60 Heur | Elo 839/1161
  # 74/100:  35:48  -> Heuristik(s200)          | Züge 162 | Strength 0.940 | Stand Netz 13:61 Heur | Elo 835/1165
  # 75/100:  31:34  -> Heuristik(s200)          | Züge 158 | Strength 0.573 | Stand Netz 13:62 Heur | Elo 833/1167
  # 76/100:  64:49  -> v1b_w4                   | Züge 163 | Strength 1.000 | Stand Netz 14:62 Heur | Elo 861/1139
  # 77/100:  34:42  -> Heuristik(s200)          | Züge 163 | Strength 0.790 | Stand Netz 14:63 Heur | Elo 857/1143
  # 78/100:  36:84  -> Heuristik(s200)          | Züge 163 | Strength 1.000 | Stand Netz 14:64 Heur | Elo 852/1148
  # 79/100:  67:62  -> v1b_w4                   | Züge 161 | Strength 0.700 | Stand Netz 15:64 Heur | Elo 871/1129
  # 80/100:  49:47  -> v1b_w4                   | Züge 160 | Strength 0.610 | Stand Netz 16:64 Heur | Elo 887/1113
  # 81/100:  41:39  -> v1b_w4                   | Züge 163 | Strength 0.610 | Stand Netz 17:64 Heur | Elo 902/1098
  # 82/100:  34:58  -> Heuristik(s200)          | Züge 169 | Strength 1.000 | Stand Netz 17:65 Heur | Elo 894/1106
  # 83/100:  45:70  -> Heuristik(s200)          | Züge 163 | Strength 1.000 | Stand Netz 17:66 Heur | Elo 887/1113
  # 84/100:  29:88  -> Heuristik(s200)          | Züge 162 | Strength 1.000 | Stand Netz 17:67 Heur | Elo 880/1120
  # 85/100:  15:32  -> Heuristik(s200)          | Züge 167 | Strength 0.910 | Stand Netz 17:68 Heur | Elo 874/1126
  # 86/100:  14:40  -> Heuristik(s200)          | Züge 159 | Strength 1.000 | Stand Netz 17:69 Heur | Elo 868/1132
  # 87/100:  53:27  -> v1b_w4                   | Züge 160 | Strength 1.000 | Stand Netz 18:69 Heur | Elo 894/1106
  # 88/100:  37:45  -> Heuristik(s200)          | Züge 163 | Strength 0.790 | Stand Netz 18:70 Heur | Elo 888/1112
  # 89/100:  56:48  -> v1b_w4                   | Züge 164 | Strength 0.790 | Stand Netz 19:70 Heur | Elo 908/1092
  # 90/100:  13:6   -> v1b_w4                   | Züge 163 | Strength 0.456 | Stand Netz 20:70 Heur | Elo 919/1081
  # 91/100:  15:48  -> Heuristik(s200)          | Züge 158 | Strength 1.000 | Stand Netz 20:71 Heur | Elo 910/1090
  # 92/100:  27:59  -> Heuristik(s200)          | Züge 165 | Strength 1.000 | Stand Netz 20:72 Heur | Elo 902/1098
  # 93/100:  31:42  -> Heuristik(s200)          | Züge 158 | Strength 0.880 | Stand Netz 20:73 Heur | Elo 895/1105
  # 94/100:  36:57  -> Heuristik(s200)          | Züge 164 | Strength 1.000 | Stand Netz 20:74 Heur | Elo 888/1112
  # 95/100:  53:64  -> Heuristik(s200)          | Züge 160 | Strength 0.880 | Stand Netz 20:75 Heur | Elo 882/1118
  # 96/100:  44:43  -> v1b_w4                   | Züge 163 | Strength 0.580 | Stand Netz 21:75 Heur | Elo 897/1103
  # 97/100:  33:49  -> Heuristik(s200)          | Züge 165 | Strength 1.000 | Stand Netz 21:76 Heur | Elo 890/1110
  # 98/100:  30:51  -> Heuristik(s200)          | Züge 165 | Strength 1.000 | Stand Netz 21:77 Heur | Elo 883/1117
  # 99/100:   4:31  -> Heuristik(s200)          | Züge 167 | Strength 0.899 | Stand Netz 21:78 Heur | Elo 877/1123
  #100/100:  37:40  -> Heuristik(s200)          | Züge 168 | Strength 0.640 | Stand Netz 21:79 Heur | Elo 873/1127
--------------------------------------------------
🏆 ERGEBNIS: v1b_w4 21:79 Heuristik(s200) (21% Netz-Siege) in 1652.3s (0.1 Spiele/s)
   Ø Score: v1b_w4 32.4 | Heuristik(s200) 47.3
   0:0-Spiele: 0/100 (0.0%)  (Sauberkeits-Indikator)
   Ø Floor-Strafe: v1b_w4 15.0 | Heuristik(s200) 10.9
   Elo: v1b_w4 873 | Heuristik(s200) 1127

