Mon Jul 13 04:03:12     2026 Warte auf models/alphazero_v5.onnx (Check alle 10 Min)...
Mon Jul 13 05:33:13     2026 v5 gefunden. Starte Arena v5 vs v2...
🏟️ Mosaic-AI ARENA — Netz vs Netz (Rust) 🏟️
  v5 (Brett 0, 200 Sims, c_puct=1.5, Stufe 1/DFS-Blatt) vs v2 (Brett 1, 200 Sims, c_puct=1.5, Stufe 1/DFS-Blatt) — 100 Spiele  [SPRT p1=0.64, α=0.05, β=0.1]
--------------------------------------------------
  #  1/100:  32:38  -> v2                     | Züge 162 | LLR_A -0.33 | LLR_B +0.25 | ΔElo~-120 | Stand v5 0:1 v2 | Elo 984/1016
  #  2/100:  40:25  -> v5                     | Züge 162 | LLR_A -0.08 | LLR_B -0.08 | ΔElo~-0 | Stand v5 1:1 v2 | Elo 1001/999
  #  3/100:  21:27  -> v2                     | Züge 161 | LLR_A -0.41 | LLR_B +0.17 | ΔElo~-70 | Stand v5 1:2 v2 | Elo 985/1015
  #  4/100:  52:23  -> v5                     | Züge 167 | LLR_A -0.16 | LLR_B -0.16 | ΔElo~-0 | Stand v5 2:2 v2 | Elo 1002/998
  #  5/100:  33:10  -> v5                     | Züge 164 | LLR_A +0.08 | LLR_B -0.49 | ΔElo~+50 | Stand v5 3:2 v2 | Elo 1018/982
  #  6/100:  27:30  -> v2                     | Züge 166 | LLR_A -0.24 | LLR_B -0.24 | ΔElo~-0 | Stand v5 3:3 v2 | Elo 1000/1000
  #  7/100:  41:30  -> v5                     | Züge 161 | LLR_A +0.00 | LLR_B -0.57 | ΔElo~+39 | Stand v5 4:3 v2 | Elo 1016/984
  #  8/100:  44:27  -> v5                     | Züge 160 | LLR_A +0.25 | LLR_B -0.90 | ΔElo~+70 | Stand v5 5:3 v2 | Elo 1031/969
  #  9/100:  22:17  -> v5                     | Züge 157 | LLR_A +0.50 | LLR_B -1.23 | ΔElo~+97 | Stand v5 6:3 v2 | Elo 1044/956
  # 10/100:  34:2   -> v5                     | Züge 164 | LLR_A +0.74 | LLR_B -1.56 | ΔElo~+120 | Stand v5 7:3 v2 | Elo 1056/944
  # 11/100:  43:21  -> v5                     | Züge 167 | LLR_A +0.99 | LLR_B -1.89 | ΔElo~+141 | Stand v5 8:3 v2 | Elo 1067/933
  # 12/100:  49:12  -> v5                     | Züge 160 | LLR_A +1.24 | LLR_B -2.22 | ΔElo~+159 | Stand v5 9:3 v2 | Elo 1077/923
  # 13/100:  43:31  -> v5                     | Züge 164 | LLR_A +1.48 | LLR_B -2.54 | ΔElo~+176 | Stand v5 10:3 v2 | Elo 1086/914
  # 14/100:  32:22  -> v5                     | Züge 163 | LLR_A +1.73 | LLR_B -2.54 | ΔElo~+191 | Stand v5 11:3 v2 | Elo 1095/905
  # 15/100:  42:26  -> v5                     | Züge 160 | LLR_A +1.98 | LLR_B -2.54 | ΔElo~+205 | Stand v5 12:3 v2 | Elo 1103/897
  # 16/100:  11:13  -> v2                     | Züge 157 | LLR_A +1.65 | LLR_B -2.54 | ΔElo~+166 | Stand v5 12:4 v2 | Elo 1078/922
  # 17/100:  31:41  -> v2                     | Züge 161 | LLR_A +1.32 | LLR_B -2.54 | ΔElo~+134 | Stand v5 12:5 v2 | Elo 1055/945
  # 18/100:  23:31  -> v2                     | Züge 161 | LLR_A +0.99 | LLR_B -2.54 | ΔElo~+108 | Stand v5 12:6 v2 | Elo 1034/966
  # 19/100:  31:25  -> v5                     | Züge 167 | LLR_A +1.24 | LLR_B -2.54 | ΔElo~+120 | Stand v5 13:6 v2 | Elo 1047/953
  # 20/100:  62:28  -> v5                     | Züge 171 | LLR_A +1.49 | LLR_B -2.54 | ΔElo~+132 | Stand v5 14:6 v2 | Elo 1059/941
  # 21/100:  22:39  -> v2                     | Züge 159 | LLR_A +1.16 | LLR_B -2.54 | ΔElo~+109 | Stand v5 14:7 v2 | Elo 1038/962
  # 22/100:  31:47  -> v2                     | Züge 158 | LLR_A +0.83 | LLR_B -2.54 | ΔElo~+89 | Stand v5 14:8 v2 | Elo 1019/981
  # 23/100:  42:27  -> v5                     | Züge 161 | LLR_A +1.07 | LLR_B -2.54 | ΔElo~+100 | Stand v5 15:8 v2 | Elo 1033/967
  # 24/100:  45:37  -> v5                     | Züge 160 | LLR_A +1.32 | LLR_B -2.54 | ΔElo~+110 | Stand v5 16:8 v2 | Elo 1046/954
  # 25/100:  48:16  -> v5                     | Züge 161 | LLR_A +1.57 | LLR_B -2.54 | ΔElo~+120 | Stand v5 17:8 v2 | Elo 1058/942
  # 26/100:  41:54  -> v2                     | Züge 157 | LLR_A +1.24 | LLR_B -2.54 | ΔElo~+102 | Stand v5 17:9 v2 | Elo 1037/963
  # 27/100:  15:18  -> v2                     | Züge 164 | LLR_A +0.91 | LLR_B -2.54 | ΔElo~+86 | Stand v5 17:10 v2 | Elo 1018/982
  # 28/100:  34:50  -> v2                     | Züge 161 | LLR_A +0.58 | LLR_B -2.54 | ΔElo~+70 | Stand v5 17:11 v2 | Elo 1000/1000
  # 29/100:  34:17  -> v5                     | Züge 159 | LLR_A +0.83 | LLR_B -2.54 | ΔElo~+80 | Stand v5 18:11 v2 | Elo 1016/984
  # 30/100:  46:49  -> v2                     | Züge 157 | LLR_A +0.50 | LLR_B -2.54 | ΔElo~+66 | Stand v5 18:12 v2 | Elo 999/1001
  # 31/100:   9:27  -> v2                     | Züge 162 | LLR_A +0.17 | LLR_B -2.54 | ΔElo~+53 | Stand v5 18:13 v2 | Elo 983/1017
  # 32/100:  38:23  -> v5                     | Züge 163 | LLR_A +0.42 | LLR_B -2.54 | ΔElo~+62 | Stand v5 19:13 v2 | Elo 1001/999
  # 33/100:  23:47  -> v2                     | Züge 159 | LLR_A +0.09 | LLR_B -2.54 | ΔElo~+50 | Stand v5 19:14 v2 | Elo 985/1015
  # 34/100:  45:39  -> v5                     | Züge 165 | LLR_A +0.34 | LLR_B -2.54 | ΔElo~+58 | Stand v5 20:14 v2 | Elo 1002/998
  # 35/100:  61:88  -> v2                     | Züge 168 | LLR_A +0.01 | LLR_B -2.54 | ΔElo~+47 | Stand v5 20:15 v2 | Elo 986/1014
  # 36/100:  31:34  -> v2                     | Züge 170 | LLR_A -0.32 | LLR_B -2.54 | ΔElo~+37 | Stand v5 20:16 v2 | Elo 971/1029
  # 37/100:  14:34  -> v2                     | Züge 160 | LLR_A -0.65 | LLR_B -2.54 | ΔElo~+27 | Stand v5 20:17 v2 | Elo 958/1042
  # 38/100:  39:28  -> v5                     | Züge 161 | LLR_A -0.40 | LLR_B -2.54 | ΔElo~+35 | Stand v5 21:17 v2 | Elo 978/1022
  # 39/100:  15:17  -> v2                     | Züge 168 | LLR_A -0.73 | LLR_B -2.54 | ΔElo~+25 | Stand v5 21:18 v2 | Elo 964/1036
  # 40/100:  18:11  -> v5                     | Züge 157 | LLR_A -0.48 | LLR_B -2.54 | ΔElo~+33 | Stand v5 22:18 v2 | Elo 983/1017
  # 41/100:  47:56  -> v2                     | Züge 155 | LLR_A -0.81 | LLR_B -2.54 | ΔElo~+24 | Stand v5 22:19 v2 | Elo 969/1031
  # 42/100:   9:5   -> v5                     | Züge 167 | LLR_A -0.56 | LLR_B -2.54 | ΔElo~+32 | Stand v5 23:19 v2 | Elo 988/1012
  # 43/100:  40:9   -> v5                     | Züge 165 | LLR_A -0.32 | LLR_B -2.54 | ΔElo~+39 | Stand v5 24:19 v2 | Elo 1005/995
  # 44/100:  36:27  -> v5                     | Züge 162 | LLR_A -0.07 | LLR_B -2.54 | ΔElo~+46 | Stand v5 25:19 v2 | Elo 1021/979
  # 45/100:  41:44  -> v2                     | Züge 166 | LLR_A -0.40 | LLR_B -2.54 | ΔElo~+37 | Stand v5 25:20 v2 | Elo 1003/997
  # 46/100:  61:50  -> v5                     | Züge 164 | LLR_A -0.15 | LLR_B -2.54 | ΔElo~+44 | Stand v5 26:20 v2 | Elo 1019/981
  # 47/100:  38:16  -> v5                     | Züge 159 | LLR_A +0.10 | LLR_B -2.54 | ΔElo~+50 | Stand v5 27:20 v2 | Elo 1033/967
  # 48/100:  41:0   -> v5                     | Züge 150 | LLR_A +0.34 | LLR_B -2.54 | ΔElo~+56 | Stand v5 28:20 v2 | Elo 1046/954
  # 49/100:  43:64  -> v2                     | Züge 166 | LLR_A +0.01 | LLR_B -2.54 | ΔElo~+48 | Stand v5 28:21 v2 | Elo 1026/974
  # 50/100:  17:41  -> v2                     | Züge 156 | LLR_A -0.32 | LLR_B -2.54 | ΔElo~+40 | Stand v5 28:22 v2 | Elo 1008/992
  # 51/100:  29:26  -> v5                     | Züge 163 | LLR_A -0.07 | LLR_B -2.54 | ΔElo~+46 | Stand v5 29:22 v2 | Elo 1023/977
  # 52/100:  53:27  -> v5                     | Züge 166 | LLR_A +0.18 | LLR_B -2.54 | ΔElo~+52 | Stand v5 30:22 v2 | Elo 1037/963
  # 53/100:  24:46  -> v2                     | Züge 166 | LLR_A -0.15 | LLR_B -2.54 | ΔElo~+44 | Stand v5 30:23 v2 | Elo 1018/982
  # 54/100:  43:44  -> v2                     | Züge 160 | LLR_A -0.48 | LLR_B -2.54 | ΔElo~+37 | Stand v5 30:24 v2 | Elo 1000/1000
  # 55/100:  38:20  -> v5                     | Züge 165 | LLR_A -0.23 | LLR_B -2.54 | ΔElo~+43 | Stand v5 31:24 v2 | Elo 1016/984
  # 56/100:  69:37  -> v5                     | Züge 162 | LLR_A +0.02 | LLR_B -2.54 | ΔElo~+48 | Stand v5 32:24 v2 | Elo 1031/969
  # 57/100:  22:42  -> v2                     | Züge 163 | LLR_A -0.31 | LLR_B -2.54 | ΔElo~+41 | Stand v5 32:25 v2 | Elo 1012/988
  # 58/100:  34:36  -> v2                     | Züge 166 | LLR_A -0.64 | LLR_B -2.54 | ΔElo~+35 | Stand v5 32:26 v2 | Elo 995/1005
  # 59/100:  32:29  -> v5                     | Züge 163 | LLR_A -0.39 | LLR_B -2.54 | ΔElo~+40 | Stand v5 33:26 v2 | Elo 1011/989
  # 60/100:  40:11  -> v5                     | Züge 157 | LLR_A -0.15 | LLR_B -2.54 | ΔElo~+45 | Stand v5 34:26 v2 | Elo 1026/974
  # 61/100:  57:54  -> v5                     | Züge 159 | LLR_A +0.10 | LLR_B -2.54 | ΔElo~+50 | Stand v5 35:26 v2 | Elo 1040/960
  # 62/100:  29:43  -> v2                     | Züge 157 | LLR_A -0.23 | LLR_B -2.54 | ΔElo~+44 | Stand v5 35:27 v2 | Elo 1020/980
  # 63/100:  34:46  -> v2                     | Züge 163 | LLR_A -0.56 | LLR_B -2.54 | ΔElo~+38 | Stand v5 35:28 v2 | Elo 1002/998
  # 64/100:  44:48  -> v2                     | Züge 157 | LLR_A -0.89 | LLR_B -2.54 | ΔElo~+32 | Stand v5 35:29 v2 | Elo 986/1014
  # 65/100:  20:74  -> v2                     | Züge 162 | LLR_A -1.22 | LLR_B -2.54 | ΔElo~+26 | Stand v5 35:30 v2 | Elo 971/1029
  # 66/100:  20:32  -> v2                     | Züge 158 | LLR_A -1.54 | LLR_B -2.54 | ΔElo~+20 | Stand v5 35:31 v2 | Elo 958/1042
  # 67/100:  19:35  -> v2                     | Züge 157 | LLR_A -1.87 | LLR_B -2.54 | ΔElo~+15 | Stand v5 35:32 v2 | Elo 946/1054
  # 68/100:  31:30  -> v5                     | Züge 160 | LLR_A -1.63 | LLR_B -2.54 | ΔElo~+20 | Stand v5 36:32 v2 | Elo 967/1033
  # 69/100:  41:2   -> v5                     | Züge 165 | LLR_A -1.38 | LLR_B -2.54 | ΔElo~+25 | Stand v5 37:32 v2 | Elo 986/1014
  # 70/100:  41:36  -> v5                     | Züge 160 | LLR_A -1.13 | LLR_B -2.54 | ΔElo~+29 | Stand v5 38:32 v2 | Elo 1003/997
  # 71/100:  23:46  -> v2                     | Züge 161 | LLR_A -1.46 | LLR_B -2.54 | ΔElo~+24 | Stand v5 38:33 v2 | Elo 987/1013
  # 72/100:  51:30  -> v5                     | Züge 168 | LLR_A -1.21 | LLR_B -2.54 | ΔElo~+28 | Stand v5 39:33 v2 | Elo 1004/996
  # 73/100:  32:32  -> v2                     | Züge 161 | LLR_A -1.54 | LLR_B -2.54 | ΔElo~+23 | Stand v5 39:34 v2 | Elo 988/1012
  # 74/100:  15:23  -> v2                     | Züge 161 | LLR_A -1.87 | LLR_B -2.54 | ΔElo~+18 | Stand v5 39:35 v2 | Elo 973/1027
  # 75/100:  25:45  -> v2                     | Züge 162 | LLR_A -2.20 | LLR_B -2.54 | ΔElo~+14 | Stand v5 39:36 v2 | Elo 959/1041
  # 76/100:  26:34  -> v2                     | Züge 165 | LLR_A -2.53 | LLR_B -2.54 | ΔElo~+9 | Stand v5 39:37 v2 | Elo 947/1053
  ⏹️  SPRT-Entscheid nach 76 Spielen: Gleich stark (beide Seiten nicht signifikant staerker) (LLR_A=-2.53, LLR_B=-2.54).
--------------------------------------------------
🏆 ERGEBNIS: v5 39:37 v2 (51% A-Siege) in 1012.9s (0.1 Spiele/s)  [vorzeitig nach 76/100 Spielen]
   Ø Score: v5 34.6 | v2 31.9
   0:0-Spiele: 0/76 (0.0%)
   Elo: v5 947 | v2 1053
Mon Jul 13 05:50:06     2026 FERTIG.
