🏟️ Mosaic-AI ARENA — Netz vs Netz (Rust) 🏟️
  v7 (Brett 0, 200 Sims, c_puct=1.5, Stufe 1/DFS-Blatt) vs v7cold (Brett 1, 200 Sims, c_puct=1.5, Stufe 1/DFS-Blatt) — 100 Spiele  [SPRT p1=0.64, α=0.05, β=0.1]
--------------------------------------------------
  #  1/100:  34:25  -> v7                     | Züge 163 | LLR_A +0.25 | LLR_B -0.33 | ΔElo~+120 | Stand v7 1:0 v7cold | Elo 1016/984
  #  2/100:  25:7   -> v7                     | Züge 163 | LLR_A +0.49 | LLR_B -0.66 | ΔElo~+191 | Stand v7 2:0 v7cold | Elo 1031/969
  #  3/100:  29:36  -> v7cold                 | Züge 164 | LLR_A +0.17 | LLR_B -0.41 | ΔElo~+70 | Stand v7 2:1 v7cold | Elo 1012/988
  #  4/100:  27:53  -> v7cold                 | Züge 165 | LLR_A -0.16 | LLR_B -0.16 | ΔElo~-0 | Stand v7 2:2 v7cold | Elo 995/1005
  #  5/100:  21:50  -> v7cold                 | Züge 164 | LLR_A -0.49 | LLR_B +0.08 | ΔElo~-50 | Stand v7 2:3 v7cold | Elo 979/1021
  #  6/100:  14:60  -> v7cold                 | Züge 157 | LLR_A -0.82 | LLR_B +0.33 | ΔElo~-89 | Stand v7 2:4 v7cold | Elo 965/1035
  #  7/100:  39:33  -> v7                     | Züge 167 | LLR_A -0.57 | LLR_B +0.00 | ΔElo~-39 | Stand v7 3:4 v7cold | Elo 984/1016
  #  8/100:  32:25  -> v7                     | Züge 165 | LLR_A -0.33 | LLR_B -0.33 | ΔElo~-0 | Stand v7 4:4 v7cold | Elo 1001/999
  #  9/100:  17:8   -> v7                     | Züge 171 | LLR_A -0.08 | LLR_B -0.66 | ΔElo~+32 | Stand v7 5:4 v7cold | Elo 1017/983
  # 10/100:  27:34  -> v7cold                 | Züge 169 | LLR_A -0.41 | LLR_B -0.41 | ΔElo~-0 | Stand v7 5:5 v7cold | Elo 999/1001
  # 11/100:  24:13  -> v7                     | Züge 163 | LLR_A -0.16 | LLR_B -0.74 | ΔElo~+27 | Stand v7 6:5 v7cold | Elo 1015/985
  # 12/100:  39:34  -> v7                     | Züge 165 | LLR_A +0.09 | LLR_B -1.07 | ΔElo~+50 | Stand v7 7:5 v7cold | Elo 1030/970
  # 13/100:  55:42  -> v7                     | Züge 165 | LLR_A +0.33 | LLR_B -1.39 | ΔElo~+70 | Stand v7 8:5 v7cold | Elo 1043/957
  # 14/100:  34:35  -> v7cold                 | Züge 165 | LLR_A +0.00 | LLR_B -1.15 | ΔElo~+44 | Stand v7 8:6 v7cold | Elo 1023/977
  # 15/100:  31:73  -> v7cold                 | Züge 165 | LLR_A -0.32 | LLR_B -0.90 | ΔElo~+20 | Stand v7 8:7 v7cold | Elo 1005/995
  # 16/100:  23:19  -> v7                     | Züge 174 | LLR_A -0.08 | LLR_B -1.23 | ΔElo~+39 | Stand v7 9:7 v7cold | Elo 1021/979
  # 17/100:   1:21  -> v7cold                 | Züge 164 | LLR_A -0.41 | LLR_B -0.98 | ΔElo~+18 | Stand v7 9:8 v7cold | Elo 1003/997
  # 18/100:  28:41  -> v7cold                 | Züge 173 | LLR_A -0.73 | LLR_B -0.73 | ΔElo~-0 | Stand v7 9:9 v7cold | Elo 987/1013
  # 19/100:  23:47  -> v7cold                 | Züge 169 | LLR_A -1.06 | LLR_B -0.49 | ΔElo~-17 | Stand v7 9:10 v7cold | Elo 972/1028
  # 20/100:  43:46  -> v7cold                 | Züge 167 | LLR_A -1.39 | LLR_B -0.24 | ΔElo~-32 | Stand v7 9:11 v7cold | Elo 959/1041
  # 21/100:  37:23  -> v7                     | Züge 164 | LLR_A -1.14 | LLR_B -0.57 | ΔElo~-15 | Stand v7 10:11 v7cold | Elo 979/1021
  # 22/100:  15:19  -> v7cold                 | Züge 153 | LLR_A -1.47 | LLR_B -0.32 | ΔElo~-29 | Stand v7 10:12 v7cold | Elo 965/1035
  # 23/100:  11:52  -> v7cold                 | Züge 158 | LLR_A -1.80 | LLR_B -0.08 | ΔElo~-42 | Stand v7 10:13 v7cold | Elo 952/1048
  # 24/100:   6:30  -> v7cold                 | Züge 165 | LLR_A -2.13 | LLR_B +0.17 | ΔElo~-54 | Stand v7 10:14 v7cold | Elo 940/1060
  # 25/100:  49:38  -> v7                     | Züge 157 | LLR_A -1.88 | LLR_B -0.16 | ΔElo~-39 | Stand v7 11:14 v7cold | Elo 961/1039
  # 26/100:  18:32  -> v7cold                 | Züge 165 | LLR_A -2.21 | LLR_B +0.09 | ΔElo~-50 | Stand v7 11:15 v7cold | Elo 949/1051
  # 27/100:  34:52  -> v7cold                 | Züge 164 | LLR_A -2.54 | LLR_B +0.34 | ΔElo~-61 | Stand v7 11:16 v7cold | Elo 938/1062
  # 28/100:  18:50  -> v7cold                 | Züge 155 | LLR_A -2.54 | LLR_B +0.58 | ΔElo~-70 | Stand v7 11:17 v7cold | Elo 927/1073
  # 29/100:  16:0   -> v7                     | Züge 162 | LLR_A -2.54 | LLR_B +0.25 | ΔElo~-57 | Stand v7 12:17 v7cold | Elo 949/1051
  # 30/100:  39:50  -> v7cold                 | Züge 166 | LLR_A -2.54 | LLR_B +0.50 | ΔElo~-66 | Stand v7 12:18 v7cold | Elo 938/1062
  # 31/100:  22:9   -> v7                     | Züge 158 | LLR_A -2.54 | LLR_B +0.17 | ΔElo~-53 | Stand v7 13:18 v7cold | Elo 959/1041
  # 32/100:  43:29  -> v7                     | Züge 168 | LLR_A -2.54 | LLR_B -0.16 | ΔElo~-41 | Stand v7 14:18 v7cold | Elo 979/1021
  # 33/100:  30:44  -> v7cold                 | Züge 161 | LLR_A -2.54 | LLR_B +0.09 | ΔElo~-50 | Stand v7 14:19 v7cold | Elo 965/1035
  # 34/100:  44:52  -> v7cold                 | Züge 166 | LLR_A -2.54 | LLR_B +0.34 | ΔElo~-58 | Stand v7 14:20 v7cold | Elo 952/1048
  # 35/100:  50:62  -> v7cold                 | Züge 172 | LLR_A -2.54 | LLR_B +0.59 | ΔElo~-67 | Stand v7 14:21 v7cold | Elo 940/1060
  # 36/100:  39:32  -> v7                     | Züge 159 | LLR_A -2.54 | LLR_B +0.26 | ΔElo~-55 | Stand v7 15:21 v7cold | Elo 961/1039
  # 37/100:  27:36  -> v7cold                 | Züge 166 | LLR_A -2.54 | LLR_B +0.50 | ΔElo~-63 | Stand v7 15:22 v7cold | Elo 949/1051
  # 38/100:  58:56  -> v7                     | Züge 164 | LLR_A -2.54 | LLR_B +0.17 | ΔElo~-53 | Stand v7 16:22 v7cold | Elo 970/1030
  # 39/100:  41:19  -> v7                     | Züge 162 | LLR_A -2.54 | LLR_B -0.15 | ΔElo~-43 | Stand v7 17:22 v7cold | Elo 989/1011
  # 40/100:  29:38  -> v7cold                 | Züge 163 | LLR_A -2.54 | LLR_B +0.09 | ΔElo~-50 | Stand v7 17:23 v7cold | Elo 974/1026
  # 41/100:  22:40  -> v7cold                 | Züge 155 | LLR_A -2.54 | LLR_B +0.34 | ΔElo~-57 | Stand v7 17:24 v7cold | Elo 960/1040
  # 42/100:  23:30  -> v7cold                 | Züge 163 | LLR_A -2.54 | LLR_B +0.59 | ΔElo~-64 | Stand v7 17:25 v7cold | Elo 948/1052
  # 43/100:  36:40  -> v7cold                 | Züge 155 | LLR_A -2.54 | LLR_B +0.83 | ΔElo~-70 | Stand v7 17:26 v7cold | Elo 937/1063
  # 44/100:  33:41  -> v7cold                 | Züge 162 | LLR_A -2.54 | LLR_B +1.08 | ΔElo~-77 | Stand v7 17:27 v7cold | Elo 927/1073
  # 45/100:  46:34  -> v7                     | Züge 163 | LLR_A -2.54 | LLR_B +0.75 | ΔElo~-67 | Stand v7 18:27 v7cold | Elo 949/1051
  # 46/100:  23:25  -> v7cold                 | Züge 158 | LLR_A -2.54 | LLR_B +1.00 | ΔElo~-73 | Stand v7 18:28 v7cold | Elo 938/1062
  # 47/100:  30:35  -> v7cold                 | Züge 159 | LLR_A -2.54 | LLR_B +1.25 | ΔElo~-79 | Stand v7 18:29 v7cold | Elo 927/1073
  # 48/100:  23:41  -> v7cold                 | Züge 160 | LLR_A -2.54 | LLR_B +1.49 | ΔElo~-85 | Stand v7 18:30 v7cold | Elo 917/1083
  # 49/100:  41:47  -> v7cold                 | Züge 168 | LLR_A -2.54 | LLR_B +1.74 | ΔElo~-91 | Stand v7 18:31 v7cold | Elo 908/1092
  # 50/100:   9:31  -> v7cold                 | Züge 160 | LLR_A -2.54 | LLR_B +1.99 | ΔElo~-96 | Stand v7 18:32 v7cold | Elo 900/1100
  # 51/100:  19:33  -> v7cold                 | Züge 163 | LLR_A -2.54 | LLR_B +2.23 | ΔElo~-101 | Stand v7 18:33 v7cold | Elo 892/1108
  # 52/100:  51:44  -> v7                     | Züge 161 | LLR_A -2.54 | LLR_B +1.90 | ΔElo~-92 | Stand v7 19:33 v7cold | Elo 917/1083
  # 53/100:  31:36  -> v7cold                 | Züge 158 | LLR_A -2.54 | LLR_B +2.15 | ΔElo~-97 | Stand v7 19:34 v7cold | Elo 908/1092
  # 54/100:  48:39  -> v7                     | Züge 167 | LLR_A -2.54 | LLR_B +1.82 | ΔElo~-89 | Stand v7 20:34 v7cold | Elo 932/1068
  # 55/100:  20:41  -> v7cold                 | Züge 168 | LLR_A -2.54 | LLR_B +2.07 | ΔElo~-94 | Stand v7 20:35 v7cold | Elo 922/1078
  # 56/100:  14:39  -> v7cold                 | Züge 155 | LLR_A -2.54 | LLR_B +2.32 | ΔElo~-98 | Stand v7 20:36 v7cold | Elo 913/1087
  # 57/100:   8:39  -> v7cold                 | Züge 166 | LLR_A -2.54 | LLR_B +2.56 | ΔElo~-103 | Stand v7 20:37 v7cold | Elo 904/1096
  # 58/100:  31:43  -> v7cold                 | Züge 167 | LLR_A -2.54 | LLR_B +2.81 | ΔElo~-108 | Stand v7 20:38 v7cold | Elo 896/1104
  # 59/100:  40:19  -> v7                     | Züge 166 | LLR_A -2.54 | LLR_B +2.48 | ΔElo~-99 | Stand v7 21:38 v7cold | Elo 921/1079
  # 60/100:  15:46  -> v7cold                 | Züge 165 | LLR_A -2.54 | LLR_B +2.73 | ΔElo~-104 | Stand v7 21:39 v7cold | Elo 912/1088
  # 61/100:  47:36  -> v7                     | Züge 171 | LLR_A -2.54 | LLR_B +2.40 | ΔElo~-96 | Stand v7 22:39 v7cold | Elo 935/1065
  # 62/100:  31:47  -> v7cold                 | Züge 159 | LLR_A -2.54 | LLR_B +2.65 | ΔElo~-100 | Stand v7 22:40 v7cold | Elo 925/1075
  # 63/100:  15:35  -> v7cold                 | Züge 162 | LLR_A -2.54 | LLR_B +2.89 | ΔElo~-105 | Stand v7 22:41 v7cold | Elo 916/1084
  ⏹️  SPRT-Entscheid nach 63 Spielen: v7cold signifikant staerker (LLR_A=-2.54, LLR_B=+2.89).
--------------------------------------------------
🏆 ERGEBNIS: v7 22:41 v7cold (35% A-Siege) in 899.1s (0.1 Spiele/s)  [vorzeitig nach 63/100 Spielen]
   Ø Score: v7 29.3 | v7cold 36.3
   0:0-Spiele: 0/63 (0.0%)
   Elo: v7 916 | v7cold 1084
