🏟️ Mosaic-AI ARENA — Netz vs Netz (Rust) 🏟️
  v7(Stufe2) (Brett 0, 200 Sims, c_puct=1.5, Stufe 2/Netz-Value-Blatt) vs v7cold(Stufe2) (Brett 1, 200 Sims, c_puct=1.5, Stufe 2/Netz-Value-Blatt) — 100 Spiele  [SPRT p1=0.64, α=0.05, β=0.1]
--------------------------------------------------
  #  1/100:   0:0   -> v7cold(Stufe2)         | Züge 153 | LLR_A -0.33 | LLR_B +0.25 | ΔElo~-120 | Stand v7(Stufe2) 0:1 v7cold(Stufe2) | Elo 984/1016
  #  2/100:   1:15  -> v7cold(Stufe2)         | Züge 157 | LLR_A -0.66 | LLR_B +0.49 | ΔElo~-191 | Stand v7(Stufe2) 0:2 v7cold(Stufe2) | Elo 969/1031
  #  3/100:  16:44  -> v7cold(Stufe2)         | Züge 153 | LLR_A -0.99 | LLR_B +0.74 | ΔElo~-241 | Stand v7(Stufe2) 0:3 v7cold(Stufe2) | Elo 956/1044
  #  4/100:  22:0   -> v7(Stufe2)             | Züge 159 | LLR_A -0.74 | LLR_B +0.41 | ΔElo~-120 | Stand v7(Stufe2) 1:3 v7cold(Stufe2) | Elo 976/1024
  #  5/100:   5:14  -> v7cold(Stufe2)         | Züge 155 | LLR_A -1.07 | LLR_B +0.66 | ΔElo~-159 | Stand v7(Stufe2) 1:4 v7cold(Stufe2) | Elo 962/1038
  #  6/100:  17:43  -> v7cold(Stufe2)         | Züge 155 | LLR_A -1.40 | LLR_B +0.91 | ΔElo~-191 | Stand v7(Stufe2) 1:5 v7cold(Stufe2) | Elo 949/1051
  #  7/100:  33:8   -> v7(Stufe2)             | Züge 154 | LLR_A -1.15 | LLR_B +0.58 | ΔElo~-120 | Stand v7(Stufe2) 2:5 v7cold(Stufe2) | Elo 970/1030
  #  8/100:  11:0   -> v7(Stufe2)             | Züge 164 | LLR_A -0.90 | LLR_B +0.25 | ΔElo~-70 | Stand v7(Stufe2) 3:5 v7cold(Stufe2) | Elo 989/1011
  #  9/100:  32:36  -> v7cold(Stufe2)         | Züge 159 | LLR_A -1.23 | LLR_B +0.50 | ΔElo~-97 | Stand v7(Stufe2) 3:6 v7cold(Stufe2) | Elo 974/1026
  # 10/100:  22:5   -> v7(Stufe2)             | Züge 154 | LLR_A -0.98 | LLR_B +0.17 | ΔElo~-58 | Stand v7(Stufe2) 4:6 v7cold(Stufe2) | Elo 992/1008
  # 11/100:   8:0   -> v7(Stufe2)             | Züge 161 | LLR_A -0.74 | LLR_B -0.16 | ΔElo~-27 | Stand v7(Stufe2) 5:6 v7cold(Stufe2) | Elo 1009/991
  # 12/100:   9:29  -> v7cold(Stufe2)         | Züge 164 | LLR_A -1.07 | LLR_B +0.09 | ΔElo~-50 | Stand v7(Stufe2) 5:7 v7cold(Stufe2) | Elo 992/1008
  # 13/100:   7:44  -> v7cold(Stufe2)         | Züge 158 | LLR_A -1.39 | LLR_B +0.33 | ΔElo~-70 | Stand v7(Stufe2) 5:8 v7cold(Stufe2) | Elo 977/1023
  # 14/100:  40:18  -> v7(Stufe2)             | Züge 156 | LLR_A -1.15 | LLR_B +0.00 | ΔElo~-44 | Stand v7(Stufe2) 6:8 v7cold(Stufe2) | Elo 995/1005
  # 15/100:  24:28  -> v7cold(Stufe2)         | Züge 159 | LLR_A -1.48 | LLR_B +0.25 | ΔElo~-62 | Stand v7(Stufe2) 6:9 v7cold(Stufe2) | Elo 979/1021
  # 16/100:   3:0   -> v7(Stufe2)             | Züge 156 | LLR_A -1.23 | LLR_B -0.08 | ΔElo~-39 | Stand v7(Stufe2) 7:9 v7cold(Stufe2) | Elo 997/1003
  # 17/100:  19:18  -> v7(Stufe2)             | Züge 157 | LLR_A -0.98 | LLR_B -0.41 | ΔElo~-18 | Stand v7(Stufe2) 8:9 v7cold(Stufe2) | Elo 1013/987
  # 18/100:  62:44  -> v7(Stufe2)             | Züge 174 | LLR_A -0.73 | LLR_B -0.73 | ΔElo~-0 | Stand v7(Stufe2) 9:9 v7cold(Stufe2) | Elo 1028/972
  # 19/100:   7:12  -> v7cold(Stufe2)         | Züge 156 | LLR_A -1.06 | LLR_B -0.49 | ΔElo~-17 | Stand v7(Stufe2) 9:10 v7cold(Stufe2) | Elo 1009/991
  # 20/100:  39:39  -> v7cold(Stufe2)         | Züge 165 | LLR_A -1.39 | LLR_B -0.24 | ΔElo~-32 | Stand v7(Stufe2) 9:11 v7cold(Stufe2) | Elo 992/1008
  # 21/100:  32:19  -> v7(Stufe2)             | Züge 159 | LLR_A -1.14 | LLR_B -0.57 | ΔElo~-15 | Stand v7(Stufe2) 10:11 v7cold(Stufe2) | Elo 1009/991
  # 22/100:  21:25  -> v7cold(Stufe2)         | Züge 158 | LLR_A -1.47 | LLR_B -0.32 | ΔElo~-29 | Stand v7(Stufe2) 10:12 v7cold(Stufe2) | Elo 992/1008
  # 23/100:  40:15  -> v7(Stufe2)             | Züge 166 | LLR_A -1.23 | LLR_B -0.65 | ΔElo~-14 | Stand v7(Stufe2) 11:12 v7cold(Stufe2) | Elo 1009/991
  # 24/100:  24:24  -> v7cold(Stufe2)         | Züge 167 | LLR_A -1.56 | LLR_B -0.40 | ΔElo~-27 | Stand v7(Stufe2) 11:13 v7cold(Stufe2) | Elo 992/1008
  # 25/100:  28:0   -> v7(Stufe2)             | Züge 157 | LLR_A -1.31 | LLR_B -0.73 | ΔElo~-13 | Stand v7(Stufe2) 12:13 v7cold(Stufe2) | Elo 1009/991
  # 26/100:   0:0   -> v7cold(Stufe2)         | Züge 152 | LLR_A -1.64 | LLR_B -0.49 | ΔElo~-25 | Stand v7(Stufe2) 12:14 v7cold(Stufe2) | Elo 992/1008
  # 27/100:   3:3   -> v7cold(Stufe2)         | Züge 152 | LLR_A -1.97 | LLR_B -0.24 | ΔElo~-36 | Stand v7(Stufe2) 12:15 v7cold(Stufe2) | Elo 977/1023
  # 28/100:   4:13  -> v7cold(Stufe2)         | Züge 156 | LLR_A -2.29 | LLR_B +0.01 | ΔElo~-47 | Stand v7(Stufe2) 12:16 v7cold(Stufe2) | Elo 963/1037
  # 29/100:  19:3   -> v7(Stufe2)             | Züge 156 | LLR_A -2.29 | LLR_B -0.32 | ΔElo~-34 | Stand v7(Stufe2) 13:16 v7cold(Stufe2) | Elo 982/1018
  # 30/100:  25:0   -> v7(Stufe2)             | Züge 158 | LLR_A -2.29 | LLR_B -0.65 | ΔElo~-22 | Stand v7(Stufe2) 14:16 v7cold(Stufe2) | Elo 1000/1000
  # 31/100:   7:25  -> v7cold(Stufe2)         | Züge 155 | LLR_A -2.29 | LLR_B -0.40 | ΔElo~-32 | Stand v7(Stufe2) 14:17 v7cold(Stufe2) | Elo 984/1016
  # 32/100:  26:9   -> v7(Stufe2)             | Züge 156 | LLR_A -2.29 | LLR_B -0.73 | ΔElo~-20 | Stand v7(Stufe2) 15:17 v7cold(Stufe2) | Elo 1001/999
  # 33/100:  15:0   -> v7(Stufe2)             | Züge 158 | LLR_A -2.29 | LLR_B -1.06 | ΔElo~-10 | Stand v7(Stufe2) 16:17 v7cold(Stufe2) | Elo 1017/983
  # 34/100:  17:39  -> v7cold(Stufe2)         | Züge 169 | LLR_A -2.29 | LLR_B -0.81 | ΔElo~-19 | Stand v7(Stufe2) 16:18 v7cold(Stufe2) | Elo 999/1001
  # 35/100:   0:0   -> v7cold(Stufe2)         | Züge 161 | LLR_A -2.29 | LLR_B -0.57 | ΔElo~-28 | Stand v7(Stufe2) 16:19 v7cold(Stufe2) | Elo 983/1017
  # 36/100:  23:17  -> v7(Stufe2)             | Züge 158 | LLR_A -2.29 | LLR_B -0.89 | ΔElo~-18 | Stand v7(Stufe2) 17:19 v7cold(Stufe2) | Elo 1001/999
  # 37/100:  23:33  -> v7cold(Stufe2)         | Züge 164 | LLR_A -2.29 | LLR_B -0.65 | ΔElo~-27 | Stand v7(Stufe2) 17:20 v7cold(Stufe2) | Elo 985/1015
  # 38/100:  32:27  -> v7(Stufe2)             | Züge 160 | LLR_A -2.29 | LLR_B -0.98 | ΔElo~-17 | Stand v7(Stufe2) 18:20 v7cold(Stufe2) | Elo 1002/998
  # 39/100:  30:9   -> v7(Stufe2)             | Züge 160 | LLR_A -2.29 | LLR_B -1.30 | ΔElo~-8 | Stand v7(Stufe2) 19:20 v7cold(Stufe2) | Elo 1018/982
  # 40/100:  22:13  -> v7(Stufe2)             | Züge 160 | LLR_A -2.29 | LLR_B -1.63 | ΔElo~-0 | Stand v7(Stufe2) 20:20 v7cold(Stufe2) | Elo 1032/968
  # 41/100:   0:23  -> v7cold(Stufe2)         | Züge 147 | LLR_A -2.29 | LLR_B -1.39 | ΔElo~-8 | Stand v7(Stufe2) 20:21 v7cold(Stufe2) | Elo 1013/987
  # 42/100:  23:5   -> v7(Stufe2)             | Züge 166 | LLR_A -2.29 | LLR_B -1.71 | ΔElo~-0 | Stand v7(Stufe2) 21:21 v7cold(Stufe2) | Elo 1028/972
  # 43/100:  41:24  -> v7(Stufe2)             | Züge 167 | LLR_A -2.29 | LLR_B -2.04 | ΔElo~+8 | Stand v7(Stufe2) 22:21 v7cold(Stufe2) | Elo 1041/959
  # 44/100:   0:0   -> v7cold(Stufe2)         | Züge 157 | LLR_A -2.29 | LLR_B -1.80 | ΔElo~-0 | Stand v7(Stufe2) 22:22 v7cold(Stufe2) | Elo 1021/979
  # 45/100:   0:18  -> v7cold(Stufe2)         | Züge 158 | LLR_A -2.29 | LLR_B -1.55 | ΔElo~-7 | Stand v7(Stufe2) 22:23 v7cold(Stufe2) | Elo 1003/997
  # 46/100:  14:9   -> v7(Stufe2)             | Züge 152 | LLR_A -2.29 | LLR_B -1.88 | ΔElo~-0 | Stand v7(Stufe2) 23:23 v7cold(Stufe2) | Elo 1019/981
  # 47/100:  29:16  -> v7(Stufe2)             | Züge 162 | LLR_A -2.29 | LLR_B -2.21 | ΔElo~+7 | Stand v7(Stufe2) 24:23 v7cold(Stufe2) | Elo 1033/967
  # 48/100:   0:0   -> v7cold(Stufe2)         | Züge 156 | LLR_A -2.29 | LLR_B -1.96 | ΔElo~-0 | Stand v7(Stufe2) 24:24 v7cold(Stufe2) | Elo 1014/986
  # 49/100:  16:8   -> v7(Stufe2)             | Züge 157 | LLR_A -2.29 | LLR_B -2.29 | ΔElo~+7 | Stand v7(Stufe2) 25:24 v7cold(Stufe2) | Elo 1029/971
  ⏹️  SPRT-Entscheid nach 49 Spielen: Gleich stark (beide Seiten nicht signifikant staerker) (LLR_A=-2.29, LLR_B=-2.29).
--------------------------------------------------
🏆 ERGEBNIS: v7(Stufe2) 25:24 v7cold(Stufe2) (51% A-Siege) in 778.2s (0.1 Spiele/s)  [vorzeitig nach 49/100 Spielen]
   Ø Score: v7(Stufe2) 18.2 | v7cold(Stufe2) 15.8
   0:0-Spiele: 5/49 (10.2%)
   Elo: v7(Stufe2) 1029 | v7cold(Stufe2) 971
