🏟️ Mosaic-AI ARENA — Netz vs Netz (Rust) 🏟️
  v1b_w15_e50 (Brett 0, 200 Sims, c_puct=1.5, Stufe 1/DFS-Blatt) vs v1b_w0_e50 (Brett 1, 200 Sims, c_puct=1.5, Stufe 1/DFS-Blatt) — 100 Spiele
--------------------------------------------------
  #  1/100:  44:47  -> v1b_w0_e50             | Züge 161 | Strength 0.640 | Stand v1b_w15_e50 0:1 v1b_w0_e50 | Elo 990/1010
  #  2/100:  39:53  -> v1b_w0_e50             | Züge 165 | Strength 0.970 | Stand v1b_w15_e50 0:2 v1b_w0_e50 | Elo 975/1025
  #  3/100:  33:38  -> v1b_w0_e50             | Züge 155 | Strength 0.677 | Stand v1b_w15_e50 0:3 v1b_w0_e50 | Elo 966/1034
  #  4/100:  12:21  -> v1b_w0_e50             | Züge 160 | Strength 0.606 | Stand v1b_w15_e50 0:4 v1b_w0_e50 | Elo 958/1042
  #  5/100:  29:30  -> v1b_w0_e50             | Züge 155 | Strength 0.468 | Stand v1b_w15_e50 0:5 v1b_w0_e50 | Elo 952/1048
  #  6/100:  49:43  -> v1b_w15_e50            | Züge 160 | Strength 0.730 | Stand v1b_w15_e50 1:5 v1b_w0_e50 | Elo 967/1033
  #  7/100:   1:7   -> v1b_w0_e50             | Züge 146 | Strength 0.359 | Stand v1b_w15_e50 1:6 v1b_w0_e50 | Elo 962/1038
  #  8/100:  42:29  -> v1b_w15_e50            | Züge 161 | Strength 0.940 | Stand v1b_w15_e50 2:6 v1b_w0_e50 | Elo 980/1020
  #  9/100:  37:20  -> v1b_w15_e50            | Züge 164 | Strength 0.966 | Stand v1b_w15_e50 3:6 v1b_w0_e50 | Elo 997/1003
  # 10/100:  34:21  -> v1b_w15_e50            | Züge 156 | Strength 0.873 | Stand v1b_w15_e50 4:6 v1b_w0_e50 | Elo 1011/989
  # 11/100:  17:42  -> v1b_w0_e50             | Züge 164 | Strength 1.000 | Stand v1b_w15_e50 5:6 v1b_w0_e50 | Elo 987/1013
  # 12/100:  24:28  -> v1b_w0_e50             | Züge 161 | Strength 0.535 | Stand v1b_w15_e50 5:7 v1b_w0_e50 | Elo 979/1021
  # 13/100:  33:24  -> v1b_w15_e50            | Züge 149 | Strength 0.741 | Stand v1b_w15_e50 6:7 v1b_w0_e50 | Elo 992/1008
  # 14/100:  48:33  -> v1b_w15_e50            | Züge 160 | Strength 1.000 | Stand v1b_w15_e50 7:7 v1b_w0_e50 | Elo 1009/991
  # 15/100:  38:27  -> v1b_w15_e50            | Züge 159 | Strength 0.857 | Stand v1b_w15_e50 8:7 v1b_w0_e50 | Elo 1022/978
  # 16/100:   8:32  -> v1b_w0_e50             | Züge 162 | Strength 0.910 | Stand v1b_w15_e50 8:8 v1b_w0_e50 | Elo 1006/994
  # 17/100:  51:30  -> v1b_w15_e50            | Züge 161 | Strength 1.000 | Stand v1b_w15_e50 9:8 v1b_w0_e50 | Elo 1021/979
  # 18/100:  63:8   -> v1b_w15_e50            | Züge 161 | Strength 1.000 | Stand v1b_w15_e50 10:8 v1b_w0_e50 | Elo 1035/965
  # 19/100:   7:35  -> v1b_w0_e50             | Züge 164 | Strength 0.944 | Stand v1b_w15_e50 10:9 v1b_w0_e50 | Elo 1017/983
  # 20/100:  57:27  -> v1b_w15_e50            | Züge 166 | Strength 1.000 | Stand v1b_w15_e50 11:9 v1b_w0_e50 | Elo 1031/969
  # 21/100:  31:21  -> v1b_w15_e50            | Züge 163 | Strength 0.749 | Stand v1b_w15_e50 12:9 v1b_w0_e50 | Elo 1041/959
  # 22/100:  32:46  -> v1b_w0_e50             | Züge 155 | Strength 0.970 | Stand v1b_w15_e50 12:10 v1b_w0_e50 | Elo 1022/978
  # 23/100:  47:17  -> v1b_w15_e50            | Züge 164 | Strength 1.000 | Stand v1b_w15_e50 13:10 v1b_w0_e50 | Elo 1036/964
  # 24/100:   2:8   -> v1b_w0_e50             | Züge 159 | Strength 0.370 | Stand v1b_w15_e50 13:11 v1b_w0_e50 | Elo 1029/971
  # 25/100:  54:36  -> v1b_w15_e50            | Züge 159 | Strength 1.000 | Stand v1b_w15_e50 14:11 v1b_w0_e50 | Elo 1042/958
  # 26/100:  33:15  -> v1b_w15_e50            | Züge 155 | Strength 0.921 | Stand v1b_w15_e50 15:11 v1b_w0_e50 | Elo 1053/947
  # 27/100:  26:29  -> v1b_w0_e50             | Züge 168 | Strength 0.516 | Stand v1b_w15_e50 15:12 v1b_w0_e50 | Elo 1042/958
  # 28/100:   4:20  -> v1b_w0_e50             | Züge 159 | Strength 0.775 | Stand v1b_w15_e50 15:13 v1b_w0_e50 | Elo 1027/973
  # 29/100:  25:31  -> v1b_w0_e50             | Züge 150 | Strength 0.629 | Stand v1b_w15_e50 15:14 v1b_w0_e50 | Elo 1015/985
  # 30/100:  23:45  -> v1b_w0_e50             | Züge 165 | Strength 1.000 | Stand v1b_w15_e50 15:15 v1b_w0_e50 | Elo 998/1002   # 31/100:  18:14  -> v1b_w15_e50            | Züge 160 | Strength 0.422 | Stand v1b_w15_e50 16:15 v1b_w0_e50 | Elo 1005/995
  # 32/100:   6:21  -> v1b_w0_e50             | Züge 151 | Strength 0.786 | Stand v1b_w15_e50 16:16 v1b_w0_e50 | Elo 992/1008
  # 33/100:  25:42  -> v1b_w0_e50             | Züge 160 | Strength 1.000 | Stand v1b_w15_e50 16:17 v1b_w0_e50 | Elo 977/1023
  # 34/100:  74:43  -> v1b_w15_e50            | Züge 164 | Strength 1.000 | Stand v1b_w15_e50 17:17 v1b_w0_e50 | Elo 995/1005
  # 35/100:   7:15  -> v1b_w0_e50             | Züge 152 | Strength 0.509 | Stand v1b_w15_e50 17:18 v1b_w0_e50 | Elo 987/1013
  # 36/100:  34:40  -> v1b_w0_e50             | Züge 159 | Strength 0.730 | Stand v1b_w15_e50 17:19 v1b_w0_e50 | Elo 976/1024
  # 37/100:  10:50  -> v1b_w0_e50             | Züge 155 | Strength 1.000 | Stand v1b_w15_e50 17:20 v1b_w0_e50 | Elo 962/1038
  # 38/100:  39:43  -> v1b_w0_e50             | Züge 155 | Strength 0.670 | Stand v1b_w15_e50 17:21 v1b_w0_e50 | Elo 954/1046
  # 39/100:  20:15  -> v1b_w15_e50            | Züge 157 | Strength 0.475 | Stand v1b_w15_e50 18:21 v1b_w0_e50 | Elo 964/1036
  # 40/100:  10:0   -> v1b_w15_e50            | Züge 157 | Strength 0.513 | Stand v1b_w15_e50 19:21 v1b_w0_e50 | Elo 974/1026  # 41/100:  67:13  -> v1b_w15_e50            | Züge 162 | Strength 1.000 | Stand v1b_w15_e50 17:24 v1b_w0_e50 | Elo 1001/999
  # 42/100:  37:27  -> v1b_w15_e50            | Züge 146 | Strength 0.816 | Stand v1b_w15_e50 18:24 v1b_w0_e50 | Elo 1014/986
  # 43/100:  28:22  -> v1b_w15_e50            | Züge 171 | Strength 0.595 | Stand v1b_w15_e50 19:24 v1b_w0_e50 | Elo 1023/977
  # 44/100:  29:31  -> v1b_w0_e50             | Züge 159 | Strength 0.509 | Stand v1b_w15_e50 19:25 v1b_w0_e50 | Elo 1014/986
  # 45/100:  52:38  -> v1b_w15_e50            | Züge 152 | Strength 0.970 | Stand v1b_w15_e50 20:25 v1b_w0_e50 | Elo 1028/972
  # 46/100:  23:47  -> v1b_w0_e50             | Züge 163 | Strength 1.000 | Stand v1b_w15_e50 20:26 v1b_w0_e50 | Elo 1009/991
  # 47/100:  47:21  -> v1b_w15_e50            | Züge 160 | Strength 1.000 | Stand v1b_w15_e50 21:26 v1b_w0_e50 | Elo 1024/976
  # 48/100:  44:49  -> v1b_w0_e50             | Züge 163 | Strength 0.700 | Stand v1b_w15_e50 21:27 v1b_w0_e50 | Elo 1011/989
  # 49/100:  41:8   -> v1b_w15_e50            | Züge 165 | Strength 1.000 | Stand v1b_w15_e50 22:27 v1b_w0_e50 | Elo 1026/974
  # 50/100:  41:25  -> v1b_w15_e50            | Züge 159 | Strength 1.000 | Stand v1b_w15_e50 23:27 v1b_w0_e50 | Elo 1040/960
   # 51/100:  74:38  -> v1b_w15_e50            | Züge 161 | Strength 1.000 | Stand v1b_w15_e50 23:28 v1b_w0_e50 | Elo 970/1030
  # 52/100:  19:28  -> v1b_w0_e50             | Züge 153 | Strength 0.685 | Stand v1b_w15_e50 23:29 v1b_w0_e50 | Elo 961/1039
  # 53/100:  30:37  -> v1b_w0_e50             | Züge 159 | Strength 0.726 | Stand v1b_w15_e50 23:30 v1b_w0_e50 | Elo 952/1048
  # 54/100:  16:30  -> v1b_w0_e50             | Züge 157 | Strength 0.858 | Stand v1b_w15_e50 23:31 v1b_w0_e50 | Elo 942/1058
  # 55/100:  16:40  -> v1b_w0_e50             | Züge 161 | Strength 1.000 | Stand v1b_w15_e50 23:32 v1b_w0_e50 | Elo 931/1069
  # 56/100:   1:41  -> v1b_w0_e50             | Züge 159 | Strength 1.000 | Stand v1b_w15_e50 23:33 v1b_w0_e50 | Elo 921/1079
  # 57/100:  44:35  -> v1b_w15_e50            | Züge 166 | Strength 0.820 | Stand v1b_w15_e50 24:33 v1b_w0_e50 | Elo 940/1060
  # 58/100:  30:32  -> v1b_w0_e50             | Züge 164 | Strength 0.520 | Stand v1b_w15_e50 24:34 v1b_w0_e50 | Elo 934/1066
  # 59/100:  53:53  -> v1b_w0_e50             | Züge 163 | Strength 0.550 | Stand v1b_w15_e50 24:35 v1b_w0_e50 | Elo 928/1072
  # 60/100:  14:34  -> v1b_w0_e50             | Züge 161 | Strength 0.933 | Stand v1b_w15_e50 24:36 v1b_w0_e50 | Elo 919/1081
  # 61/100:  21:36  -> v1b_w0_e50             | Züge 161 | Strength 0.955 | Stand v1b_w15_e50 24:37 v1b_w0_e50 | Elo 910/1090
  # 62/100:  25:50  -> v1b_w0_e50             | Züge 158 | Strength 1.000 | Stand v1b_w15_e50 24:38 v1b_w0_e50 | Elo 902/1098
  # 63/100:  26:4   -> v1b_w15_e50            | Züge 160 | Strength 0.843 | Stand v1b_w15_e50 25:38 v1b_w0_e50 | Elo 922/1078
  # 64/100:  22:54  -> v1b_w0_e50             | Züge 162 | Strength 1.000 | Stand v1b_w15_e50 25:39 v1b_w0_e50 | Elo 913/1087
  # 65/100:  23:10  -> v1b_w15_e50            | Züge 155 | Strength 0.749 | Stand v1b_w15_e50 26:39 v1b_w0_e50 | Elo 931/1069
  # 66/100:  68:25  -> v1b_w15_e50            | Züge 165 | Strength 1.000 | Stand v1b_w15_e50 27:39 v1b_w0_e50 | Elo 953/1047
  # 67/100:   4:28  -> v1b_w0_e50             | Züge 164 | Strength 0.865 | Stand v1b_w15_e50 27:40 v1b_w0_e50 | Elo 943/1057
  # 68/100:  11:33  -> v1b_w0_e50             | Züge 155 | Strength 0.921 | Stand v1b_w15_e50 27:41 v1b_w0_e50 | Elo 933/1067
  # 69/100:  44:45  -> v1b_w0_e50             | Züge 161 | Strength 0.580 | Stand v1b_w15_e50 27:42 v1b_w0_e50 | Elo 927/1073
  # 70/100:  21:40  -> v1b_w0_e50             | Züge 159 | Strength 1.000 | Stand v1b_w15_e50 27:43 v1b_w0_e50 | Elo 917/1083
  # 71/100:  37:33  -> v1b_w15_e50            | Züge 165 | Strength 0.636 | Stand v1b_w15_e50 34:37 v1b_w0_e50 | Elo 1033/967
  # 72/100:  19:42  -> v1b_w0_e50             | Züge 159 | Strength 1.000 | Stand v1b_w15_e50 34:38 v1b_w0_e50 | Elo 1014/986
  # 73/100:  58:42  -> v1b_w15_e50            | Züge 156 | Strength 1.000 | Stand v1b_w15_e50 35:38 v1b_w0_e50 | Elo 1029/971
  # 74/100:  19:43  -> v1b_w0_e50             | Züge 157 | Strength 1.000 | Stand v1b_w15_e50 35:39 v1b_w0_e50 | Elo 1010/990
  # 75/100:  23:27  -> v1b_w0_e50             | Züge 154 | Strength 0.524 | Stand v1b_w15_e50 35:40 v1b_w0_e50 | Elo 1001/999
  # 76/100:  62:22  -> v1b_w15_e50            | Züge 157 | Strength 1.000 | Stand v1b_w15_e50 36:40 v1b_w0_e50 | Elo 1017/983
  # 77/100:  30:62  -> v1b_w0_e50             | Züge 163 | Strength 1.000 | Stand v1b_w15_e50 36:41 v1b_w0_e50 | Elo 999/1001
  # 78/100:  33:40  -> v1b_w0_e50             | Züge 155 | Strength 0.760 | Stand v1b_w15_e50 36:42 v1b_w0_e50 | Elo 987/1013
  # 79/100:  13:38  -> v1b_w0_e50             | Züge 160 | Strength 0.978 | Stand v1b_w15_e50 36:43 v1b_w0_e50 | Elo 973/1027
  # 80/100:  55:48  -> v1b_w15_e50            | Züge 162 | Strength 0.760 | Stand v1b_w15_e50 37:43 v1b_w0_e50 | Elo 987/1013
  # 81/100:   3:14  -> v1b_w0_e50             | Züge 158 | Strength 0.587 | Stand v1b_w15_e50 37:44 v1b_w0_e50 | Elo 978/1022
  # 82/100:  15:6   -> v1b_w15_e50            | Züge 164 | Strength 0.539 | Stand v1b_w15_e50 38:44 v1b_w0_e50 | Elo 988/1012
  # 83/100:  65:46  -> v1b_w15_e50            | Züge 157 | Strength 1.000 | Stand v1b_w15_e50 39:44 v1b_w0_e50 | Elo 1005/995
  # 84/100:  42:23  -> v1b_w15_e50            | Züge 158 | Strength 1.000 | Stand v1b_w15_e50 40:44 v1b_w0_e50 | Elo 1021/979
  # 85/100:  53:41  -> v1b_w15_e50            | Züge 163 | Strength 0.910 | Stand v1b_w15_e50 41:44 v1b_w0_e50 | Elo 1034/966
  # 86/100:  40:25  -> v1b_w15_e50            | Züge 158 | Strength 1.000 | Stand v1b_w15_e50 42:44 v1b_w0_e50 | Elo 1047/953
  # 87/100:  35:38  -> v1b_w0_e50             | Züge 160 | Strength 0.617 | Stand v1b_w15_e50 42:45 v1b_w0_e50 | Elo 1035/965
  # 88/100:  30:6   -> v1b_w15_e50            | Züge 151 | Strength 0.888 | Stand v1b_w15_e50 43:45 v1b_w0_e50 | Elo 1046/954
  # 89/100:  36:0   -> v1b_w15_e50            | Züge 161 | Strength 0.955 | Stand v1b_w15_e50 44:45 v1b_w0_e50 | Elo 1057/943
  # 90/100:  40:18  -> v1b_w15_e50            | Züge 157 | Strength 1.000 | Stand v1b_w15_e50 45:45 v1b_w0_e50 | Elo 1068/932
  # 91/100:  24:38  -> v1b_w0_e50             | Züge 159 | Strength 0.948 | Stand v1b_w15_e50 45:46 v1b_w0_e50 | Elo 1047/953
  # 92/100:  53:6   -> v1b_w15_e50            | Züge 159 | Strength 1.000 | Stand v1b_w15_e50 46:46 v1b_w0_e50 | Elo 1059/941
  # 93/100:  29:53  -> v1b_w0_e50             | Züge 164 | Strength 1.000 | Stand v1b_w15_e50 46:47 v1b_w0_e50 | Elo 1038/962
  # 94/100:  28:39  -> v1b_w0_e50             | Züge 166 | Strength 0.869 | Stand v1b_w15_e50 46:48 v1b_w0_e50 | Elo 1021/979
  # 95/100:  34:33  -> v1b_w15_e50            | Züge 163 | Strength 0.512 | Stand v1b_w15_e50 47:48 v1b_w0_e50 | Elo 1028/972
  # 96/100:  31:11  -> v1b_w15_e50            | Züge 158 | Strength 0.899 | Stand v1b_w15_e50 48:48 v1b_w0_e50 | Elo 1040/960
  # 97/100:  27:47  -> v1b_w0_e50             | Züge 160 | Strength 1.000 | Stand v1b_w15_e50 48:49 v1b_w0_e50 | Elo 1020/980
  # 98/100:  34:63  -> v1b_w0_e50             | Züge 160 | Strength 1.000 | Stand v1b_w15_e50 48:50 v1b_w0_e50 | Elo 1002/998
  # 99/100:  41:40  -> v1b_w15_e50            | Züge 152 | Strength 0.580 | Stand v1b_w15_e50 49:50 v1b_w0_e50 | Elo 1011/989
  #100/100:  41:40  -> v1b_w15_e50            | Züge 162 | Strength 0.580 | Stand v1b_w15_e50 50:50 v1b_w0_e50 | Elo 1020/980
--------------------------------------------------
🏆 ERGEBNIS: v1b_w15_e50 50:50 v1b_w0_e50 (50% A-Siege) in 1877.4s (0.1 Spiele/s)
   Ø Score: v1b_w15_e50 32.7 | v1b_w0_e50 31.0
   0:0-Spiele: 0/100 (0.0%)
   Elo: v1b_w15_e50 1020 | v1b_w0_e50 980

