🏟️ Mosaic-AI ARENA — Netz vs Netz (Rust) 🏟️
  v1b_w15_e50 (Brett 0, 200 Sims, c_puct=1.5, Stufe 2/Netz-Value-Blatt) vs v1b_w0_e50 (Brett 1, 200 Sims, c_puct=1.5, Stufe 2/Netz-Value-Blatt) — 100 Spiele
--------------------------------------------------
  #  1/100:   0:29  -> v1b_w0_e50             | Züge 161 | Strength 0.876 | Stand v1b_w15_e50 0:1 v1b_w0_e50 | Elo 986/1014
  #  2/100:   0:5   -> v1b_w0_e50             | Züge 141 | Strength 0.306 | Stand v1b_w15_e50 0:2 v1b_w0_e50 | Elo 981/1019
  #  3/100:   0:18  -> v1b_w0_e50             | Züge 156 | Strength 0.753 | Stand v1b_w15_e50 0:3 v1b_w0_e50 | Elo 970/1030
  #  4/100:  26:0   -> v1b_w15_e50            | Züge 156 | Strength 0.843 | Stand v1b_w15_e50 1:3 v1b_w0_e50 | Elo 986/1014
  #  5/100:  23:9   -> v1b_w15_e50            | Züge 145 | Strength 0.779 | Stand v1b_w15_e50 2:3 v1b_w0_e50 | Elo 999/1001
  #  6/100:  27:17  -> v1b_w15_e50            | Züge 145 | Strength 0.704 | Stand v1b_w15_e50 3:3 v1b_w0_e50 | Elo 1010/990
  #  7/100:  13:0   -> v1b_w15_e50            | Züge 151 | Strength 0.636 | Stand v1b_w15_e50 4:3 v1b_w0_e50 | Elo 1020/980
  #  8/100:   0:12  -> v1b_w0_e50             | Züge 147 | Strength 0.595 | Stand v1b_w15_e50 4:4 v1b_w0_e50 | Elo 1009/991
  #  9/100:   0:44  -> v1b_w0_e50             | Züge 159 | Strength 1.000 | Stand v1b_w15_e50 4:5 v1b_w0_e50 | Elo 992/1008
  # 10/100:  14:6   -> v1b_w15_e50            | Züge 150 | Strength 0.497 | Stand v1b_w15_e50 5:5 v1b_w0_e50 | Elo 1000/1000
  # 11/100:  11:26  -> v1b_w0_e50             | Züge 153 | Strength 0.843 | Stand v1b_w15_e50 5:6 v1b_w0_e50 | Elo 987/1013
  # 12/100:  19:10  -> v1b_w15_e50            | Züge 159 | Strength 0.584 | Stand v1b_w15_e50 6:6 v1b_w0_e50 | Elo 997/1003
  # 13/100:  12:0   -> v1b_w15_e50            | Züge 150 | Strength 0.595 | Stand v1b_w15_e50 7:6 v1b_w0_e50 | Elo 1007/993
  # 14/100:   1:0   -> v1b_w15_e50            | Züge 164 | Strength 0.141 | Stand v1b_w15_e50 8:6 v1b_w0_e50 | Elo 1009/991
  # 15/100:  13:10  -> v1b_w15_e50            | Züge 151 | Strength 0.336 | Stand v1b_w15_e50 9:6 v1b_w0_e50 | Elo 1014/986
  # 16/100:   0:9   -> v1b_w0_e50             | Züge 144 | Strength 0.471 | Stand v1b_w15_e50 9:7 v1b_w0_e50 | Elo 1006/994
  # 17/100:  13:6   -> v1b_w15_e50            | Züge 155 | Strength 0.456 | Stand v1b_w15_e50 10:7 v1b_w0_e50 | Elo 1013/987
  # 18/100:  16:27  -> v1b_w0_e50             | Züge 155 | Strength 0.734 | Stand v1b_w15_e50 10:8 v1b_w0_e50 | Elo 1000/1000
  # 19/100:  17:13  -> v1b_w15_e50            | Züge 151 | Strength 0.411 | Stand v1b_w15_e50 11:8 v1b_w0_e50 | Elo 1007/993
  # 20/100:   5:0   -> v1b_w15_e50            | Züge 150 | Strength 0.306 | Stand v1b_w15_e50 12:8 v1b_w0_e50 | Elo 1012/988
  # 21/100:  20:14  -> v1b_w15_e50            | Züge 156 | Strength 0.505 | Stand v1b_w15_e50 13:8 v1b_w0_e50 | Elo 1020/980
  # 22/100:  17:8   -> v1b_w15_e50            | Züge 151 | Strength 0.561 | Stand v1b_w15_e50 14:8 v1b_w0_e50 | Elo 1028/972
  # 23/100:  15:8   -> v1b_w15_e50            | Züge 145 | Strength 0.479 | Stand v1b_w15_e50 15:8 v1b_w0_e50 | Elo 1034/966
  # 24/100:  13:17  -> v1b_w0_e50             | Züge 151 | Strength 0.411 | Stand v1b_w15_e50 15:9 v1b_w0_e50 | Elo 1026/974
  # 25/100:  10:13  -> v1b_w0_e50             | Züge 148 | Strength 0.336 | Stand v1b_w15_e50 15:10 v1b_w0_e50 | Elo 1020/980
  # 26/100:   9:13  -> v1b_w0_e50             | Züge 153 | Strength 0.366 | Stand v1b_w15_e50 15:11 v1b_w0_e50 | Elo 1013/987
  # 27/100:  13:26  -> v1b_w0_e50             | Züge 160 | Strength 0.782 | Stand v1b_w15_e50 15:12 v1b_w0_e50 | Elo 1000/1000
  # 28/100:  23:33  -> v1b_w0_e50             | Züge 161 | Strength 0.771 | Stand v1b_w15_e50 15:13 v1b_w0_e50 | Elo 988/1012
  # 29/100:   4:0   -> v1b_w15_e50            | Züge 158 | Strength 0.265 | Stand v1b_w15_e50 16:13 v1b_w0_e50 | Elo 993/1007
  # 30/100:  11:24  -> v1b_w0_e50             | Züge 155 | Strength 0.760 | Stand v1b_w15_e50 16:14 v1b_w0_e50 | Elo 981/1019
  # 31/100:  10:38  -> v1b_w0_e50             | Züge 156 | Strength 0.978 | Stand v1b_w15_e50 16:15 v1b_w0_e50 | Elo 967/1033
  # 32/100:   0:4   -> v1b_w0_e50             | Züge 153 | Strength 0.265 | Stand v1b_w15_e50 16:16 v1b_w0_e50 | Elo 964/1036
  # 33/100:   4:0   -> v1b_w15_e50            | Züge 154 | Strength 0.265 | Stand v1b_w15_e50 17:16 v1b_w0_e50 | Elo 969/1031
  # 34/100:   3:11  -> v1b_w0_e50             | Züge 155 | Strength 0.464 | Stand v1b_w15_e50 17:17 v1b_w0_e50 | Elo 963/1037
  # 35/100:  15:0   -> v1b_w15_e50            | Züge 160 | Strength 0.719 | Stand v1b_w15_e50 18:17 v1b_w0_e50 | Elo 977/1023
  # 36/100:   6:13  -> v1b_w0_e50             | Züge 151 | Strength 0.456 | Stand v1b_w15_e50 18:18 v1b_w0_e50 | Elo 971/1029
  # 37/100:   7:19  -> v1b_w0_e50             | Züge 150 | Strength 0.674 | Stand v1b_w15_e50 18:19 v1b_w0_e50 | Elo 962/1038
  # 38/100:   9:33  -> v1b_w0_e50             | Züge 156 | Strength 0.921 | Stand v1b_w15_e50 18:20 v1b_w0_e50 | Elo 950/1050
  # 39/100:   0:0   -> v1b_w0_e50             | Züge 156 | Strength 0.100 | Stand v1b_w15_e50 18:21 v1b_w0_e50 | Elo 949/1051
  # 40/100:   3:26  -> v1b_w0_e50             | Züge 157 | Strength 0.843 | Stand v1b_w15_e50 18:22 v1b_w0_e50 | Elo 939/1061
  # 41/100:   4:0   -> v1b_w15_e50            | Züge 146 | Strength 0.265 | Stand v1b_w15_e50 19:22 v1b_w0_e50 | Elo 945/1055
  # 42/100:  33:0   -> v1b_w15_e50            | Züge 156 | Strength 0.921 | Stand v1b_w15_e50 20:22 v1b_w0_e50 | Elo 964/1036
  # 43/100:   0:1   -> v1b_w0_e50             | Züge 156 | Strength 0.141 | Stand v1b_w15_e50 20:23 v1b_w0_e50 | Elo 962/1038
  # 44/100:   0:6   -> v1b_w0_e50             | Züge 155 | Strength 0.348 | Stand v1b_w15_e50 20:24 v1b_w0_e50 | Elo 958/1042
  # 45/100:  16:6   -> v1b_w15_e50            | Züge 152 | Strength 0.580 | Stand v1b_w15_e50 21:24 v1b_w0_e50 | Elo 969/1031
  # 46/100:  11:13  -> v1b_w0_e50             | Züge 160 | Strength 0.306 | Stand v1b_w15_e50 21:25 v1b_w0_e50 | Elo 965/1035
  # 47/100:  24:3   -> v1b_w15_e50            | Züge 155 | Strength 0.820 | Stand v1b_w15_e50 22:25 v1b_w0_e50 | Elo 981/1019
  # 48/100:  10:5   -> v1b_w15_e50            | Züge 148 | Strength 0.362 | Stand v1b_w15_e50 23:25 v1b_w0_e50 | Elo 987/1013
  # 49/100:   0:2   -> v1b_w0_e50             | Züge 156 | Strength 0.182 | Stand v1b_w15_e50 23:26 v1b_w0_e50 | Elo 984/1016
  # 50/100:   9:40  -> v1b_w0_e50             | Züge 147 | Strength 1.000 | Stand v1b_w15_e50 23:27 v1b_w0_e50 | Elo 969/1031
  # 51/100:   1:3   -> v1b_w0_e50             | Züge 154 | Strength 0.194 | Stand v1b_w15_e50 23:28 v1b_w0_e50 | Elo 966/1034
  # 52/100:  28:10  -> v1b_w15_e50            | Züge 159 | Strength 0.865 | Stand v1b_w15_e50 24:28 v1b_w0_e50 | Elo 983/1017
  # 53/100:  18:19  -> v1b_w0_e50             | Züge 161 | Strength 0.344 | Stand v1b_w15_e50 24:29 v1b_w0_e50 | Elo 978/1022
  # 54/100:   0:6   -> v1b_w0_e50             | Züge 154 | Strength 0.348 | Stand v1b_w15_e50 24:30 v1b_w0_e50 | Elo 973/1027
  # 55/100:  15:15  -> v1b_w0_e50             | Züge 153 | Strength 0.269 | Stand v1b_w15_e50 24:31 v1b_w0_e50 | Elo 969/1031
  # 56/100:  15:9   -> v1b_w15_e50            | Züge 151 | Strength 0.449 | Stand v1b_w15_e50 25:31 v1b_w0_e50 | Elo 977/1023
  # 57/100:  21:8   -> v1b_w15_e50            | Züge 153 | Strength 0.726 | Stand v1b_w15_e50 26:31 v1b_w0_e50 | Elo 990/1010
  # 58/100:   0:24  -> v1b_w0_e50             | Züge 156 | Strength 0.820 | Stand v1b_w15_e50 26:32 v1b_w0_e50 | Elo 978/1022
  # 59/100:   0:3   -> v1b_w0_e50             | Züge 159 | Strength 0.224 | Stand v1b_w15_e50 26:33 v1b_w0_e50 | Elo 975/1025
  # 60/100:   0:12  -> v1b_w0_e50             | Züge 152 | Strength 0.595 | Stand v1b_w15_e50 26:34 v1b_w0_e50 | Elo 967/1033
  # 61/100:  22:15  -> v1b_w15_e50            | Züge 155 | Strength 0.558 | Stand v1b_w15_e50 27:34 v1b_w0_e50 | Elo 978/1022
  # 62/100:   0:0   -> v1b_w0_e50             | Züge 155 | Strength 0.100 | Stand v1b_w15_e50 27:35 v1b_w0_e50 | Elo 977/1023
  # 63/100:   1:0   -> v1b_w15_e50            | Züge 160 | Strength 0.141 | Stand v1b_w15_e50 28:35 v1b_w0_e50 | Elo 980/1020
  # 64/100:  18:0   -> v1b_w15_e50            | Züge 148 | Strength 0.753 | Stand v1b_w15_e50 29:35 v1b_w0_e50 | Elo 993/1007
  # 65/100:  13:13  -> v1b_w0_e50             | Züge 152 | Strength 0.246 | Stand v1b_w15_e50 29:36 v1b_w0_e50 | Elo 989/1011
  # 66/100:  29:0   -> v1b_w15_e50            | Züge 162 | Strength 0.876 | Stand v1b_w15_e50 30:36 v1b_w0_e50 | Elo 1004/996
  # 67/100:   8:6   -> v1b_w15_e50            | Züge 150 | Strength 0.250 | Stand v1b_w15_e50 31:36 v1b_w0_e50 | Elo 1008/992
  # 68/100:   0:0   -> v1b_w0_e50             | Züge 154 | Strength 0.100 | Stand v1b_w15_e50 31:37 v1b_w0_e50 | Elo 1006/994
  # 69/100:  17:24  -> v1b_w0_e50             | Züge 157 | Strength 0.580 | Stand v1b_w15_e50 31:38 v1b_w0_e50 | Elo 996/1004
  # 70/100:   0:0   -> v1b_w0_e50             | Züge 155 | Strength 0.100 | Stand v1b_w15_e50 31:39 v1b_w0_e50 | Elo 994/1006
  # 71/100:   0:0   -> v1b_w0_e50             | Züge 145 | Strength 0.100 | Stand v1b_w15_e50 31:40 v1b_w0_e50 | Elo 992/1008
  # 72/100:  23:0   -> v1b_w15_e50            | Züge 159 | Strength 0.809 | Stand v1b_w15_e50 32:40 v1b_w0_e50 | Elo 1006/994
  # 73/100:  15:8   -> v1b_w15_e50            | Züge 152 | Strength 0.479 | Stand v1b_w15_e50 33:40 v1b_w0_e50 | Elo 1013/987
  # 74/100:   0:0   -> v1b_w0_e50             | Züge 152 | Strength 0.100 | Stand v1b_w15_e50 33:41 v1b_w0_e50 | Elo 1011/989
  # 75/100:   7:8   -> v1b_w0_e50             | Züge 149 | Strength 0.220 | Stand v1b_w15_e50 33:42 v1b_w0_e50 | Elo 1007/993
  # 76/100:   7:11  -> v1b_w0_e50             | Züge 147 | Strength 0.344 | Stand v1b_w15_e50 33:43 v1b_w0_e50 | Elo 1001/999
  # 77/100:  10:13  -> v1b_w0_e50             | Züge 145 | Strength 0.336 | Stand v1b_w15_e50 33:44 v1b_w0_e50 | Elo 996/1004
  # 78/100:   0:4   -> v1b_w0_e50             | Züge 148 | Strength 0.265 | Stand v1b_w15_e50 33:45 v1b_w0_e50 | Elo 992/1008
  # 79/100:  18:0   -> v1b_w15_e50            | Züge 160 | Strength 0.753 | Stand v1b_w15_e50 34:45 v1b_w0_e50 | Elo 1005/995
  # 80/100:   0:0   -> v1b_w0_e50             | Züge 150 | Strength 0.100 | Stand v1b_w15_e50 34:46 v1b_w0_e50 | Elo 1003/997
  # 81/100:  20:19  -> v1b_w15_e50            | Züge 160 | Strength 0.355 | Stand v1b_w15_e50 35:46 v1b_w0_e50 | Elo 1009/991
  # 82/100:   1:7   -> v1b_w0_e50             | Züge 148 | Strength 0.359 | Stand v1b_w15_e50 35:47 v1b_w0_e50 | Elo 1003/997
  # 83/100:   7:18  -> v1b_w0_e50             | Züge 154 | Strength 0.632 | Stand v1b_w15_e50 35:48 v1b_w0_e50 | Elo 993/1007
  # 84/100:   5:0   -> v1b_w15_e50            | Züge 158 | Strength 0.306 | Stand v1b_w15_e50 36:48 v1b_w0_e50 | Elo 998/1002
  # 85/100:   0:6   -> v1b_w0_e50             | Züge 147 | Strength 0.348 | Stand v1b_w15_e50 36:49 v1b_w0_e50 | Elo 993/1007
  # 86/100:  20:23  -> v1b_w0_e50             | Züge 155 | Strength 0.449 | Stand v1b_w15_e50 36:50 v1b_w0_e50 | Elo 986/1014
  # 87/100:   0:3   -> v1b_w0_e50             | Züge 151 | Strength 0.224 | Stand v1b_w15_e50 36:51 v1b_w0_e50 | Elo 983/1017
  # 88/100:   8:0   -> v1b_w15_e50            | Züge 157 | Strength 0.430 | Stand v1b_w15_e50 37:51 v1b_w0_e50 | Elo 991/1009
  # 89/100:  16:43  -> v1b_w0_e50             | Züge 147 | Strength 1.000 | Stand v1b_w15_e50 37:52 v1b_w0_e50 | Elo 976/1024
  # 90/100:   4:4   -> v1b_w0_e50             | Züge 151 | Strength 0.145 | Stand v1b_w15_e50 37:53 v1b_w0_e50 | Elo 974/1026
  # 91/100:   0:2   -> v1b_w0_e50             | Züge 149 | Strength 0.182 | Stand v1b_w15_e50 37:54 v1b_w0_e50 | Elo 972/1028
  # 92/100:  14:23  -> v1b_w0_e50             | Züge 153 | Strength 0.629 | Stand v1b_w15_e50 37:55 v1b_w0_e50 | Elo 964/1036
  # 93/100:   3:12  -> v1b_w0_e50             | Züge 156 | Strength 0.505 | Stand v1b_w15_e50 37:56 v1b_w0_e50 | Elo 958/1042
  # 94/100:  19:13  -> v1b_w15_e50            | Züge 144 | Strength 0.494 | Stand v1b_w15_e50 38:56 v1b_w0_e50 | Elo 968/1032
  # 95/100:  23:10  -> v1b_w15_e50            | Züge 152 | Strength 0.749 | Stand v1b_w15_e50 39:56 v1b_w0_e50 | Elo 982/1018
  # 96/100:   7:8   -> v1b_w0_e50             | Züge 150 | Strength 0.220 | Stand v1b_w15_e50 39:57 v1b_w0_e50 | Elo 979/1021
  # 97/100:   7:0   -> v1b_w15_e50            | Züge 157 | Strength 0.389 | Stand v1b_w15_e50 40:57 v1b_w0_e50 | Elo 986/1014
  # 98/100:   8:24  -> v1b_w0_e50             | Züge 151 | Strength 0.820 | Stand v1b_w15_e50 40:58 v1b_w0_e50 | Elo 974/1026
  # 99/100:   7:36  -> v1b_w0_e50             | Züge 153 | Strength 0.955 | Stand v1b_w15_e50 40:59 v1b_w0_e50 | Elo 961/1039
  #100/100:   0:12  -> v1b_w0_e50             | Züge 156 | Strength 0.595 | Stand v1b_w15_e50 40:60 v1b_w0_e50 | Elo 954/1046
--------------------------------------------------
🏆 ERGEBNIS: v1b_w15_e50 40:60 v1b_w0_e50 (40% A-Siege) in 1926.7s (0.1 Spiele/s)
   Ø Score: v1b_w15_e50 9.6 | v1b_w0_e50 10.9
   0:0-Spiele: 7/100 (7.0%)
   Elo: v1b_w15_e50 954 | v1b_w0_e50 1046
