📦 Lade HDF5-Cache (990 Dateien)...
Datensatz geladen: 1501066 Züge. (Features pro Zug: 684) — 29.1s
📦 Lade HDF5-Cache (110 Dateien)...
Datensatz geladen: 167036 Züge. (Features pro Zug: 684) — 3.1s
   Val-Split: 990 Trainings-Dateien / 110 Val-Dateien (1,501,066 / 167,036 Züge)
   Value-Ziel-Streuung: σ=0.183 (Varianz=0.0334, zum Vergleich mit v_pred σ unten; Varianz ist die Baseline-MSE bei reiner Mittelwert-Vorhersage)

🚀 Starte PyTorch Training auf: CUDA
🧠 Netz-Architektur: 684→512→512→512
⚙️  Hyperparameter (config.py):
   Learning Rate : 0.0004
   Value Weight  : 2
   Batch Size    : 256
   Value-Target  : tanh(eigen/50) - 0.1*tanh(gegner/50) (Endergebnis statt Win/Loss)
   Epochen       : 15
🆕 Neues Modell: Trainiere für 15 Epochen.
Epoche  1/15 | Total Loss:   3.06 (R²=+0.52, Policy:  3.03) | Val-R²=+0.35 | Policy-Val= 2.23 | v_pred μ=+0.18 σ=0.134
Epoche  2/15 | Total Loss:   3.00 (R²=+0.65, Policy:  2.98) | Val-R²=+0.29 | Policy-Val= 2.21 | v_pred μ=+0.19 σ=0.148
Epoche  3/15 | Total Loss:   2.97 (R²=+0.69, Policy:  2.95) | Val-R²=+0.27 | Policy-Val= 2.21 | v_pred μ=+0.19 σ=0.152
Epoche  4/15 | Total Loss:   2.95 (R²=+0.70, Policy:  2.93) | Val-R²=+0.27 | Policy-Val= 2.21 | v_pred μ=+0.19 σ=0.154
Epoche  5/15 | Total Loss:   2.93 (R²=+0.70, Policy:  2.91) | Val-R²=+0.27 | Policy-Val= 2.21 | v_pred μ=+0.19 σ=0.153
Epoche  6/15 | Total Loss:   2.91 (R²=+0.69, Policy:  2.89) | Val-R²=+0.27 | Policy-Val= 2.21 | v_pred μ=+0.19 σ=0.152
Epoche  7/15 | Total Loss:   2.88 (R²=+0.67, Policy:  2.86) | Val-R²=+0.28 | Policy-Val= 2.22 | v_pred μ=+0.19 σ=0.150
Epoche  8/15 | Total Loss:   2.84 (R²=+0.65, Policy:  2.82) | Val-R²=+0.28 | Policy-Val= 2.22 | v_pred μ=+0.19 σ=0.148
Epoche  9/15 | Total Loss:   2.79 (R²=+0.64, Policy:  2.77) | Val-R²=+0.30 | Policy-Val= 2.23 | v_pred μ=+0.19 σ=0.146
Epoche 10/15 | Total Loss:   2.75 (R²=+0.63, Policy:  2.72) | Val-R²=+0.30 | Policy-Val= 2.23 | v_pred μ=+0.19 σ=0.145
Epoche 11/15 | Total Loss:   2.70 (R²=+0.62, Policy:  2.68) | Val-R²=+0.30 | Policy-Val= 2.23 | v_pred μ=+0.19 σ=0.144
Epoche 12/15 | Total Loss:   2.67 (R²=+0.61, Policy:  2.64) | Val-R²=+0.30 | Policy-Val= 2.23 | v_pred μ=+0.19 σ=0.143
Epoche 13/15 | Total Loss:   2.63 (R²=+0.61, Policy:  2.61) | Val-R²=+0.31 | Policy-Val= 2.23 | v_pred μ=+0.19 σ=0.143
Epoche 14/15 | Total Loss:   2.60 (R²=+0.61, Policy:  2.58) | Val-R²=+0.31 | Policy-Val= 2.23 | v_pred μ=+0.19 σ=0.143
Epoche 15/15 | Total Loss:   2.58 (R²=+0.60, Policy:  2.55) | Val-R²=+0.31 | Policy-Val= 2.24 | v_pred μ=+0.19 σ=0.142

=======================================================
  PHASE 2: VALUE-KALIBRIERUNG (Trunk/Policy eingefroren)
───────────────────────────────────────────────────────
  Kalibrierung  1/50 | Val-R²=+0.308  (bislang bester: Epoche 1)
  Kalibrierung  2/50 | Val-R²=+0.300  (bislang bester: Epoche 1)
  Kalibrierung  3/50 | Val-R²=+0.306  (bislang bester: Epoche 1)
  Kalibrierung  4/50 | Val-R²=+0.303  (bislang bester: Epoche 1)
  Kalibrierung  5/50 | Val-R²=+0.307  (bislang bester: Epoche 1)
  Kalibrierung  6/50 | Val-R²=+0.304  (bislang bester: Epoche 1)
  Kalibrierung  7/50 | Val-R²=+0.307  (bislang bester: Epoche 1)
  Kalibrierung  8/50 | Val-R²=+0.300  (bislang bester: Epoche 1)
  Kalibrierung  9/50 | Val-R²=+0.296  (bislang bester: Epoche 1)
  ⏹️  Kalibrierung gestoppt: Val-R² seit Epoche 1 nicht mehr verbessert (Bestwert 0.308).
  ✅ Value-Head auf besten Kalibrierungs-Stand zurückgesetzt (Epoche 1, Val-R²=0.308).
=======================================================

=======================================================
  TRAINING SUMMARY
=======================================================
  Epochen:       15
  Züge:          1,501,066  (+167,036 Val, nie trainiert)
  Batches/Epoche:5863
───────────────────────────────────────────────────────
  Policy Loss:   2.5500 / 6.18 max  (41.3%)  🟠 Schwaches Signal
  Policy Val-Loss: 2.2354  (Gap ggü. Train: -0.3146)
  Value Loss:    0.0132  (R²=0.61 ggü. Mittelwert-Baseline)  🟡 Gut
  Value Val-R²:  0.31  (Gap ggü. Train: +0.30)  🟡 spürbarer Train/Val-Abstand — im Auge behalten
───────────────────────────────────────────────────────
  ℹ️  Phase 1 Val-R² war in Epoche 1 am besten (0.35), danach Überfitten (normal — Value trainiert bewusst bis zum Ende mit).
  🎯 Phase 2 (Value-Kalibrierung): bester Stand nach Epoche 1, Val-R²=0.31 — Wert oben spiegelt diesen kalibrierten Value-Head wider.
  🟢 Kein Plateau — Policy sinkt noch. Mehr Epochen möglich.
=======================================================

=======================================================
  NETZAUSLASTUNG (Hidden Size: 512)
───────────────────────────────────────────────────────
  Schicht          Dead   Aktiv-Rate        Eff.Rank
  ───────────────────────────────────────────────────
  layer1     0/512 (0%)          42%   217/512 (42%)
  layer2     0/512 (0%)          43%   202/512 (39%)
  layer3    144/512 (28%)          10%   163/512 (32%)
  ───────────────────────────────────────────────────
  🟢 Gesunde Auslastung (Dead 9%, Rank 38%).
=======================================================

✅ Training beendet! Neues Model gespeichert unter:
📂 D:\Archiv\Documents\Projekte\mosaic-AI\models\alphazero_v1b_w2.pth
📈 Loss-Verlauf gespeichert unter:
📂 D:\Archiv\Documents\Projekte\mosaic-AI\models\alphazero_v1b_w2_loss.png
✅ Exportiert: D:\Archiv\Documents\Projekte\mosaic-AI\models\alphazero_v1b_w2.onnx  (input=684, hidden=512, value_hidden=64, opset=13)
📎 Referenz für Rust-Parität: D:\Archiv\Documents\Projekte\mosaic-AI\models\alphazero_v1b_w2.onnx.ref.txt

=======================================================
  STUFE 1 vs. STUFE 2 (max. 50 Spiele, 200 Sims, Early-Stop)
───────────────────────────────────────────────────────
🏟️ Mosaic-AI ARENA — Netz vs Netz (Rust) 🏟️
  v1b_w2(Stufe1) (Brett 0, 200 Sims, c_puct=1.5, Stufe 1/DFS-Blatt) vs v1b_w2(Stufe2) (Brett 1, 200 Sims, c_puct=1.5, Stufe 2/Netz-Value-Blatt) — 50 Spiele
--------------------------------------------------
  #  1/50:  13:0   -> v1b_w2(Stufe1)         | Züge 158 | Strength 0.636 | Stand v1b_w2(Stufe1) 1:0 v1b_w2(Stufe2) | Elo 1010/990
  #  2/50:  52:33  -> v1b_w2(Stufe1)         | Züge 162 | Strength 1.000 | Stand v1b_w2(Stufe1) 2:0 v1b_w2(Stufe2) | Elo 1025/975
  #  3/50:  30:37  -> v1b_w2(Stufe2)         | Züge 155 | Strength 0.726 | Stand v1b_w2(Stufe1) 2:1 v1b_w2(Stufe2) | Elo 1012/988
  #  4/50:  13:23  -> v1b_w2(Stufe2)         | Züge 159 | Strength 0.659 | Stand v1b_w2(Stufe1) 2:2 v1b_w2(Stufe2) | Elo 1001/999
  #  5/50:  26:53  -> v1b_w2(Stufe2)         | Züge 171 | Strength 1.000 | Stand v1b_w2(Stufe1) 2:3 v1b_w2(Stufe2) | Elo 985/1015
  #  6/50:  28:13  -> v1b_w2(Stufe1)         | Züge 160 | Strength 0.865 | Stand v1b_w2(Stufe1) 3:3 v1b_w2(Stufe2) | Elo 1000/1000
  #  7/50:   0:0   -> v1b_w2(Stufe2)         | Züge 154 | Strength 0.100 | Stand v1b_w2(Stufe1) 3:4 v1b_w2(Stufe2) | Elo 998/1002
  #  8/50:  29:32  -> v1b_w2(Stufe2)         | Züge 161 | Strength 0.550 | Stand v1b_w2(Stufe1) 3:5 v1b_w2(Stufe2) | Elo 989/1011
  #  9/50:  26:0   -> v1b_w2(Stufe1)         | Züge 156 | Strength 0.843 | Stand v1b_w2(Stufe1) 4:5 v1b_w2(Stufe2) | Elo 1003/997
  # 10/50:  52:22  -> v1b_w2(Stufe1)         | Züge 166 | Strength 1.000 | Stand v1b_w2(Stufe1) 5:5 v1b_w2(Stufe2) | Elo 1019/981
  # 11/50:  48:9   -> v1b_w2(Stufe1)         | Züge 163 | Strength 1.000 | Stand v1b_w2(Stufe1) 6:5 v1b_w2(Stufe2) | Elo 1033/967
  # 12/50:  51:10  -> v1b_w2(Stufe1)         | Züge 154 | Strength 1.000 | Stand v1b_w2(Stufe1) 7:5 v1b_w2(Stufe2) | Elo 1046/954
  # 13/50:  51:46  -> v1b_w2(Stufe1)         | Züge 165 | Strength 0.700 | Stand v1b_w2(Stufe1) 8:5 v1b_w2(Stufe2) | Elo 1054/946
  # 14/50:  56:8   -> v1b_w2(Stufe1)         | Züge 149 | Strength 1.000 | Stand v1b_w2(Stufe1) 9:5 v1b_w2(Stufe2) | Elo 1065/935
  # 15/50:  49:0   -> v1b_w2(Stufe1)         | Züge 159 | Strength 1.000 | Stand v1b_w2(Stufe1) 10:5 v1b_w2(Stufe2) | Elo 1075/925
  # 16/50:   0:0   -> v1b_w2(Stufe2)         | Züge 160 | Strength 0.100 | Stand v1b_w2(Stufe1) 10:6 v1b_w2(Stufe2) | Elo 1073/927
  # 17/50:  19:24  -> v1b_w2(Stufe2)         | Züge 166 | Strength 0.520 | Stand v1b_w2(Stufe1) 10:7 v1b_w2(Stufe2) | Elo 1061/939
  # 18/50:  21:0   -> v1b_w2(Stufe1)         | Züge 151 | Strength 0.786 | Stand v1b_w2(Stufe1) 11:7 v1b_w2(Stufe2) | Elo 1069/931
  # 19/50:  34:24  -> v1b_w2(Stufe1)         | Züge 156 | Strength 0.782 | Stand v1b_w2(Stufe1) 12:7 v1b_w2(Stufe2) | Elo 1077/923
  # 20/50:  29:0   -> v1b_w2(Stufe1)         | Züge 157 | Strength 0.876 | Stand v1b_w2(Stufe1) 13:7 v1b_w2(Stufe2) | Elo 1085/915
  # 21/50:  40:0   -> v1b_w2(Stufe1)         | Züge 158 | Strength 1.000 | Stand v1b_w2(Stufe1) 14:7 v1b_w2(Stufe2) | Elo 1094/906
  # 22/50:  29:17  -> v1b_w2(Stufe1)         | Züge 155 | Strength 0.786 | Stand v1b_w2(Stufe1) 15:7 v1b_w2(Stufe2) | Elo 1100/900
  # 23/50:  10:6   -> v1b_w2(Stufe1)         | Züge 161 | Strength 0.333 | Stand v1b_w2(Stufe1) 16:7 v1b_w2(Stufe2) | Elo 1103/897
  # 24/50:  52:28  -> v1b_w2(Stufe1)         | Züge 169 | Strength 1.000 | Stand v1b_w2(Stufe1) 17:7 v1b_w2(Stufe2) | Elo 1110/890
  ⏹️  Vorzeitig entschieden: v1b_w2(Stufe1) hat nach 24 Spielen bereits 17 Siege (95%-Signifikanz für >50% Gewinnchance).
--------------------------------------------------
🏆 ERGEBNIS: v1b_w2(Stufe1) 17:7 v1b_w2(Stufe2) (71% A-Siege) in 441.5s (0.1 Spiele/s)  [vorzeitig nach 24/50 Spielen]
   Ø Score: v1b_w2(Stufe1) 31.6 | v1b_w2(Stufe2) 16.0
   0:0-Spiele: 2/24 (8.3%)
   Elo: v1b_w2(Stufe1) 1110 | v1b_w2(Stufe2) 890
=======================================================
