🏟️ Mosaic-AI ARENA — Netz vs Heuristik (Rust) 🏟️
  v1b_w8 (Brett 0, 200 Sims, Stufe 1/DFS-Blatt) vs Heuristik(s200) (Brett 1, 200 Sims) — 100 Spiele
--------------------------------------------------
  #  1/100:  17:52  -> Heuristik(s200)          | Züge 151 | Strength 1.000 | Stand Netz 0:1 Heur | Elo 984/1016
  #  2/100:  22:72  -> Heuristik(s200)          | Züge 163 | Strength 1.000 | Stand Netz 0:2 Heur | Elo 969/1031
  #  3/100:  19:30  -> Heuristik(s200)          | Züge 161 | Strength 0.767 | Stand Netz 0:3 Heur | Elo 959/1041
  #  4/100:  12:45  -> Heuristik(s200)          | Züge 161 | Strength 1.000 | Stand Netz 0:4 Heur | Elo 947/1053
  #  5/100:  35:55  -> Heuristik(s200)          | Züge 166 | Strength 1.000 | Stand Netz 0:5 Heur | Elo 936/1064
  #  6/100:  51:50  -> v1b_w8                   | Züge 158 | Strength 0.580 | Stand Netz 1:5 Heur | Elo 949/1051
  #  7/100:  39:45  -> Heuristik(s200)          | Züge 160 | Strength 0.730 | Stand Netz 1:6 Heur | Elo 941/1059
  #  8/100:  31:41  -> Heuristik(s200)          | Züge 165 | Strength 0.850 | Stand Netz 1:7 Heur | Elo 932/1068
  #  9/100:  49:53  -> Heuristik(s200)          | Züge 172 | Strength 0.670 | Stand Netz 1:8 Heur | Elo 925/1075
  # 10/100:  43:70  -> Heuristik(s200)          | Züge 157 | Strength 1.000 | Stand Netz 1:9 Heur | Elo 916/1084
  # 11/100:  27:51  -> Heuristik(s200)          | Züge 161 | Strength 1.000 | Stand Netz 1:10 Heur | Elo 907/1093
  # 12/100:  50:45  -> v1b_w8                   | Züge 163 | Strength 0.700 | Stand Netz 2:10 Heur | Elo 924/1076
  # 13/100:  35:60  -> Heuristik(s200)          | Züge 162 | Strength 1.000 | Stand Netz 2:11 Heur | Elo 915/1085
  # 14/100:  10:53  -> Heuristik(s200)          | Züge 158 | Strength 1.000 | Stand Netz 2:12 Heur | Elo 906/1094
  # 15/100:  19:36  -> Heuristik(s200)          | Züge 158 | Strength 0.955 | Stand Netz 2:13 Heur | Elo 898/1102
  # 16/100:  32:54  -> Heuristik(s200)          | Züge 164 | Strength 1.000 | Stand Netz 2:14 Heur | Elo 890/1110
  # 17/100:  27:53  -> Heuristik(s200)          | Züge 170 | Strength 1.000 | Stand Netz 2:15 Heur | Elo 883/1117
  # 18/100:  28:35  -> Heuristik(s200)          | Züge 166 | Strength 0.704 | Stand Netz 2:16 Heur | Elo 878/1122
  # 19/100:  18:42  -> Heuristik(s200)          | Züge 161 | Strength 1.000 | Stand Netz 2:17 Heur | Elo 872/1128
  # 20/100:  24:62  -> Heuristik(s200)          | Züge 161 | Strength 1.000 | Stand Netz 2:18 Heur | Elo 866/1134
  # 21/100:  39:31  -> v1b_w8                   | Züge 156 | Strength 0.779 | Stand Netz 3:18 Heur | Elo 887/1113
  # 22/100:  25:49  -> Heuristik(s200)          | Züge 161 | Strength 1.000 | Stand Netz 3:19 Heur | Elo 880/1120
  # 23/100:  35:55  -> Heuristik(s200)          | Züge 162 | Strength 1.000 | Stand Netz 3:20 Heur | Elo 874/1126
  # 24/100:  42:38  -> v1b_w8                   | Züge 161 | Strength 0.670 | Stand Netz 4:20 Heur | Elo 891/1109
  # 25/100:  27:46  -> Heuristik(s200)          | Züge 165 | Strength 1.000 | Stand Netz 4:21 Heur | Elo 884/1116
  # 26/100:  28:26  -> v1b_w8                   | Züge 157 | Strength 0.475 | Stand Netz 5:21 Heur | Elo 896/1104
  # 27/100:  62:40  -> v1b_w8                   | Züge 165 | Strength 1.000 | Stand Netz 6:21 Heur | Elo 921/1079
  # 28/100:  42:18  -> v1b_w8                   | Züge 160 | Strength 1.000 | Stand Netz 7:21 Heur | Elo 944/1056
  # 29/100:  37:26  -> v1b_w8                   | Züge 164 | Strength 0.846 | Stand Netz 8:21 Heur | Elo 962/1038
  # 30/100:  20:27  -> Heuristik(s200)          | Züge 164 | Strength 0.614 | Stand Netz 8:22 Heur | Elo 954/1046
  # 31/100:  34:43  -> Heuristik(s200)          | Züge 158 | Strength 0.820 | Stand Netz 8:23 Heur | Elo 944/1056
  # 32/100:  35:47  -> Heuristik(s200)          | Züge 163 | Strength 0.910 | Stand Netz 8:24 Heur | Elo 934/1066
  # 33/100:  30:71  -> Heuristik(s200)          | Züge 158 | Strength 1.000 | Stand Netz 8:25 Heur | Elo 924/1076
  # 34/100:  50:74  -> Heuristik(s200)          | Züge 166 | Strength 1.000 | Stand Netz 8:26 Heur | Elo 915/1085
  # 35/100:   6:33  -> Heuristik(s200)          | Züge 154 | Strength 0.921 | Stand Netz 8:27 Heur | Elo 907/1093
  # 36/100:  17:52  -> Heuristik(s200)          | Züge 152 | Strength 1.000 | Stand Netz 8:28 Heur | Elo 899/1101
  # 37/100:  38:41  -> Heuristik(s200)          | Züge 160 | Strength 0.640 | Stand Netz 8:29 Heur | Elo 894/1106
  # 38/100:  44:44  -> Heuristik(s200)          | Züge 162 | Strength 0.550 | Stand Netz 8:30 Heur | Elo 890/1110
  # 39/100:  50:65  -> Heuristik(s200)          | Züge 172 | Strength 1.000 | Stand Netz 8:31 Heur | Elo 883/1117
  # 40/100:  37:56  -> Heuristik(s200)          | Züge 162 | Strength 1.000 | Stand Netz 8:32 Heur | Elo 876/1124
  # 41/100:  27:33  -> Heuristik(s200)          | Züge 161 | Strength 0.651 | Stand Netz 8:33 Heur | Elo 872/1128
  # 42/100:  24:83  -> Heuristik(s200)          | Züge 161 | Strength 1.000 | Stand Netz 8:34 Heur | Elo 866/1134
  # 43/100:  17:49  -> Heuristik(s200)          | Züge 166 | Strength 1.000 | Stand Netz 8:35 Heur | Elo 860/1140
  # 44/100:  30:40  -> Heuristik(s200)          | Züge 156 | Strength 0.850 | Stand Netz 8:36 Heur | Elo 855/1145
  # 45/100:  31:64  -> Heuristik(s200)          | Züge 157 | Strength 1.000 | Stand Netz 8:37 Heur | Elo 850/1150
  # 46/100:  19:62  -> Heuristik(s200)          | Züge 162 | Strength 1.000 | Stand Netz 8:38 Heur | Elo 845/1155
  # 47/100:  21:39  -> Heuristik(s200)          | Züge 163 | Strength 0.989 | Stand Netz 8:39 Heur | Elo 840/1160
  # 48/100:  37:33  -> v1b_w8                   | Züge 167 | Strength 0.636 | Stand Netz 9:39 Heur | Elo 858/1142
  # 49/100:  26:61  -> Heuristik(s200)          | Züge 164 | Strength 1.000 | Stand Netz 9:40 Heur | Elo 853/1147
  # 50/100:  15:74  -> Heuristik(s200)          | Züge 156 | Strength 1.000 | Stand Netz 9:41 Heur | Elo 848/1152
  # 51/100:  34:52  -> Heuristik(s200)          | Züge 164 | Strength 1.000 | Stand Netz 9:42 Heur | Elo 843/1157
  # 52/100:  36:46  -> Heuristik(s200)          | Züge 155 | Strength 0.850 | Stand Netz 9:43 Heur | Elo 839/1161
  # 53/100:   7:47  -> Heuristik(s200)          | Züge 165 | Strength 1.000 | Stand Netz 9:44 Heur | Elo 835/1165
  # 54/100:  62:46  -> v1b_w8                   | Züge 158 | Strength 1.000 | Stand Netz 10:44 Heur | Elo 863/1137
  # 55/100:  43:27  -> v1b_w8                   | Züge 164 | Strength 1.000 | Stand Netz 11:44 Heur | Elo 890/1110
  # 56/100:  35:54  -> Heuristik(s200)          | Züge 163 | Strength 1.000 | Stand Netz 11:45 Heur | Elo 883/1117
  # 57/100:  35:38  -> Heuristik(s200)          | Züge 167 | Strength 0.617 | Stand Netz 11:46 Heur | Elo 879/1121
  # 58/100:  40:70  -> Heuristik(s200)          | Züge 160 | Strength 1.000 | Stand Netz 11:47 Heur | Elo 873/1127
  # 59/100:   6:34  -> Heuristik(s200)          | Züge 164 | Strength 0.933 | Stand Netz 11:48 Heur | Elo 867/1133
  # 60/100:  30:43  -> Heuristik(s200)          | Züge 161 | Strength 0.940 | Stand Netz 11:49 Heur | Elo 862/1138
  # 61/100:  37:31  -> v1b_w8                   | Züge 162 | Strength 0.696 | Stand Netz 12:49 Heur | Elo 881/1119
  # 62/100:   0:49  -> Heuristik(s200)          | Züge 152 | Strength 1.000 | Stand Netz 12:50 Heur | Elo 875/1125
  # 63/100:  18:60  -> Heuristik(s200)          | Züge 155 | Strength 1.000 | Stand Netz 12:51 Heur | Elo 869/1131
  # 64/100:  44:24  -> v1b_w8                   | Züge 163 | Strength 1.000 | Stand Netz 13:51 Heur | Elo 895/1105
  # 65/100:  51:30  -> v1b_w8                   | Züge 163 | Strength 1.000 | Stand Netz 14:51 Heur | Elo 920/1080
  # 66/100:   0:41  -> Heuristik(s200)          | Züge 161 | Strength 1.000 | Stand Netz 14:52 Heur | Elo 911/1089
  # 67/100:  39:24  -> v1b_w8                   | Züge 164 | Strength 0.989 | Stand Netz 15:52 Heur | Elo 934/1066
  # 68/100:   6:69  -> Heuristik(s200)          | Züge 158 | Strength 1.000 | Stand Netz 15:53 Heur | Elo 924/1076
  # 69/100:  39:51  -> Heuristik(s200)          | Züge 160 | Strength 0.910 | Stand Netz 15:54 Heur | Elo 915/1085
  # 70/100:  39:47  -> Heuristik(s200)          | Züge 157 | Strength 0.790 | Stand Netz 15:55 Heur | Elo 908/1092
  # 71/100:  31:33  -> Heuristik(s200)          | Züge 159 | Strength 0.531 | Stand Netz 15:56 Heur | Elo 904/1096
  # 72/100:   5:36  -> Heuristik(s200)          | Züge 160 | Strength 0.955 | Stand Netz 15:57 Heur | Elo 896/1104
  # 73/100:   5:51  -> Heuristik(s200)          | Züge 158 | Strength 1.000 | Stand Netz 15:58 Heur | Elo 889/1111
  # 74/100:   7:7   -> Heuristik(s200)          | Züge 166 | Strength 0.179 | Stand Netz 15:59 Heur | Elo 888/1112
  # 75/100:  13:54  -> Heuristik(s200)          | Züge 165 | Strength 1.000 | Stand Netz 15:60 Heur | Elo 881/1119
  # 76/100:   3:33  -> Heuristik(s200)          | Züge 162 | Strength 0.921 | Stand Netz 15:61 Heur | Elo 875/1125
  # 77/100:  20:48  -> Heuristik(s200)          | Züge 152 | Strength 1.000 | Stand Netz 15:62 Heur | Elo 869/1131
  # 78/100:  25:37  -> Heuristik(s200)          | Züge 164 | Strength 0.876 | Stand Netz 15:63 Heur | Elo 864/1136
  # 79/100:  13:18  -> Heuristik(s200)          | Züge 158 | Strength 0.453 | Stand Netz 15:64 Heur | Elo 861/1139
  # 80/100:  32:58  -> Heuristik(s200)          | Züge 164 | Strength 1.000 | Stand Netz 15:65 Heur | Elo 856/1144
  # 81/100:  51:46  -> v1b_w8                   | Züge 163 | Strength 0.700 | Stand Netz 16:65 Heur | Elo 875/1125
  # 82/100:  40:35  -> v1b_w8                   | Züge 155 | Strength 0.700 | Stand Netz 17:65 Heur | Elo 893/1107
  # 83/100:  29:42  -> Heuristik(s200)          | Züge 167 | Strength 0.940 | Stand Netz 17:66 Heur | Elo 886/1114
  # 84/100:   7:12  -> Heuristik(s200)          | Züge 160 | Strength 0.385 | Stand Netz 17:67 Heur | Elo 883/1117
  # 85/100:  36:49  -> Heuristik(s200)          | Züge 172 | Strength 0.940 | Stand Netz 17:68 Heur | Elo 877/1123
  # 86/100:  34:52  -> Heuristik(s200)          | Züge 155 | Strength 1.000 | Stand Netz 17:69 Heur | Elo 871/1129
  # 87/100:  21:26  -> Heuristik(s200)          | Züge 161 | Strength 0.542 | Stand Netz 17:70 Heur | Elo 868/1132
  # 88/100:  31:55  -> Heuristik(s200)          | Züge 162 | Strength 1.000 | Stand Netz 17:71 Heur | Elo 862/1138
  # 89/100:  36:54  -> Heuristik(s200)          | Züge 162 | Strength 1.000 | Stand Netz 17:72 Heur | Elo 857/1143
  # 90/100:  53:57  -> Heuristik(s200)          | Züge 159 | Strength 0.670 | Stand Netz 17:73 Heur | Elo 854/1146
  # 91/100:  55:63  -> Heuristik(s200)          | Züge 170 | Strength 0.790 | Stand Netz 17:74 Heur | Elo 850/1150
  # 92/100:  56:43  -> v1b_w8                   | Züge 164 | Strength 0.940 | Stand Netz 18:74 Heur | Elo 876/1124
  # 93/100:  22:44  -> Heuristik(s200)          | Züge 164 | Strength 1.000 | Stand Netz 18:75 Heur | Elo 870/1130
  # 94/100:  52:54  -> Heuristik(s200)          | Züge 166 | Strength 0.610 | Stand Netz 18:76 Heur | Elo 866/1134
  # 95/100:  17:62  -> Heuristik(s200)          | Züge 164 | Strength 1.000 | Stand Netz 18:77 Heur | Elo 860/1140
  # 96/100:  50:77  -> Heuristik(s200)          | Züge 165 | Strength 1.000 | Stand Netz 18:78 Heur | Elo 855/1145
  # 97/100:  44:53  -> Heuristik(s200)          | Züge 160 | Strength 0.820 | Stand Netz 18:79 Heur | Elo 851/1149
  # 98/100:  29:64  -> Heuristik(s200)          | Züge 163 | Strength 1.000 | Stand Netz 18:80 Heur | Elo 846/1154
  # 99/100:  27:41  -> Heuristik(s200)          | Züge 160 | Strength 0.970 | Stand Netz 18:81 Heur | Elo 841/1159
  #100/100:  43:46  -> Heuristik(s200)          | Züge 174 | Strength 0.640 | Stand Netz 18:82 Heur | Elo 838/1162
--------------------------------------------------
🏆 ERGEBNIS: v1b_w8 18:82 Heuristik(s200) (18% Netz-Siege) in 1692.4s (0.1 Spiele/s)
   Ø Score: v1b_w8 30.2 | Heuristik(s200) 46.6
   0:0-Spiele: 0/100 (0.0%)  (Sauberkeits-Indikator)
   Ø Floor-Strafe: v1b_w8 15.7 | Heuristik(s200) 11.0
   Elo: v1b_w8 838 | Heuristik(s200) 1162
9
200) 1112
