📦 Lade HDF5-Cache (990 Dateien)...
Datensatz geladen: 1501066 Züge. (Features pro Zug: 684) — 47.9s
📦 Lade HDF5-Cache (110 Dateien)...
Datensatz geladen: 167036 Züge. (Features pro Zug: 684) — 7.9s
   Val-Split: 990 Trainings-Dateien / 110 Val-Dateien (1,501,066 / 167,036 Züge)
   Value-Ziel-Streuung: σ=0.183 (Varianz=0.0334, zum Vergleich mit v_pred σ unten; Varianz ist die Baseline-MSE bei reiner Mittelwert-Vorhersage)

🚀 Starte PyTorch Training auf: CUDA
🧠 Netz-Architektur: 684→512→512→512
⚙️  Hyperparameter (config.py):
   Learning Rate : 0.0004
   Value Weight  : 8
   Batch Size    : 256
   Value-Target  : tanh(eigen/50) - 0.1*tanh(gegner/50) (Endergebnis statt Win/Loss)
   Epochen       : 15
🆕 Neues Modell: Trainiere für 15 Epochen.
Epoche  1/15 | Total Loss:   3.13 (R²=+0.65, Policy:  3.04) | Val-R²=+0.30 | Policy-Val= 2.25 | v_pred μ=+0.19 σ=0.148
Epoche  2/15 | Total Loss:   3.04 (R²=+0.82, Policy:  3.00) | Val-R²=+0.25 | Policy-Val= 2.23 | v_pred μ=+0.19 σ=0.166
Epoche  3/15 | Total Loss:   3.01 (R²=+0.85, Policy:  2.97) | Val-R²=+0.26 | Policy-Val= 2.23 | v_pred μ=+0.19 σ=0.169
Epoche  4/15 | Total Loss:   2.99 (R²=+0.86, Policy:  2.95) | Val-R²=+0.26 | Policy-Val= 2.23 | v_pred μ=+0.19 σ=0.170
Epoche  5/15 | Total Loss:   2.97 (R²=+0.85, Policy:  2.93) | Val-R²=+0.26 | Policy-Val= 2.23 | v_pred μ=+0.19 σ=0.169
Epoche  6/15 | Total Loss:   2.94 (R²=+0.84, Policy:  2.90) | Val-R²=+0.24 | Policy-Val= 2.23 | v_pred μ=+0.19 σ=0.168
Epoche  7/15 | Total Loss:   2.90 (R²=+0.83, Policy:  2.86) | Val-R²=+0.25 | Policy-Val= 2.24 | v_pred μ=+0.19 σ=0.167
Epoche  8/15 | Total Loss:   2.86 (R²=+0.82, Policy:  2.81) | Val-R²=+0.25 | Policy-Val= 2.24 | v_pred μ=+0.19 σ=0.166
Epoche  9/15 | Total Loss:   2.81 (R²=+0.81, Policy:  2.76) | Val-R²=+0.24 | Policy-Val= 2.24 | v_pred μ=+0.19 σ=0.165
Epoche 10/15 | Total Loss:   2.76 (R²=+0.81, Policy:  2.71) | Val-R²=+0.25 | Policy-Val= 2.24 | v_pred μ=+0.19 σ=0.165
Epoche 11/15 | Total Loss:   2.72 (R²=+0.80, Policy:  2.67) | Val-R²=+0.24 | Policy-Val= 2.24 | v_pred μ=+0.19 σ=0.164
Epoche 12/15 | Total Loss:   2.68 (R²=+0.80, Policy:  2.63) | Val-R²=+0.26 | Policy-Val= 2.24 | v_pred μ=+0.19 σ=0.164
Epoche 13/15 | Total Loss:   2.65 (R²=+0.79, Policy:  2.59) | Val-R²=+0.25 | Policy-Val= 2.24 | v_pred μ=+0.19 σ=0.163
Epoche 14/15 | Total Loss:   2.62 (R²=+0.79, Policy:  2.56) | Val-R²=+0.25 | Policy-Val= 2.24 | v_pred μ=+0.19 σ=0.163
Epoche 15/15 | Total Loss:   2.59 (R²=+0.79, Policy:  2.54) | Val-R²=+0.24 | Policy-Val= 2.25 | v_pred μ=+0.19 σ=0.163

=======================================================
  PHASE 2: VALUE-KALIBRIERUNG (Trunk/Policy eingefroren)
───────────────────────────────────────────────────────
  Kalibrierung  1/50 | Val-R²=+0.255  (bislang bester: Epoche 1)
  Kalibrierung  2/50 | Val-R²=+0.250  (bislang bester: Epoche 1)
  Kalibrierung  3/50 | Val-R²=+0.248  (bislang bester: Epoche 1)
  Kalibrierung  4/50 | Val-R²=+0.248  (bislang bester: Epoche 1)
  Kalibrierung  5/50 | Val-R²=+0.241  (bislang bester: Epoche 1)
  Kalibrierung  6/50 | Val-R²=+0.243  (bislang bester: Epoche 1)
  Kalibrierung  7/50 | Val-R²=+0.243  (bislang bester: Epoche 1)
  Kalibrierung  8/50 | Val-R²=+0.245  (bislang bester: Epoche 1)
  Kalibrierung  9/50 | Val-R²=+0.235  (bislang bester: Epoche 1)
  ⏹️  Kalibrierung gestoppt: Val-R² seit Epoche 1 nicht mehr verbessert (Bestwert 0.255).
  ✅ Value-Head auf besten Kalibrierungs-Stand zurückgesetzt (Epoche 1, Val-R²=0.255).
=======================================================

=======================================================
  TRAINING SUMMARY
=======================================================
  Epochen:       15
  Züge:          1,501,066  (+167,036 Val, nie trainiert)
  Batches/Epoche:5863
───────────────────────────────────────────────────────
  Policy Loss:   2.5366 / 6.18 max  (41.1%)  🟠 Schwaches Signal
  Policy Val-Loss: 2.2471  (Gap ggü. Train: -0.2895)
  Value Loss:    0.0067  (R²=0.80 ggü. Mittelwert-Baseline)  🟢 Sehr gut
  Value Val-R²:  0.26  (Gap ggü. Train: +0.54)  ⚠️  großer Train/Val-Abstand — Overfitting wahrscheinlich
───────────────────────────────────────────────────────
  ℹ️  Phase 1 Val-R² war in Epoche 1 am besten (0.30), danach Überfitten (normal — Value trainiert bewusst bis zum Ende mit).
  🎯 Phase 2 (Value-Kalibrierung): bester Stand nach Epoche 1, Val-R²=0.26 — Wert oben spiegelt diesen kalibrierten Value-Head wider.
  🟢 Kein Plateau — Policy sinkt noch. Mehr Epochen möglich.
=======================================================

=======================================================
  NETZAUSLASTUNG (Hidden Size: 512)
───────────────────────────────────────────────────────
  Schicht          Dead   Aktiv-Rate        Eff.Rank
  ───────────────────────────────────────────────────
  layer1     0/512 (0%)          41%   219/512 (43%)
  layer2     0/512 (0%)          38%   215/512 (42%)
  layer3    61/512 (12%)          14%   196/512 (38%)
  ───────────────────────────────────────────────────
  🟢 Gesunde Auslastung (Dead 4%, Rank 41%).
=======================================================

✅ Training beendet! Neues Model gespeichert unter:
📂 D:\Archiv\Documents\Projekte\mosaic-AI\models\alphazero_v1b_w8.pth
📈 Loss-Verlauf gespeichert unter:
📂 D:\Archiv\Documents\Projekte\mosaic-AI\models\alphazero_v1b_w8_loss.png
✅ Exportiert: D:\Archiv\Documents\Projekte\mosaic-AI\models\alphazero_v1b_w8.onnx  (input=684, hidden=512, value_hidden=64, opset=13)
📎 Referenz für Rust-Parität: D:\Archiv\Documents\Projekte\mosaic-AI\models\alphazero_v1b_w8.onnx.ref.txt

=======================================================
  STUFE 1 vs. STUFE 2 (max. 50 Spiele, 200 Sims, Early-Stop)
───────────────────────────────────────────────────────
🏟️ Mosaic-AI ARENA — Netz vs Netz (Rust) 🏟️
  v1b_w8(Stufe1) (Brett 0, 200 Sims, c_puct=1.5, Stufe 1/DFS-Blatt) vs v1b_w8(Stufe2) (Brett 1, 200 Sims, c_puct=1.5, Stufe 2/Netz-Value-Blatt) — 50 Spiele
--------------------------------------------------
  #  1/50:  18:0   -> v1b_w8(Stufe1)         | Züge 156 | Strength 0.753 | Stand v1b_w8(Stufe1) 1:0 v1b_w8(Stufe2) | Elo 1012/988
  #  2/50:  29:6   -> v1b_w8(Stufe1)         | Züge 161 | Strength 0.876 | Stand v1b_w8(Stufe1) 2:0 v1b_w8(Stufe2) | Elo 1025/975
  #  3/50:  26:13  -> v1b_w8(Stufe1)         | Züge 162 | Strength 0.782 | Stand v1b_w8(Stufe1) 3:0 v1b_w8(Stufe2) | Elo 1036/964
  #  4/50:  27:24  -> v1b_w8(Stufe1)         | Züge 157 | Strength 0.494 | Stand v1b_w8(Stufe1) 4:0 v1b_w8(Stufe2) | Elo 1042/958
  #  5/50:  39:20  -> v1b_w8(Stufe1)         | Züge 168 | Strength 0.989 | Stand v1b_w8(Stufe1) 5:0 v1b_w8(Stufe2) | Elo 1054/946
  #  6/50:  35:2   -> v1b_w8(Stufe1)         | Züge 143 | Strength 0.944 | Stand v1b_w8(Stufe1) 6:0 v1b_w8(Stufe2) | Elo 1065/935
  #  7/50:  32:0   -> v1b_w8(Stufe1)         | Züge 157 | Strength 0.910 | Stand v1b_w8(Stufe1) 7:0 v1b_w8(Stufe2) | Elo 1074/926
  #  8/50:  39:18  -> v1b_w8(Stufe1)         | Züge 156 | Strength 0.989 | Stand v1b_w8(Stufe1) 8:0 v1b_w8(Stufe2) | Elo 1083/917
  #  9/50:  39:1   -> v1b_w8(Stufe1)         | Züge 159 | Strength 0.989 | Stand v1b_w8(Stufe1) 9:0 v1b_w8(Stufe2) | Elo 1092/908
  # 10/50:  44:14  -> v1b_w8(Stufe1)         | Züge 161 | Strength 1.000 | Stand v1b_w8(Stufe1) 10:0 v1b_w8(Stufe2) | Elo 1100/900  # 11/50:  38:8   -> v1b_w8(Stufe1)         | Züge 162 | Strength 0.978 | Stand v1b_w8(Stufe1) 8:3 v1b_w8(Stufe2) | Elo 1068/932
  # 12/50:  52:28  -> v1b_w8(Stufe1)         | Züge 153 | Strength 1.000 | Stand v1b_w8(Stufe1) 9:3 v1b_w8(Stufe2) | Elo 1078/922
  # 13/50:  51:26  -> v1b_w8(Stufe1)         | Züge 165 | Strength 1.000 | Stand v1b_w8(Stufe1) 10:3 v1b_w8(Stufe2) | Elo 1087/913
  # 14/50:  54:31  -> v1b_w8(Stufe1)         | Züge 162 | Strength 1.000 | Stand v1b_w8(Stufe1) 11:3 v1b_w8(Stufe2) | Elo 1096/904
  ⏹️  Vorzeitig entschieden: v1b_w8(Stufe1) hat nach 14 Spielen bereits 11 Siege (95%-Signifikanz für >50% Gewinnchance).
--------------------------------------------------
🏆 ERGEBNIS: v1b_w8(Stufe1) 11:3 v1b_w8(Stufe2) (79% A-Siege) in 423.6s (0.0 Spiele/s)  [vorzeitig nach 14/50 Spielen]
   Ø Score: v1b_w8(Stufe1) 37.0 | v1b_w8(Stufe2) 15.1
   0:0-Spiele: 0/14 (0.0%)
   Elo: v1b_w8(Stufe1) 1096 | v1b_w8(Stufe2) 904
=======================================================
