# MOSAIC GAME LOG
# {"timestamp": "20260614_035247", "seed": 907982, "players": ["Spieler 1", "KI"], "first_player": 0, "ai_enabled": true, "ai_player": 1, "ai_model": "heuristic", "ai_sims": 40}
# ============================================================
[R1] Spiel gestartet. Spieler 1 beginnt.
[R1] Wertungsplatten gewГӨhlt: [7, 3, 5]
[R1] KI: Startkachel 13 вҶ’ (0,0) rot=0В°
[R1] Spieler 1: Startkachel 11 вҶ’ (0,0) rot=0В°
[R1] вҳҖпёҸ  Spieler 1: 1Г— tГјrkis von F2 вҶ’ Reihe 1 [1/1]
[R1] рҹҢҷ F2 Mond-Stapel: (schwarz, blauвҶ’blau)
[R1] вҳҖпёҸ  KI: 1Г— gelb von F3 вҶ’ Reihe 1 [1/1]
[R1] рҹҢҷ F3 Mond-Stapel: (rot, rotвҶ’schwarz)
[R1] вҳҖпёҸ  Spieler 1: 2Г— rot von F1 вҶ’ Reihe 2 [2/2]
[R1] рҹҢҷ F1 Mond-Stapel: (tГјrkisвҶ’tГјrkis)
[R1] KI: Kachel 6 вҶ’ Slot (2,0) rot=90В° [PlГӨttchen 1/2]
[R1] рҹҸҒ Spieler 1: Startspielerstein genommen (вҲ’2 Pkt am Rundenende вҶ’ aktuell 5 Pkt)
[R1] вҳҖпёҸ  Spieler 1: 3Г— gelb von GF вҶ’ Reihe 3 [3/3]
[R1] рҹҢҷ KI: 2 (1+1)Г— schwarz von F3, GF вҶ’ Reihe 5 [2/5]
[R1] рҹҢҷ F3 Mond-Stapel: (rotвҶ’rot)
[R1] рҹҢҷ GF Moon-Pool: (blau)
[R1] Spieler 1: Kachel 17 вҶ’ Slot (1,0) rot=270В° [PlГӨttchen 1/2]
[R1] KI: Kachel 14 вҶ’ Slot (2,2) rot=0В° [PlГӨttchen 2/2]
[R1] рҹҢҷ Spieler 1: 2 (1+1)Г— blau von F2, GF вҶ’ Reihe 4 [2/4]
[R1] рҹҢҷ F2 Mond-Stapel: (schwarzвҶ’blau)
[R1] рҹҢҷ GF Moon-Pool: leer
[R1] рҹҢҷ KI: 1 (1)Г— tГјrkis von F1 вҶ’ Reihe 6 [1/6]
[R1] рҹҢҷ F1 Mond-Stapel: (tГјrkis)
[R1] рҹҢҷ Spieler 1: 1 (1)Г— blau von F2 вҶ’ Reihe 4 [3/4]
[R1] рҹҢҷ F2 Mond-Stapel: (schwarz)
[R1] рҹҢҷ KI: 1 (1)Г— tГјrkis von F1 вҶ’ Reihe 3 [1/3]
[R1] рҹҢҷ F1 Mond-Stapel: leer
[R1] рҹҺҙ F1: BonusplГӨttchen aufgedeckt!
[R1] Spieler 1: BonusplГӨttchen von Fabrik 1 genommen [1/2 diese Runde]
[R1] вҳҖпёҸ  KI: 2Г— schwarz von F4 вҶ’ Reihe 2 [2/2]
[R1] рҹҢҷ F4 Mond-Stapel: (tГјrkisвҶ’rot)
[R1] рҹ“Ұ Spieler 1: 1Г— vom Stapel gezogen вҲ’1 Pkt вҶ’ 4 Gesamt
[R1] Spieler 1: Kachel 9 вҶ’ Slot (2,0) rot=0В° [PlГӨttchen 2/2]
[R1] рҹҢҷ KI: 2 (1+1)Г— rot von F3, F4 вҶ’ Reihe 4 [2/4]
[R1] рҹҢҷ F3 Mond-Stapel: (rot)
[R1] рҹҢҷ F4 Mond-Stapel: (tГјrkis)
[R1] рҹҢҷ Spieler 1: 1 (1)Г— schwarz von F2 вҶ’ Reihe 6 [1/6]
[R1] рҹҢҷ F2 Mond-Stapel: leer
[R1] рҹҺҙ F2: BonusplГӨttchen aufgedeckt!
[R1] рҹҢҷ KI: 1 (1)Г— rot von F3 вҶ’ Reihe 4 [3/4]
[R1] рҹҢҷ F3 Mond-Stapel: leer
[R1] рҹҺҙ F3: BonusplГӨttchen aufgedeckt!
[R1] Spieler 1: BonusplГӨttchen von Fabrik 3 genommen [2/2 diese Runde]
[R1] KI: BonusplГӨttchen von Fabrik 2 genommen [1/2 diese Runde]
[R1] рҹҢҷ Spieler 1: 1 (1)Г— tГјrkis von F4 вҶ’ Strafleiste
[R1] вҡ пёҸ  Spieler 1: 1Г— auf Strafleiste (Slots 1вҖ“1, -1 Pkt Strafe)
[R1] рҹҢҷ F4 Mond-Stapel: leer
[R1] рҹҺҙ F4: BonusplГӨttchen aufgedeckt!
