# MOSAIC GAME LOG
# {"timestamp": "20260614_040940", "seed": 510889, "players": ["Spieler 1", "KI"], "first_player": 0, "ai_enabled": true, "ai_player": 1, "ai_model": "heuristic", "ai_sims": 40}
# ============================================================
[R1] Spiel gestartet. Spieler 1 beginnt.
[R1] Wertungsplatten gewГӨhlt: [0, 1, 5]
[R1] KI: Startkachel 3 вҶ’ (0,0) rot=0В°
[R1] Spieler 1: Startkachel 5 вҶ’ (0,0) rot=0В°
[R1] вҳҖпёҸ  Spieler 1: 1Г— tГјrkis von F4 вҶ’ Reihe 1 [1/1]
[R1] рҹҢҷ F4 Mond-Stapel: (schwarz, blauвҶ’gelb)
[R1] рҹҸҒ KI: Startspielerstein genommen (вҲ’2 Pkt am Rundenende вҶ’ aktuell 5 Pkt)
[R1] вҳҖпёҸ  KI: 2Г— schwarz von GF вҶ’ Reihe 2 [2/2]
[R1] рҹҢҷ Spieler 1: 2 (2)Г— tГјrkis von GF вҶ’ Reihe 2 [2/2]
[R1] рҹҢҷ GF Moon-Pool: (rot)
[R1] вҳҖпёҸ  KI: 1Г— rot von F1 вҶ’ Reihe 1 [1/1]
[R1] рҹҢҷ F1 Mond-Stapel: (tГјrkis, tГјrkisвҶ’blau)
[R1] вҳҖпёҸ  Spieler 1: 2Г— rot von F2 вҶ’ Reihe 3 [2/3]
[R1] рҹҢҷ F2 Mond-Stapel: (gelbвҶ’blau)
[R1] KI: Kachel 14 вҶ’ Slot (1,1) rot=0В° [PlГӨttchen 1/2]
[R1] Spieler 1: Kachel 13 вҶ’ Slot (1,0) rot=0В° [PlГӨttchen 1/2]
[R1] вҳҖпёҸ  KI: 2Г— tГјrkis von F3 вҶ’ Reihe 5 [2/5]
[R1] рҹҢҷ F3 Mond-Stapel: (rotвҶ’blau)
[R1] рҹҢҷ Spieler 1: 1 (1)Г— rot von GF вҶ’ Reihe 3 [3/3]
[R1] рҹҢҷ GF Moon-Pool: leer
[R1] KI: Kachel 1 вҶ’ Slot (2,0) rot=270В° [PlГӨttchen 2/2]
[R1] рҹҢҷ Spieler 1: 3 (1+1+1)Г— blau von F1, F2, F3 вҶ’ Reihe 5 [3/5]
[R1] рҹҢҷ F1 Mond-Stapel: (tГјrkisвҶ’tГјrkis)
[R1] рҹҢҷ F2 Mond-Stapel: (gelb)
[R1] рҹҢҷ F3 Mond-Stapel: (rot)
[R1] рҹҢҷ KI: 1 (1)Г— rot von F3 вҶ’ Reihe 6 [1/6]
[R1] рҹҢҷ F3 Mond-Stapel: leer
[R1] рҹҺҙ F3: BonusplГӨttchen aufgedeckt!
[R1] рҹ“Ұ Spieler 1: 1Г— vom Stapel gezogen вҲ’1 Pkt вҶ’ 4 Gesamt
[R1] Spieler 1: Kachel 17 вҶ’ Slot (2,0) rot=90В° [PlГӨttchen 2/2]
[R1] рҹҢҷ KI: 1 (1)Г— tГјrkis von F1 вҶ’ Reihe 3 [1/3]
[R1] рҹҢҷ F1 Mond-Stapel: (tГјrkis)
[R1] рҹҢҷ Spieler 1: 2 (1+1)Г— gelb von F2, F4 вҶ’ Reihe 4 [2/4]
[R1] рҹҢҷ F2 Mond-Stapel: leer
[R1] рҹҺҙ F2: BonusplГӨttchen aufgedeckt!
[R1] рҹҢҷ F4 Mond-Stapel: (schwarzвҶ’blau)
[R1] рҹҢҷ KI: 1 (1)Г— blau von F4 вҶ’ Strafleiste
[R1] вҡ пёҸ  KI: 1Г— auf Strafleiste (Slots 1вҖ“1, -1 Pkt Strafe)
[R1] рҹҢҷ F4 Mond-Stapel: (schwarz)
[R1] Spieler 1: BonusplГӨttchen von Fabrik 2 genommen [1/2 diese Runde]
[R1] рҹҢҷ KI: 1 (1)Г— tГјrkis von F1 вҶ’ Reihe 5 [3/5]
[R1] рҹҢҷ F1 Mond-Stapel: leer
[R1] рҹҺҙ F1: BonusplГӨttchen aufgedeckt!
[R1] Spieler 1: BonusplГӨttchen von Fabrik 1 genommen [2/2 diese Runde]
[R1] KI: BonusplГӨttchen von Fabrik 3 genommen [1/2 diese Runde]
[R1] рҹҢҷ Spieler 1: 1 (1)Г— schwarz von F4 вҶ’ Strafleiste
[R1] вҡ пёҸ  Spieler 1: 1Г— auf Strafleiste (Slots 1вҖ“1, -1 Pkt Strafe)
[R1] рҹҢҷ F4 Mond-Stapel: leer
[R1] рҹҺҙ F4: BonusplГӨttchen aufgedeckt!
[R1] KI: BonusplГӨttchen von Fabrik 4 genommen [2/2 diese Runde]
[R1] Tiling-Phase beginnt.
[R1] Spieler 1: tГјrkis вҶ’ Slot (0,0) Space 0
[R1] рҹҺҜ Spieler 1: +1 Pkt (Reihe 1 вҶ’ Kuppel 1/1 - alleinstehend)
[R1] Spieler 1: tГјrkis вҶ’ Slot (0,0) Space 2
[R1] рҹҺҜ Spieler 1: +2 Pkt (Reihe 2 вҶ’ Kuppel 1/1 - 2 vertikal)
[R1] Spieler 1: rot вҶ’ Slot (1,0) Space 0
[R1] рҹҺҜ Spieler 1: +3 Pkt (Reihe 3 вҶ’ Kuppel 2/1 - 3 vertikal)
[R1] Spieler 1: Strafe -1 Pkt вҶ’ 9 Gesamt
[R1] KI: Strafe -3 Pkt вҶ’ 2 Gesamt
[R2] Runde 2 beginnt. KI ist Startspieler.
[R2] вҳҖпёҸ  KI: 2Г— tГјrkis von F4 вҶ’ Reihe 3 [3/3]
[R2] рҹҢҷ F4 Mond-Stapel: (rotвҶ’rot)
[R2] вҳҖпёҸ  Spieler 1: 2Г— schwarz von F2 вҶ’ Reihe 2 [2/2]
[R2] рҹҢҷ F2 Mond-Stapel: (blauвҶ’blau)
[R2] рҹҢҷ KI: 1 (1)Г— rot von F4 вҶ’ Reihe 4 [1/4]
[R2] рҹҢҷ F4 Mond-Stapel: (rot)
[R2] рҹҸҒ Spieler 1: Startspielerstein genommen (вҲ’2 Pkt am Rundenende вҶ’ aktuell 9 Pkt)
[R2] вҳҖпёҸ  Spieler 1: 3Г— rot von GF вҶ’ Reihe 6 [3/6]
[R2] рҹҢҷ KI: 1 (1)Г— rot von F4 вҶ’ Reihe 4 [2/4]
[R2] рҹҢҷ F4 Mond-Stapel: leer
[R2] рҹҺҙ F4: BonusplГӨttchen aufgedeckt!
[R2] вҳҖпёҸ  Spieler 1: 1Г— gelb von F3 вҶ’ Reihe 1 [1/1]
[R2] рҹҢҷ F3 Mond-Stapel: (schwarz, blauвҶ’schwarz)
[R2] KI: Kachel 4 вҶ’ Slot (2,1) rot=90В° [PlГӨttchen 1/2]
[R2] рҹҢҷ Spieler 1: 1 (1)Г— blau von F2 вҶ’ Reihe 5 [4/5]
[R2] рҹҢҷ F2 Mond-Stapel: (blau)
[R2] KI: Kachel 8 вҶ’ Slot (2,2) rot=180В° [PlГӨttchen 2/2]
[R2] Spieler 1: Kachel 11 вҶ’ Slot (0,1) rot=0В° [PlГӨttchen 1/2]
[R2] рҹҢҷ KI: 1 (1)Г— schwarz von F3 вҶ’ Strafleiste
[R2] вҡ пёҸ  KI: 1Г— auf Strafleiste (Slots 1вҖ“1, -1 Pkt Strafe)
[R2] рҹҢҷ F3 Mond-Stapel: (schwarzвҶ’blau)
[R2] рҹҢҷ Spieler 1: 2 (2)Г— gelb von GF вҶ’ Reihe 4 [4/4]
[R2] рҹҢҷ GF Moon-Pool: leer
[R2] вҳҖпёҸ  KI: 2Г— gelb von F1 вҶ’ Strafleiste
[R2] вҡ пёҸ  KI: 2Г— auf Strafleiste (Slots 2вҖ“3, -5 Pkt Strafe)
[R2] рҹҢҷ F1 Mond-Stapel: (schwarzвҶ’blau)
[R2] Spieler 1: BonusplГӨttchen von Fabrik 4 genommen [1/2 diese Runde]
[R2] рҹҢҷ KI: 3 (1+1+1)Г— blau von F1, F2, F3 вҶ’ Strafleiste
[R2] вҡ пёҸ  KI: 3Г— auf Strafleiste (Slots 4вҖ“4, -4 Pkt Strafe)
[R2] вҡ пёҸ  KI: 2 Stein(e) вҶ’ Turm (Strafleiste voll)
[R2] рҹҢҷ F1 Mond-Stapel: (schwarz)
[R2] рҹҢҷ F2 Mond-Stapel: leer
[R2] рҹҺҙ F2: BonusplГӨttchen aufgedeckt!
[R2] рҹҢҷ F3 Mond-Stapel: (schwarz)
[R2] Spieler 1: BonusplГӨttchen von Fabrik 2 genommen [2/2 diese Runde]
[R2] рҹҢҷ KI: 2 (1+1)Г— schwarz von F1, F3 вҶ’ Strafleiste
[R2] вҡ пёҸ  KI: 2 Stein(e) вҶ’ Turm (Strafleiste voll)
[R2] рҹҢҷ F1 Mond-Stapel: leer
[R2] рҹҺҙ F1: BonusplГӨttchen aufgedeckt!
[R2] рҹҢҷ F3 Mond-Stapel: leer
[R2] рҹҺҙ F3: BonusplГӨttchen aufgedeckt!
[R2] рҹ“Ұ Spieler 1: 1Г— vom Stapel gezogen вҲ’1 Pkt вҶ’ 8 Gesamt
[R2] Spieler 1: Kachel 16 вҶ’ Slot (1,1) rot=0В° [PlГӨttchen 2/2]
[R2] KI: BonusplГӨttchen von Fabrik 3 genommen [1/2 diese Runde]
