# MOSAIC GAME LOG
# {"timestamp": "20260614_035945", "seed": 908159, "players": ["Spieler 1", "KI"], "first_player": 0, "ai_enabled": true, "ai_player": 1, "ai_model": "heuristic", "ai_sims": 40}
# ============================================================
[R1] Spiel gestartet. Spieler 1 beginnt.
[R1] Wertungsplatten gewГӨhlt: [5, 0, 2]
[R1] KI: Startkachel 14 вҶ’ (0,0) rot=0В°
[R1] Spieler 1: Startkachel 1 вҶ’ (0,0) rot=0В°
[R1] вҳҖпёҸ  Spieler 1: 1Г— schwarz von F1 вҶ’ Reihe 1 [1/1]
[R1] рҹҢҷ F1 Mond-Stapel: (gelb, rotвҶ’rot)
[R1] рҹҢҷ KI: 1 (1)Г— rot von F1 вҶ’ Reihe 1 [1/1]
[R1] рҹҢҷ F1 Mond-Stapel: (gelbвҶ’rot)
[R1] рҹҸҒ Spieler 1: Startspielerstein genommen (вҲ’2 Pkt am Rundenende вҶ’ aktuell 5 Pkt)
[R1] вҳҖпёҸ  Spieler 1: 2Г— tГјrkis von GF вҶ’ Reihe 2 [2/2]
[R1] вҳҖпёҸ  KI: 4Г— blau von F4 вҶ’ Reihe 4 [4/4]
[R1] рҹҺҙ F4: BonusplГӨttchen aufgedeckt!
[R1] рҹҢҷ Spieler 1: 3 (1+2)Г— rot von F1, GF вҶ’ Reihe 3 [3/3]
[R1] рҹҢҷ F1 Mond-Stapel: (gelb)
[R1] рҹҢҷ GF Moon-Pool: (schwarz)
[R1] KI: Kachel 2 вҶ’ Slot (2,2) rot=270В° [PlГӨttchen 1/2]
[R1] Spieler 1: Kachel 9 вҶ’ Slot (1,0) rot=270В° [PlГӨttchen 1/2]
[R1] KI: Kachel 10 вҶ’ Slot (2,1) rot=90В° [PlГӨttchen 2/2]
[R1] рҹҢҷ Spieler 1: 1 (1)Г— gelb von F1 вҶ’ Reihe 4 [1/4]
[R1] рҹҢҷ F1 Mond-Stapel: leer
[R1] рҹҺҙ F1: BonusplГӨttchen aufgedeckt!
[R1] вҳҖпёҸ  KI: 1Г— gelb von F2 вҶ’ Reihe 2 [1/2]
[R1] рҹҢҷ F2 Mond-Stapel: (blau, rotвҶ’schwarz)
[R1] Spieler 1: BonusplГӨttchen von Fabrik 4 genommen [1/2 diese Runde]
[R1] рҹҢҷ KI: 2 (1+1)Г— schwarz von F2, GF вҶ’ Reihe 5 [2/5]
[R1] рҹҢҷ F2 Mond-Stapel: (blauвҶ’rot)
[R1] рҹҢҷ GF Moon-Pool: leer
[R1] Spieler 1: BonusplГӨttchen von Fabrik 1 genommen [2/2 diese Runde]
[R1] вҳҖпёҸ  KI: 1Г— rot von F3 вҶ’ Reihe 3 [1/3]
[R1] рҹҢҷ F3 Mond-Stapel: (schwarz, blauвҶ’gelb)
[R1] рҹ“Ұ Spieler 1: 1Г— vom Stapel gezogen вҲ’1 Pkt вҶ’ 4 Gesamt
[R1] Spieler 1: Kachel 8 вҶ’ Slot (2,0) rot=0В° [PlГӨttchen 2/2]
[R1] рҹҢҷ KI: 1 (1)Г— gelb von F3 вҶ’ Reihe 2 [2/2]
[R1] рҹҢҷ F3 Mond-Stapel: (schwarzвҶ’blau)
[R1] рҹҢҷ Spieler 1: 1 (1)Г— blau von F3 вҶ’ Reihe 6 [1/6]
[R1] рҹҢҷ F3 Mond-Stapel: (schwarz)
[R1] рҹҢҷ KI: 1 (1)Г— schwarz von F3 вҶ’ Reihe 6 [1/6]
[R1] рҹҢҷ F3 Mond-Stapel: leer
[R1] рҹҺҙ F3: BonusplГӨttchen aufgedeckt!
[R1] рҹҢҷ Spieler 1: 1 (1)Г— rot von F2 вҶ’ Strafleiste
[R1] вҡ пёҸ  Spieler 1: 1Г— auf Strafleiste (Slots 1вҖ“1, -1 Pkt Strafe)
[R1] рҹҢҷ F2 Mond-Stapel: (blau)
[R1] KI: BonusplГӨttchen von Fabrik 3 genommen [1/2 diese Runde]
[R1] рҹҢҷ Spieler 1: 1 (1)Г— blau von F2 вҶ’ Reihe 6 [2/6]
[R1] рҹҢҷ F2 Mond-Stapel: leer
[R1] рҹҺҙ F2: BonusplГӨttchen aufgedeckt!
